
--- NEW SESSION: 09/06/2021 13:40:45 ---
/AttachTwoWay/beam2/DOFs.force = 0.127585 0 -1.7452 0 0.630882 0 -0.638797 0 0.0140233 0 -8.56003e-05 0 0.689229 0 -0.0222782 0 -0.000305071 0 -0.178924 0 0.007822 0 0.00105838 0 -0.156213 0 0.00939656 0 0.000183964 0 -0.213453 0 0.0143614 0 0.001604 0 0.700852 0 -0.0549332 0 0.00103186 0 -0.330278 0 0.0208168 0 0.00187235 0
/AttachTwoWay/beam2/DOFs.velocity = 0 0 0 0 0 0 3.85839e-06 0 8.03257e-05 0 -0.000555817 0 1.16284e-05 0 5.03725e-05 0 0.00201035 0 4.39695e-07 0 -0.000249415 0 0.00466481 0 -2.3115e-05 0 -0.000702492 0 0.00494696 0 -6.17047e-05 0 -0.00132459 0 0.00787922 0 -0.000111643 0 -0.00206891 0 0.00714964 0 -0.000178165 0 -0.00292954 0 0.00979583 0
/AttachTwoWay/beam2/DOFs.derivX = 0 0 0 0 0 0 0 0 0 0 0 0 0 0 0 0 0 0 0 0 0 0 0 0 0 0 0 0 0 0 0 0 0 0 0 0 0 0 0 0 0 0 0 0 0 0 0 0
/AttachTwoWay/beam2/DOFs.10(V_DERIV) = 0 0 0 0 0 0 0 0 0 0 0 0 0 0 0 0 0 0 0 0 0 0 0 0 0 0 0 0 0 0 0 0 0 0 0 0 0 0 0 0 0 0 0 0 0 0 0 0
/AttachTwoWay/beam2/DOFs.12(V_DERIV) = 0 0 0 0 0 0 2.88116e-06 0 3.9862e-05 0 0.00040442 0 1.59007e-05 0 8.88519e-05 0 -0.000315477 0 -1.629e-06 0 -0.00031299 0 0.00904771 0 -3.40373e-05 0 -0.000867413 0 0.00250905 0 -9.44598e-05 0 -0.00180507 0 0.0162877 0 -0.00017916 0 -0.0030402 0 0.0080305 0 -0.000278121 0 -0.00429224 0 0.0163158 0
/AttachTwoWay/beam2/DOFs.9(V_DERIV) = 0 0 0 0 0 0 0 0 0 0 0 0 0 0 0 0 0 0 0 0 0 0 0 0 0 0 0 0 0 0 0 0 0 0 0 0 0 0 0 0 0 0 0 0 0 0 0 0
/AttachTwoWay/beam2/DOFs.showColor = 1 1 1 1
/AttachTwoWay/beam2/DOFs.velocity = 0 0 0 0 0 0 -3.41623e-10 0 0.000252358 0 -0.00445283 0 2.30717e-05 0 0.000956814 0 -0.00864988 0 7.79995e-05 0 0.00206871 0 -0.0123808 0 0.000165113 0 0.00353602 0 -0.0155239 0 0.000278734 0 0.00528877 0 -0.0179613 0 0.000410501 0 0.00724974 0 -0.0196144 0 0.000551935 0 0.00933732 0 -0.020443 0
/AttachTwoWay/beam2/DOFs.force = 0.000594376 0 -1.7504 0 0.595105 0 -0.70517 0 0.018034 0 0.00245928 0 -0.210045 0 0.0223794 0 0.00412961 0 0.111228 0 0.0053731 0 0.00556658 0 0.277731 0 -0.0114194 0 0.00673151 0 0.300709 0 -0.0187335 0 0.00759611 0 0.212405 0 -0.016205 0 0.00816506 0 0.0125472 0 -0.0056107 0 0.00850637 0
/AttachTwoWay/beam2/DOFs.derivX = 0 0 0 0 0 0 0 0 0 0 0 0 0 0 0 0 0 0 0 0 0 0 0 0 0 0 0 0 0 0 0 0 0 0 0 0 0 0 0 0 0 0 0 0 0 0 0 0
/AttachTwoWay/beam2/DOFs.9(V_DERIV) = 0 0 0 0 0 0 0 0 0 0 0 0 0 0 0 0 0 0 0 0 0 0 0 0 0 0 0 0 0 0 0 0 0 0 0 0 0 0 0 0 0 0 0 0 0 0 0 0
/AttachTwoWay/beam2/DOFs.12(V_DERIV) = 0 0 0 0 0 0 -1.23311e-07 0 -4.23292e-06 0 0.000932723 0 -3.51118e-06 0 -0.000100775 0 0.00172838 0 -1.27128e-05 0 -0.00028356 0 0.00243262 0 -2.8443e-05 0 -0.000544963 0 0.00302175 0 -5.00486e-05 0 -0.000873233 0 0.00347426 0 -7.60135e-05 0 -0.00125272 0 0.00377647 0 -0.000104347 0 -0.00166267 0 0.00392124 0
/AttachTwoWay/beam2/DOFs.10(V_DERIV) = 0 0 0 0 0 0 0 0 0 0 0 0 0 0 0 0 0 0 0 0 0 0 0 0 0 0 0 0 0 0 0 0 0 0 0 0 0 0 0 0 0 0 0 0 0 0 0 0
/AttachTwoWay/beam2/DOFs.showColor = 1 1 1 1
/AttachTwoWay/beam2/DOFs.force = 0.00679618 0 -1.75213 0 0.624707 0 -0.223265 0 0.00410432 0 0.00069914 0 -0.0751042 0 0.00224206 0 0.00142805 0 0.0260122 0 0.00325826 0 0.00201053 0 0.0813807 0 -0.00481724 0 0.00252888 0 0.094158 0 -0.00204162 0 0.00294297 0 0.0718568 0 -0.00544131 0 0.00317608 0 0.018165 0 -0.0017501 0 0.00335804 0
/AttachTwoWay/beam2/DOFs.velocity = 0 0 0 0 0 0 1.54804e-09 0 0.000113769 0 -0.00213715 0 6.04575e-06 0 0.000439674 0 -0.004138 0 2.11987e-05 0 0.000971024 0 -0.00591613 0 4.53243e-05 0 0.00166276 0 -0.00741313 0 7.7792e-05 0 0.00250547 0 -0.00857292 0 0.00011546 0 0.0034392 0 -0.00935854 0 0.000156497 0 0.0044415 0 -0.00975101 0
/AttachTwoWay/beam2/DOFs.derivX = 0 0 0 0 0 0 0 0 0 0 0 0 0 0 0 0 0 0 0 0 0 0 0 0 0 0 0 0 0 0 0 0 0 0 0 0 0 0 0 0 0 0 0 0 0 0 0 0
/AttachTwoWay/beam2/DOFs.10(V_DERIV) = 0 0 0 0 0 0 0 0 0 0 0 0 0 0 0 0 0 0 0 0 0 0 0 0 0 0 0 0 0 0 0 0 0 0 0 0 0 0 0 0 0 0 0 0 0 0 0 0
/AttachTwoWay/beam2/DOFs.9(V_DERIV) = 0 0 0 0 0 0 0 0 0 0 0 0 0 0 0 0 0 0 0 0 0 0 0 0 0 0 0 0 0 0 0 0 0 0 0 0 0 0 0 0 0 0 0 0 0 0 0 0
/AttachTwoWay/beam2/DOFs.12(V_DERIV) = 0 0 0 0 0 0 -1.28922e-09 0 2.46674e-06 0 7.78687e-07 0 -1.19537e-07 0 -4.84784e-06 0 1.69174e-06 0 1.17478e-07 0 5.55898e-06 0 2.33583e-06 0 -3.37619e-07 0 -6.9028e-06 0 2.95e-06 0 1.57914e-08 0 4.37552e-06 0 3.45928e-06 0 -4.44636e-07 0 -5.04865e-06 0 3.68488e-06 0 -3.54186e-07 0 -4.94319e-07 0 3.96856e-06 0
/AttachTwoWay/beam2/DOFs.showColor = 1 1 1 1
/AttachTwoWay/beam2/DOFs.force = -0.00845787 0 -1.75284 0 0.626059 0 0.0737396 0 -0.000962686 0 0.000738066 0 0.0263235 0 -0.00149948 0 0.00136993 0 -0.00646723 0 -0.000738415 0 0.00193236 0 -0.0246792 0 5.5104e-05 0 0.00240318 0 -0.0289692 0 0.000305827 0 0.00276332 0 -0.0220847 0 -6.73171e-05 0 0.00299947 0 -0.00940494 0 -0.000828554 0 0.00310539 0
/AttachTwoWay/beam2/DOFs.velocity = 0 0 0 0 0 0 4.85549e-08 0 -5.14776e-05 0 0.000999385 0 -2.56836e-06 0 -0.000204392 0 0.00193254 0 -9.30018e-06 0 -0.000448878 0 0.00276173 0 -2.04186e-05 0 -0.0007736 0 0.0034597 0 -3.53229e-05 0 -0.00116312 0 0.00400028 0 -5.29474e-05 0 -0.00160016 0 0.00436619 0 -7.20992e-05 0 -0.00206613 0 0.00454872 0
/AttachTwoWay/beam2/DOFs.derivX = 0 0 0 0 0 0 0 0 0 0 0 0 0 0 0 0 0 0 0 0 0 0 0 0 0 0 0 0 0 0 0 0 0 0 0 0 0 0 0 0 0 0 0 0 0 0 0 0
/AttachTwoWay/beam2/DOFs.12(V_DERIV) = 0 0 0 0 0 0 9.71897e-08 0 -1.28395e-05 0 0.000302096 0 -4.50487e-07 0 -5.61695e-05 0 0.000578327 0 -2.1682e-06 0 -0.000126687 0 0.000823619 0 -5.20316e-06 0 -0.000221076 0 0.00102981 0 -9.42025e-06 0 -0.000334869 0 0.00118914 0 -1.45224e-05 0 -0.000463109 0 0.00129652 0 -2.01559e-05 0 -0.000600513 0 0.0013494 0
/AttachTwoWay/beam2/DOFs.10(V_DERIV) = 0 0 0 0 0 0 0 0 0 0 0 0 0 0 0 0 0 0 0 0 0 0 0 0 0 0 0 0 0 0 0 0 0 0 0 0 0 0 0 0 0 0 0 0 0 0 0 0
/AttachTwoWay/beam2/DOFs.9(V_DERIV) = 0 0 0 0 0 0 0 0 0 0 0 0 0 0 0 0 0 0 0 0 0 0 0 0 0 0 0 0 0 0 0 0 0 0 0 0 0 0 0 0 0 0 0 0 0 0 0 0
/AttachTwoWay/beam2/DOFs.showColor = 1 1 1 1
/AttachTwoWay/beam2/DOFs.force = -0.00899674 0 -1.75205 0 0.623744 0 0.149594 0 -0.001571 0 0.000807827 0 0.0522466 0 -0.00229335 0 0.00152542 0 -0.0143016 0 -0.00103199 0 0.00216374 0 -0.05107 0 0.000269513 0 0.00269971 0 -0.0594854 0 0.000711662 0 0.00311307 0 -0.0452257 0 0.000183191 0 0.00339 0 -0.0227612 0 -0.000800553 0 0.00352284 0
/AttachTwoWay/beam2/DOFs.velocity = 0 0 0 0 0 0 4.50687e-08 0 -0.000102497 0 0.00196043 0 -4.03313e-06 0 -0.000404143 0 0.00379448 0 -1.43197e-05 0 -0.000885868 0 0.00542432 0 -3.11622e-05 0 -0.00152539 0 0.00679643 0 -5.36218e-05 0 -0.00229229 0 0.00785933 0 -8.0087e-05 0 -0.00315243 0 0.00857908 0 -0.000108776 0 -0.00406902 0 0.00893852 0
/AttachTwoWay/beam2/DOFs.derivX = 0 0 0 0 0 0 0 0 0 0 0 0 0 0 0 0 0 0 0 0 0 0 0 0 0 0 0 0 0 0 0 0 0 0 0 0 0 0 0 0 0 0 0 0 0 0 0 0
/AttachTwoWay/beam2/DOFs.10(V_DERIV) = 0 0 0 0 0 0 0 0 0 0 0 0 0 0 0 0 0 0 0 0 0 0 0 0 0 0 0 0 0 0 0 0 0 0 0 0 0 0 0 0 0 0 0 0 0 0 0 0
/AttachTwoWay/beam2/DOFs.9(V_DERIV) = 0 0 0 0 0 0 0 0 0 0 0 0 0 0 0 0 0 0 0 0 0 0 0 0 0 0 0 0 0 0 0 0 0 0 0 0 0 0 0 0 0 0 0 0 0 0 0 0
/AttachTwoWay/beam2/DOFs.12(V_DERIV) = 0 0 0 0 0 0 9.01949e-08 0 -1.58554e-05 0 0.00032863 0 -3.81224e-07 0 -6.5113e-05 0 0.000633508 0 -1.85744e-06 0 -0.000144408 0 0.000904361 0 -4.45942e-06 0 -0.000250048 0 0.00113224 0 -8.06702e-06 0 -0.000376994 0 0.00130859 0 -1.24208e-05 0 -0.000519587 0 0.00142779 0 -1.72124e-05 0 -0.000671766 0 0.00148702 0
/AttachTwoWay/beam2/DOFs.showColor = 1 1 1 1
/AttachTwoWay/beam2/DOFs.velocity = 6.87138e-06 0 -0.000395292 0 -0.00106561 0 4.77546e-06 0 -0.000286338 0 -0.00103225 0 2.90781e-06 0 -0.000189724 0 -0.000955622 0 1.38451e-06 0 -0.000109853 0 -0.000837405 0 3.26386e-07 0 -4.47238e-05 0 -0.000681352 0 -1.19863e-07 0 -2.26441e-06 0 -0.000493479 0 -1.28613e-07 0 1.33837e-05 0 -0.000280459 0 0 0 0 0 0 0 6.51487e-09 0 2.31465e-05 0 0.000278773 0 -1.4041e-07 0 1.2191e-05 0 0.000488199 0 -7.85776e-07 0 -3.15563e-05 0 0.00067258 0 -1.99132e-06 0 -0.000102601 0 0.000825922 0 -3.63511e-06 0 -0.000192433 0 0.000942773 0 -5.61348e-06 0 -0.000293555 0 0.00101937 0 -7.80099e-06 0 -0.000400988 0 0.00105346 0
/AttachTwoWay/beam2/DOFs.force = -0.0140712 0 0.00250307 0 0.00448622 0 -0.00593741 0 0.00302838 0 0.00418169 0 -0.00978621 0 0.00279018 0 0.00364331 0 -0.0247064 0 0.00251558 0 0.00289885 0 -0.0201624 0 0.00676884 0 0.00175181 0 0.0051707 0 0.00497387 0 0.000352005 0 0.0325258 0 0.00113604 0 -0.000864165 0 0.0163047 0 -1.81784 0 0.000151919 0 0.0725414 0 0.00822265 0 0.00190904 0 0.0250299 0 0.012475 0 -0.000147456 0 -0.0363498 0 0.0122223 0 -0.0022319 0 -0.0268802 0 0.00745718 0 -0.00384595 0 0.0164434 0 0.00136298 0 -0.00473252 0 0.00794417 0 -0.00192564 0 -0.00494221 0 -0.0380664 0 -0.0022708 0 -0.00468345 0
/AttachTwoWay/beam2/DOFs.derivX = 0 0 0 0 0 0 0 0 0 0 0 0 0 0 0 0 0 0 0 0 0 0 0 0 0 0 0 0 0 0 0 0 0 0 0 0 0 0 0 0 0 0 0 0 0 0 0 0 0 0 0 0 0 0 0 0 0 0 0 0 0 0 0 0 0 0 0 0 0 0 0 0 0 0 0 0 0 0 0 0 0 0 0 0 0 0 0 0 0 0
/AttachTwoWay/beam2/DOFs.9(V_DERIV) = 0 0 0 0 0 0 0 0 0 0 0 0 0 0 0 0 0 0 0 0 0 0 0 0 0 0 0 0 0 0 0 0 0 0 0 0 0 0 0 0 0 0 0 0 0 0 0 0 0 0 0 0 0 0 0 0 0 0 0 0 0 0 0 0 0 0 0 0 0 0 0 0 0 0 0 0 0 0 0 0 0 0 0 0 0 0 0 0 0 0
/AttachTwoWay/beam2/DOFs.12(V_DERIV) = -3.09685e-06 0 0.000212088 0 0.000122348 0 -2.95994e-06 0 0.000210585 0 0.000100208 0 -2.11089e-06 0 0.000168898 0 7.40386e-05 0 -1.85909e-06 0 0.000150542 0 4.47334e-05 0 -1.47531e-06 0 0.000126683 0 1.2092e-05 0 -5.94791e-07 0 7.56985e-05 0 -2.13225e-05 0 -2.53353e-07 0 5.2294e-05 0 -5.59113e-05 0 0 0 0 0 0 0 3.20049e-08 0 6.54791e-05 0 5.79374e-05 0 2.81365e-07 0 0.000104717 0 2.17517e-05 0 6.53044e-07 0 0.000141289 0 -1.34714e-05 0 8.84125e-07 0 0.000156642 0 -4.68251e-05 0 1.07435e-06 0 0.000164448 0 -7.59357e-05 0 1.4707e-06 0 0.000185815 0 -0.000100398 0 1.55566e-06 0 0.000194184 0 -0.00012026 0
/AttachTwoWay/beam2/DOFs.10(V_DERIV) = 0 0 0 0 0 0 0 0 0 0 0 0 0 0 0 0 0 0 0 0 0 0 0 0 0 0 0 0 0 0 0 0 0 0 0 0 0 0 0 0 0 0 0 0 0 0 0 0 0 0 0 0 0 0 0 0 0 0 0 0 0 0 0 0 0 0 0 0 0 0 0 0 0 0 0 0 0 0 0 0 0 0 0 0 0 0 0 0 0 0
/AttachTwoWay/beam2/DOFs.showColor = 1 1 1 1
/AttachTwoWay/beam2/DOFs.force = -0.00887638 0 -0.0012407 0 -0.000986228 0 -0.00746822 0 -0.00111082 0 -0.000899632 0 -0.0488872 0 -0.00273351 0 -0.00076454 0 -0.0156581 0 -0.000331964 0 -0.000627651 0 -0.0477357 0 -0.000228689 0 -0.000540026 0 0.0106725 0 0.00233618 0 -0.000472474 0 0.0300017 0 0.00214987 0 -0.000353811 0 0.0926905 0 -1.75707 0 0.000339465 0 0.0435379 0 -0.000545057 0 0.0005248 0 0.0307511 0 -0.00110145 0 0.000697862 0 -0.0127147 0 -0.000285823 0 0.000864533 0 -0.00211402 0 0.000120401 0 0.000988028 0 -0.0392606 0 0.00189733 0 0.00103623 0 -0.0233506 0 0.0013085 0 0.00103565 0 -0.00158813 0 0.000257932 0 0.00100164 0
/AttachTwoWay/beam2/DOFs.velocity = 6.97943e-05 0 -0.00199847 0 -0.00439647 0 5.16226e-05 0 -0.0015491 0 -0.00421975 0 3.48442e-05 0 -0.00112876 0 -0.00386556 0 2.0486e-05 0 -0.000752256 0 -0.00334245 0 9.52968e-06 0 -0.000435619 0 -0.00266743 0 2.78382e-06 0 -0.000196051 0 -0.00186599 0 4.45434e-08 0 -4.75994e-05 0 -0.000964356 0 0 0 0 0 0 0 -8.57362e-08 0 -1.84481e-05 0 0.000859889 0 -1.96192e-06 0 -0.000120931 0 0.00160936 0 -6.74898e-06 0 -0.000299868 0 0.00227373 0 -1.54474e-05 0 -0.000546042 0 0.00283032 0 -2.69472e-05 0 -0.000848829 0 0.00325823 0 -4.08201e-05 0 -0.00119436 0 0.00354401 0 -5.57042e-05 0 -0.00156616 0 0.00368074 0
/AttachTwoWay/beam2/DOFs.derivX = 0 0 0 0 0 0 0 0 0 0 0 0 0 0 0 0 0 0 0 0 0 0 0 0 0 0 0 0 0 0 0 0 0 0 0 0 0 0 0 0 0 0 0 0 0 0 0 0 0 0 0 0 0 0 0 0 0 0 0 0 0 0 0 0 0 0 0 0 0 0 0 0 0 0 0 0 0 0 0 0 0 0 0 0 0 0 0 0 0 0
/AttachTwoWay/beam2/DOFs.10(V_DERIV) = 0 0 0 0 0 0 0 0 0 0 0 0 0 0 0 0 0 0 0 0 0 0 0 0 0 0 0 0 0 0 0 0 0 0 0 0 0 0 0 0 0 0 0 0 0 0 0 0 0 0 0 0 0 0 0 0 0 0 0 0 0 0 0 0 0 0 0 0 0 0 0 0 0 0 0 0 0 0 0 0 0 0 0 0 0 0 0 0 0 0
/AttachTwoWay/beam2/DOFs.9(V_DERIV) = 0 0 0 0 0 0 0 0 0 0 0 0 0 0 0 0 0 0 0 0 0 0 0 0 0 0 0 0 0 0 0 0 0 0 0 0 0 0 0 0 0 0 0 0 0 0 0 0 0 0 0 0 0 0 0 0 0 0 0 0 0 0 0 0 0 0 0 0 0 0 0 0 0 0 0 0 0 0 0 0 0 0 0 0 0 0 0 0 0 0
/AttachTwoWay/beam2/DOFs.12(V_DERIV) = 2.11553e-06 0 -5.83558e-05 0 -0.000145049 0 1.7333e-06 0 -4.68888e-05 0 -0.000139848 0 1.35272e-06 0 -3.9277e-05 0 -0.000128304 0 9.67273e-07 0 -2.82878e-05 0 -0.000110803 0 3.01858e-07 0 -1.33429e-05 0 -8.84616e-05 0 3.80793e-08 0 -1.33872e-07 0 -6.24722e-05 0 -4.97214e-08 0 4.16271e-06 0 -3.34545e-05 0 0 0 0 0 0 0 -1.3832e-07 0 4.77515e-05 0 0.000141949 0 5.46834e-07 0 8.71465e-05 0 0.000161077 0 1.64043e-06 0 0.000119004 0 0.000174677 0 2.21235e-06 0 0.000143857 0 0.000180473 0 2.62249e-06 0 0.000157416 0 0.000178185 0 2.66531e-06 0 0.000160679 0 0.000168322 0 2.76106e-06 0 0.000156154 0 0.000151014 0
/AttachTwoWay/beam2/DOFs.showColor = 1 1 1 1
/AttachTwoWay/beam2/DOFs.force = 0.0172621 0 -0.00105703 0 -0.00710628 0 0.0482245 0 -0.00371142 0 -0.00679336 0 0.100058 0 0.00826019 0 -0.00650362 0 0.129917 0 0.00789627 0 -0.00640246 0 0.110786 0 0.0030322 0 -0.00577164 0 0.0338901 0 0.00103646 0 -0.00474353 0 -0.110289 0 -0.00495377 0 -0.00342177 0 -0.333719 0 -1.77586 0 0.00104047 0 -0.249715 0 0.00432319 0 0.00334744 0 -0.059622 0 0.00469076 0 0.00449088 0 0.0456653 0 0.00302054 0 0.00544429 0 0.1046 0 -0.000237127 0 0.00618737 0 0.115829 0 -0.00203997 0 0.00674229 0 0.0752431 0 -0.000839288 0 0.00699452 0 -0.0281294 0 -0.000136169 0 0.00696545 0
/AttachTwoWay/beam2/DOFs.velocity = -6.21932e-05 0 0.00293212 0 0.00615463 0 -4.68945e-05 0 0.00230118 0 0.00589314 0 -3.26616e-05 0 0.00171239 0 0.00538325 0 -2.00673e-05 0 0.0011766 0 0.00463698 0 -1.00374e-05 0 0.000713571 0 0.00367925 0 -3.45523e-06 0 0.000350603 0 0.00254669 0 -4.39896e-07 0 0.000109611 0 0.00127547 0 0 0 0 0 0 0 9.14195e-09 0 0.000108204 0 -0.00124754 0 2.67773e-06 0 0.0003427 0 -0.00249103 0 8.84635e-06 0 0.000691937 0 -0.00359844 0 1.84992e-05 0 0.0011411 0 -0.00453428 0 3.09534e-05 0 0.00167106 0 -0.00526338 0 4.52459e-05 0 0.00225906 0 -0.00576224 0 6.0426e-05 0 0.00288025 0 -0.00601903 0
/AttachTwoWay/beam2/DOFs.derivX = 0 0 0 0 0 0 0 0 0 0 0 0 0 0 0 0 0 0 0 0 0 0 0 0 0 0 0 0 0 0 0 0 0 0 0 0 0 0 0 0 0 0 0 0 0 0 0 0 0 0 0 0 0 0 0 0 0 0 0 0 0 0 0 0 0 0 0 0 0 0 0 0 0 0 0 0 0 0 0 0 0 0 0 0 0 0 0 0 0 0
/AttachTwoWay/beam2/DOFs.12(V_DERIV) = -2.21e-06 0 0.000194244 0 -0.000247006 0 -3.02179e-06 0 0.000220394 0 -0.000269784 0 -3.35987e-06 0 0.000228553 0 -0.000282012 0 -2.58518e-06 0 0.000191833 0 -0.000281645 0 -1.49185e-06 0 0.000138662 0 -0.000266532 0 -8.76907e-07 0 9.97436e-05 0 -0.00023857 0 -4.81163e-07 0 6.44916e-05 0 -0.000203222 0 0 0 0 0 0 0 1.98813e-08 0 5.9378e-05 0 0.00020153 0 6.16239e-07 0 0.00011361 0 0.000235326 0 1.40958e-06 0 0.000159811 0 0.000260473 0 1.9812e-06 0 0.000186392 0 0.000273977 0 2.26309e-06 0 0.000199743 0 0.000275592 0 2.40846e-06 0 0.00021006 0 0.000265137 0 2.25027e-06 0 0.000210018 0 0.000242089 0
/AttachTwoWay/beam2/DOFs.10(V_DERIV) = 0 0 0 0 0 0 0 0 0 0 0 0 0 0 0 0 0 0 0 0 0 0 0 0 0 0 0 0 0 0 0 0 0 0 0 0 0 0 0 0 0 0 0 0 0 0 0 0 0 0 0 0 0 0 0 0 0 0 0 0 0 0 0 0 0 0 0 0 0 0 0 0 0 0 0 0 0 0 0 0 0 0 0 0 0 0 0 0 0 0
/AttachTwoWay/beam2/DOFs.9(V_DERIV) = 0 0 0 0 0 0 0 0 0 0 0 0 0 0 0 0 0 0 0 0 0 0 0 0 0 0 0 0 0 0 0 0 0 0 0 0 0 0 0 0 0 0 0 0 0 0 0 0 0 0 0 0 0 0 0 0 0 0 0 0 0 0 0 0 0 0 0 0 0 0 0 0 0 0 0 0 0 0 0 0 0 0 0 0 0 0 0 0 0 0
/AttachTwoWay/beam2/DOFs.showColor = 1 1 1 1

--- NEW SESSION: 11/06/2021 11:58:38 ---
/AttachTwoWay/beam2/DOFs.velocity = 3.79674e-06 0 -0.000143849 0 -0.00031582 0 2.80366e-06 0 -0.000111458 0 -0.000303112 0 1.88692e-06 0 -8.10585e-05 0 -0.000277672 0 1.10727e-06 0 -5.39519e-05 0 -0.000240109 0 5.19411e-07 0 -3.13444e-05 0 -0.000191622 0 1.55479e-07 0 -1.43114e-05 0 -0.000134031 0 4.81581e-09 0 -3.63992e-06 0 -6.92262e-05 0 0 0 0 0 0 0 -7.15477e-13 0 -3.60838e-06 0 6.86292e-05 0 -1.41547e-07 0 -1.41878e-05 0 0.000132873 0 -4.94255e-07 0 -3.10736e-05 0 0.000189962 0 -1.07035e-06 0 -5.34851e-05 0 0.000238024 0 -1.83882e-06 0 -8.03563e-05 0 0.000275256 0 -2.74544e-06 0 -0.000110491 0 0.00030047 0 -3.72934e-06 0 -0.0001426 0 0.000313066 0
/AttachTwoWay/beam2/DOFs.force = -0.000332966 0 -2.48809e-05 0 -3.21616e-05 0 -0.00129947 0 -5.09203e-05 0 -3.08673e-05 0 -0.0019698 0 -6.51888e-05 0 -2.82766e-05 0 -0.00211667 0 -5.69214e-05 0 -2.44512e-05 0 -0.00153527 0 -2.01826e-05 0 -1.95134e-05 0 -0.000165736 0 3.51762e-05 0 -1.36487e-05 0 0.00216407 0 8.16125e-05 0 -7.04948e-06 0 0.00525689 0 -1.75643 0 2.59271e-05 0 0.00424112 0 -4.6001e-05 0 7.12881e-06 0 0.00150026 0 -6.3052e-05 0 1.3802e-05 0 -0.000397109 0 -2.50939e-05 0 1.97321e-05 0 -0.0014813 0 1.66442e-05 0 2.47246e-05 0 -0.00177734 0 3.66916e-05 0 2.85921e-05 0 -0.00143246 0 3.03967e-05 0 3.12113e-05 0 -0.000654229 0 5.1459e-06 0 3.25198e-05 0
/AttachTwoWay/beam2/DOFs.derivX = 0 0 0 0 0 0 0 0 0 0 0 0 0 0 0 0 0 0 0 0 0 0 0 0 0 0 0 0 0 0 0 0 0 0 0 0 0 0 0 0 0 0 0 0 0 0 0 0 0 0 0 0 0 0 0 0 0 0 0 0 0 0 0 0 0 0 0 0 0 0 0 0 0 0 0 0 0 0 0 0 0 0 0 0 0 0 0 0 0 0
/AttachTwoWay/beam2/DOFs.9(V_DERIV) = 0 0 0 0 0 0 0 0 0 0 0 0 0 0 0 0 0 0 0 0 0 0 0 0 0 0 0 0 0 0 0 0 0 0 0 0 0 0 0 0 0 0 0 0 0 0 0 0 0 0 0 0 0 0 0 0 0 0 0 0 0 0 0 0 0 0 0 0 0 0 0 0 0 0 0 0 0 0 0 0 0 0 0 0 0 0 0 0 0 0
/AttachTwoWay/beam2/DOFs.10(V_DERIV) = 0 0 0 0 0 0 0 0 0 0 0 0 0 0 0 0 0 0 0 0 0 0 0 0 0 0 0 0 0 0 0 0 0 0 0 0 0 0 0 0 0 0 0 0 0 0 0 0 0 0 0 0 0 0 0 0 0 0 0 0 0 0 0 0 0 0 0 0 0 0 0 0 0 0 0 0 0 0 0 0 0 0 0 0 0 0 0 0 0 0
/AttachTwoWay/beam2/DOFs.12(V_DERIV) = 2.82227e-07 0 -1.08057e-05 0 -2.37241e-05 0 2.07574e-07 0 -8.37252e-06 0 -2.27694e-05 0 1.38803e-07 0 -6.08897e-06 0 -2.08583e-05 0 8.05534e-08 0 -4.05276e-06 0 -1.80364e-05 0 3.6953e-08 0 -2.35454e-06 0 -1.43941e-05 0 1.03532e-08 0 -1.07505e-06 0 -1.0068e-05 0 -1.91206e-10 0 -2.73425e-07 0 -5.20005e-06 0 0 0 0 0 0 0 -5.55329e-14 0 -2.77227e-07 0 5.27269e-06 0 -1.13388e-08 0 -1.09002e-06 0 1.02084e-05 0 -3.90747e-08 0 -2.38732e-06 0 1.45945e-05 0 -8.39504e-08 0 -4.10915e-06 0 1.82871e-05 0 -1.43465e-07 0 -6.17362e-06 0 2.11476e-05 0 -2.1342e-07 0 -8.48883e-06 0 2.30849e-05 0 -2.8917e-07 0 -1.09557e-05 0 2.40527e-05 0
/AttachTwoWay/beam2/DOFs.showColor = 1 1 1 1
