
--- NEW SESSION: 30/04/2021 10:13:38 ---
/Attach_1/Mass1/ConstraintPoint_mass_1/points_mass_1.showColor = 1 1 1 1
/Attach_1/Mass1/ConstraintPoint_mass_1/points_mass_1.showColor = 1 1 1 1
/Attach_1/Mass1/ConstraintPoint_mass_1/points_mass_1.showColor = 1 1 1 1

--- NEW SESSION: 01/05/2021 13:19:37 ---
/Attach_1/Mass1/DOF_Mass_1.velocity = 7.06761 0 19.5227 0 0 0
/Attach_1/Mass1/DOF_Mass_1.free_velocity = 7.07333 0 -468.758 0 0 0
/Attach_1/Mass1/DOF_Mass_1.constraint = 0 1 0 1 0 0 0 0 0  
1 1 0 0 1 0 0 0 0  
2 1 0 0 0 1 0 0 0  

/Attach_1/Mass1/DOF_Mass_1.9(V_DERIV) = -0.000265425 0 22.6562 0 0 0
/Attach_1/Mass1/DOF_Mass_1.10(V_DERIV) = -0.000286019 0 24.4141 0 0 0
/Attach_1/Mass1/DOF_Mass_1.12(V_DERIV) = -0.0353666 0 -488.156 0 0 0
/Attach_1/Mass1/DOF_Mass_1.showColor = 1 1 1 1
/Attach_1/Mass1/DOF_Mass_1.force = 0 0 -455.184 0 0 0
/Attach_1/Mass1/DOF_Mass_1.velocity = -0.753828 0 -9.30789 0 0 0
/Attach_1/Mass1/DOF_Mass_1.constraint = 0 1 0 1 0 0 0 0 0  
1 1 0 0 1 0 0 0 0  
2 1 0 0 0 1 0 0 0  

/Attach_1/Mass1/DOF_Mass_1.free_velocity = -0.7869 0 -497.328 0 0 0
/Attach_1/Mass1/DOF_Mass_1.9(V_DERIV) = 0.00153452 0 22.6442 0 0 0
/Attach_1/Mass1/DOF_Mass_1.10(V_DERIV) = 0.00165358 0 24.401 0 0 0
/Attach_1/Mass1/DOF_Mass_1.12(V_DERIV) = 0.0039345 0 -488.013 0 0 0
/Attach_1/Mass1/DOF_Mass_1.showColor = 1 1 1 1

--- NEW SESSION: 04/05/2021 13:16:32 ---
/Attach_1/Beam/Particles.position = -746.531 -7.65 -12.3225 -597.218 -7.65 -10.1427 -447.907 -7.65 -7.70478 -298.603 -7.65 -5.02061 -149.304 -7.65 -2.6219 1.13687e-13 -7.65 -1.5402 149.316 -7.65 -2.72203 298.623 -7.65 -5.44341 447.926 -7.65 -8.68647 597.23 -7.65 -11.8793 746.533 -7.65 -14.9198 -746.575 -7.65 -9.24263 -597.265 -7.65 -7.06254 -447.961 -7.65 -4.62487 -298.659 -7.65 -1.94068 -149.344 -7.65 0.458291 1.13687e-13 -7.65 1.5402 149.36 -7.65 0.357926 298.687 -7.65 -2.36387 447.994 -7.65 -5.60695 597.294 -7.65 -8.79965 746.595 -7.65 -11.8401 -746.531 7.65 -12.3229 -597.218 7.65 -10.1426 -447.907 7.65 -7.70488 -298.603 7.65 -5.02051 -149.304 7.65 -2.62184 1.13687e-13 7.65 -1.5402 149.316 7.65 -2.72184 298.623 7.65 -5.44342 447.926 7.65 -8.68646 597.23 7.65 -11.8799 746.533 7.65 -14.9192 -746.575 7.65 -9.24267 -597.265 7.65 -7.0626 -447.961 7.65 -4.6249 -298.659 7.65 -1.94061 -149.344 7.65 0.458382 1.13687e-13 7.65 1.5402 149.36 7.65 0.358151 298.688 7.65 -2.3638 447.993 7.65 -5.60683 597.294 7.65 -8.80024 746.595 7.65 -11.8395
/Attach_1/Beam/Particles.constraint = 0 40 0 0 0 0  1 0 0 0  2 0 0 0  3 0 0 0  4 0 0 0  6 0 0 0  7 0 0 0  8 0 0 0  9 0.0818934 0 0  10 0.234591 0 0  11 0 0 0  12 0 0 0  13 0 0 0  14 0 0 0  15 0 0 0  17 0 0 0  18 0 0 0  19 0 0 0  20 -0.211273 0 0  21 -0.605212 0 0  22 0 0 0  23 0 0 0  24 0 0 0  25 0 0 0  26 0 0 0  28 0 0 0  29 0 0 0  30 0 0 0  31 0.0818934 0 0  32 0.234591 0 0  33 0 0 0  34 0 0 0  35 0 0 0  36 0 0 0  37 0 0 0  39 0 0 0  40 0 0 0  41 0 0 0  42 -0.211273 0 0  43 -0.605212 0 0  
1 40 0 0 0 0  1 0 0 0  2 0 0 0  3 0 0 0  4 0 0 0  6 0 0 0  7 0 0 0  8 0 0 0  9 0 0 0  10 0 0 0  11 0 0 0  12 0 0 0  13 0 0 0  14 0 0 0  15 0 0 0  17 0 0 0  18 0 0 0  19 0 0 0  20 0 0 0  21 0 0 0  22 0 0 0  23 0 0 0  24 0 0 0  25 0 0 0  26 0 0 0  28 0 0 0  29 0 0 0  30 0 0 0  31 0 0 0  32 0 0 0  33 0 0 0  34 0 0 0  35 0 0 0  36 0 0 0  37 0 0 0  39 0 0 0  40 0 0 0  41 0 0 0  42 0 0 0  43 0 0 0  
2 40 0 0 0 0  1 0 0 0  2 0 0 0  3 0 0 0  4 0 0 0  6 0 0 0  7 0 0 0  8 0 0 0  9 0 0 0.0818934  10 0 0 0.234591  11 0 0 0  12 0 0 0  13 0 0 0  14 0 0 0  15 0 0 0  17 0 0 0  18 0 0 0  19 0 0 0  20 0 0 -0.211273  21 0 0 -0.605212  22 0 0 0  23 0 0 0  24 0 0 0  25 0 0 0  26 0 0 0  28 0 0 0  29 0 0 0  30 0 0 0  31 0 0 0.0818934  32 0 0 0.234591  33 0 0 0  34 0 0 0  35 0 0 0  36 0 0 0  37 0 0 0  39 0 0 0  40 0 0 0  41 0 0 0  42 0 0 -0.211273  43 0 0 -0.605212  
3 40 0 0.243069 0 0  1 0.0734158 0 0  2 0 0 0  3 0 0 0  4 0 0 0  6 0 0 0  7 0 0 0  8 0 0 0  9 0 0 0  10 0 0 0  11 -0.627083 0 0  12 -0.189402 0 0  13 0 0 0  14 0 0 0  15 0 0 0  17 0 0 0  18 0 0 0  19 0 0 0  20 0 0 0  21 0 0 0  22 0.243069 0 0  23 0.0734158 0 0  24 0 0 0  25 0 0 0  26 0 0 0  28 0 0 0  29 0 0 0  30 0 0 0  31 0 0 0  32 0 0 0  33 -0.627083 0 0  34 -0.189402 0 0  35 0 0 0  36 0 0 0  37 0 0 0  39 0 0 0  40 0 0 0  41 0 0 0  42 0 0 0  43 0 0 0  
4 40 0 0 0 0  1 0 0 0  2 0 0 0  3 0 0 0  4 0 0 0  6 0 0 0  7 0 0 0  8 0 0 0  9 0 0 0  10 0 0 0  11 0 0 0  12 0 0 0  13 0 0 0  14 0 0 0  15 0 0 0  17 0 0 0  18 0 0 0  19 0 0 0  20 0 0 0  21 0 0 0  22 0 0 0  23 0 0 0  24 0 0 0  25 0 0 0  26 0 0 0  28 0 0 0  29 0 0 0  30 0 0 0  31 0 0 0  32 0 0 0  33 0 0 0  34 0 0 0  35 0 0 0  36 0 0 0  37 0 0 0  39 0 0 0  40 0 0 0  41 0 0 0  42 0 0 0  43 0 0 0  
5 40 0 0 0 0.243069  1 0 0 0.0734158  2 0 0 0  3 0 0 0  4 0 0 0  6 0 0 0  7 0 0 0  8 0 0 0  9 0 0 0  10 0 0 0  11 0 0 -0.627083  12 0 0 -0.189402  13 0 0 0  14 0 0 0  15 0 0 0  17 0 0 0  18 0 0 0  19 0 0 0  20 0 0 0  21 0 0 0  22 0 0 0.243069  23 0 0 0.0734158  24 0 0 0  25 0 0 0  26 0 0 0  28 0 0 0  29 0 0 0  30 0 0 0  31 0 0 0  32 0 0 0  33 0 0 -0.627083  34 0 0 -0.189402  35 0 0 0  36 0 0 0  37 0 0 0  39 0 0 0  40 0 0 0  41 0 0 0  42 0 0 0  43 0 0 0  

/Attach_1/Beam/Particles.showColor = 1 1 1 1
/Attach_1/Mass1/DOF_Mass_1.velocity = 329.706 -6.1953e-29 -3.55262e+06 0 0 0
/Attach_1/Mass1/DOF_Mass_1.position = 708.019 -3.19744e-13 1.76939 0.707107 0 0 0.707107
/Attach_1/Mass1/DOF_Mass_1.constraint = 0 1 0 1 0 0 0 0 0  
1 1 0 0 1 0 0 0 0  
2 1 0 0 0 1 0 0 0  

/Attach_1/Mass1/DOF_Mass_1.free_velocity = -560.567 -6.1953e-29 2.27596e+06 0 0 0
/Attach_1/Mass1/DOF_Mass_1.12(V_DERIV) = 7.17829 7.93333e-31 -30400.8 0 0 0
/Attach_1/Mass1/DOF_Mass_1.9(V_DERIV) = 41.3087 0 -270446 0 0 0
/Attach_1/Mass1/DOF_Mass_1.10(V_DERIV) = 44.5137 0 -291429 0 0 0
/Attach_1/Mass1/DOF_Mass_1.showColor = 1 1 1 1

--- NEW SESSION: 04/05/2021 16:54:36 ---
/Attach_1/Mass1/DOF_Mass_1.velocity = 0.0774378 3.3173e-31 -3.51863 0 0 0
/Attach_1/Mass1/DOF_Mass_1.free_velocity = 0.0945243 3.3173e-31 -974.64 0 0 0
/Attach_1/Mass1/DOF_Mass_1.constraint = 0 1 0 1 0 0 0 0 0  
1 1 0 0 1 0 0 0 0  
2 1 0 0 0 1 0 0 0  

/Attach_1/Mass1/DOF_Mass_1.9(V_DERIV) = -0.000792813 0 45.06 0 0 0
/Attach_1/Mass1/DOF_Mass_1.10(V_DERIV) = -0.00170865 0 97.1121 0 0 0
/Attach_1/Mass1/DOF_Mass_1.12(V_DERIV) = -0.000945243 -3.3173e-33 -971.254 0 0 0
/Attach_1/Mass1/DOF_Mass_1.showColor = 1 1 1 1
/Attach_1/Mass1/DOF_Mass_1.velocity = 0.0774378 3.3173e-31 -3.51863 0 0 0
/Attach_1/Mass1/DOF_Mass_1.free_velocity = 0.0945243 3.3173e-31 -974.64 0 0 0
/Attach_1/Mass1/DOF_Mass_1.constraint = 0 1 0 1 0 0 0 0 0  
1 1 0 0 1 0 0 0 0  
2 1 0 0 0 1 0 0 0  

/Attach_1/Mass1/DOF_Mass_1.9(V_DERIV) = -0.000792813 0 45.06 0 0 0
/Attach_1/Mass1/DOF_Mass_1.10(V_DERIV) = -0.00170865 0 97.1121 0 0 0
/Attach_1/Mass1/DOF_Mass_1.12(V_DERIV) = -0.000945243 -3.3173e-33 -971.254 0 0 0
/Attach_1/Mass1/DOF_Mass_1.showColor = 1 1 1 1
/Attach_1/Mass1/DOF_Mass_1.velocity = 0.0774378 3.3173e-31 -3.51863 0 0 0
/Attach_1/Mass1/DOF_Mass_1.free_velocity = 0.0945243 3.3173e-31 -974.64 0 0 0
/Attach_1/Mass1/DOF_Mass_1.constraint = 0 1 0 1 0 0 0 0 0  
1 1 0 0 1 0 0 0 0  
2 1 0 0 0 1 0 0 0  

/Attach_1/Mass1/DOF_Mass_1.9(V_DERIV) = -0.000792813 0 45.06 0 0 0
/Attach_1/Mass1/DOF_Mass_1.10(V_DERIV) = -0.00170865 0 97.1121 0 0 0
/Attach_1/Mass1/DOF_Mass_1.12(V_DERIV) = -0.000945243 -3.3173e-33 -971.254 0 0 0
/Attach_1/Mass1/DOF_Mass_1.showColor = 1 1 1 1
/Attach_1/Mass1/DOF_Mass_1.velocity = 0.134607 0 -2.06154 0 0 0
/Attach_1/Mass1/DOF_Mass_1.free_velocity = 0.130984 0 -973.275 0 0 0
/Attach_1/Mass1/DOF_Mass_1.constraint = 0 1 0 1 0 0 0 0 0  
1 1 0 0 1 0 0 0 0  
2 1 0 0 0 1 0 0 0  

/Attach_1/Mass1/DOF_Mass_1.12(V_DERIV) = -0.00130984 0 -971.267 0 0 0
/Attach_1/Mass1/DOF_Mass_1.9(V_DERIV) = 0.000168122 0 45.0643 0 0 0
/Attach_1/Mass1/DOF_Mass_1.10(V_DERIV) = 0.000362332 0 97.1214 0 0 0
/Attach_1/Mass1/DOF_Mass_1.showColor = 1 1 1 1
/Attach_1/Mass1/DOF_Mass_1.velocity = -7.17713 -4.34778e-322 -5483.94 0 0 0
/Attach_1/Mass1/DOF_Mass_1.free_velocity = -6.71678 -4.34778e-322 -6416.91 0 0 0
/Attach_1/Mass1/DOF_Mass_1.constraint = 0 1 0 1 0 0 0 0 0  
1 1 0 0 1 0 0 0 0  
2 1 0 0 0 1 0 0 0  

/Attach_1/Mass1/DOF_Mass_1.9(V_DERIV) = -0.0213605 0 43.29 0 0 0
/Attach_1/Mass1/DOF_Mass_1.10(V_DERIV) = -0.322249 0 653.083 0 0 0
/Attach_1/Mass1/DOF_Mass_1.12(V_DERIV) = 0.068534 0 -935.479 0 0 0
/Attach_1/Mass1/DOF_Mass_1.showColor = 1 1 1 1
/Attach_1/Mass1/DOF_Mass_1.velocity = -0.00162508 4.5594e-30 -5464.26 0 0 0
/Attach_1/Mass1/DOF_Mass_1.free_velocity = -0.00148266 4.5594e-30 -6366.75 0 0 0
/Attach_1/Mass1/DOF_Mass_1.constraint = 0 1 0 1 0 0 0 0 0  
1 1 0 0 1 0 0 0 0  
2 1 0 0 0 1 0 0 0  

/Attach_1/Mass1/DOF_Mass_1.9(V_DERIV) = -6.60813e-06 0 41.8757 0 0 0
/Attach_1/Mass1/DOF_Mass_1.10(V_DERIV) = -9.96916e-05 0 631.746 0 0 0
/Attach_1/Mass1/DOF_Mass_1.12(V_DERIV) = 1.47117e-05 -4.52406e-32 -910.223 0 0 0
/Attach_1/Mass1/DOF_Mass_1.showColor = 1 1 1 1
/Attach_1/Mass1/DOF_Mass_1.velocity = -0.000157919 -2.76864e-31 -5588.83 0 0 0
/Attach_1/Mass1/DOF_Mass_1.free_velocity = -0.000159802 -2.76864e-31 -6451.54 0 0 0
/Attach_1/Mass1/DOF_Mass_1.constraint = 0 1 0 1 0 0 0 0 0  
1 1 0 0 1 0 0 0 0  
2 1 0 0 0 1 0 0 0  

/Attach_1/Mass1/DOF_Mass_1.12(V_DERIV) = 1.49581e-06 2.59156e-33 -857.866 0 0 0
/Attach_1/Mass1/DOF_Mass_1.9(V_DERIV) = 8.7365e-08 0 40.0294 0 0 0
/Attach_1/Mass1/DOF_Mass_1.10(V_DERIV) = 1.31801e-06 0 603.891 0 0 0
/Attach_1/Mass1/DOF_Mass_1.showColor = 1 1 1 1
/Attach_1/Mass1/DOF_Mass_1.velocity = 3.19488e-06 -1.62849e-35 -5563.74 0 0 0
/Attach_1/Mass1/DOF_Mass_1.constraint = 0 1 0 1 0 0 0 0 0  
1 1 0 0 1 0 0 0 0  
2 1 0 0 0 1 0 0 0  

/Attach_1/Mass1/DOF_Mass_1.free_velocity = 9.21058e-07 -1.62849e-35 -6347.78 0 0 0
/Attach_1/Mass1/DOF_Mass_1.12(V_DERIV) = -7.96347e-09 1.40799e-37 -793.29 0 0 0
/Attach_1/Mass1/DOF_Mass_1.10(V_DERIV) = 1.59167e-06 0 548.829 0 0 0
/Attach_1/Mass1/DOF_Mass_1.9(V_DERIV) = 1.05505e-07 0 36.3795 0 0 0
/Attach_1/Mass1/DOF_Mass_1.showColor = 1 1 1 1
