
--- NEW SESSION: 07/04/2021 11:09:53 ---
/Attach_1/Beam/Particles.position = -746.64 -7.65 -1.5402 -597.312 -7.65 -1.5402 -447.984 -7.65 -1.5402 -298.656 -7.65 -1.5402 -149.328 -7.65 -1.5402 1.13687e-13 -7.65 -1.5402 149.328 -7.65 -1.5402 298.656 -7.65 -1.5402 447.984 -7.65 -1.5402 597.312 -7.65 -1.5402 746.64 -7.65 -1.5402 -746.64 -7.65 1.5402 -597.312 -7.65 1.5402 -447.984 -7.65 1.5402 -298.656 -7.65 1.5402 -149.328 -7.65 1.5402 1.13687e-13 -7.65 1.5402 149.328 -7.65 1.5402 298.656 -7.65 1.5402 447.984 -7.65 1.5402 597.312 -7.65 1.5402 746.64 -7.65 1.5402 -746.64 7.65 -1.5402 -597.312 7.65 -1.5402 -447.984 7.65 -1.5402 -298.656 7.65 -1.5402 -149.328 7.65 -1.5402 1.13687e-13 7.65 -1.5402 149.328 7.65 -1.5402 298.656 7.65 -1.5402 447.984 7.65 -1.5402 597.312 7.65 -1.5402 746.64 7.65 -1.5402 -746.64 7.65 1.5402 -597.312 7.65 1.5402 -447.984 7.65 1.5402 -298.656 7.65 1.5402 -149.328 7.65 1.5402 1.13687e-13 7.65 1.5402 149.328 7.65 1.5402 298.656 7.65 1.5402 447.984 7.65 1.5402 597.312 7.65 1.5402 746.64 7.65 1.5402
/Attach_1/Beam/Particles.velocity = 0 0 0 0 0 0 0 0 0 0 0 0 0 0 0 0 0 38 0 0 0 0 0 0 0 0 0 0 0 0 0 0 0 0 0 0 0 0 0 0 0 0 0 0 0 0 0 0 0 0 38 0 0 0 0 0 0 0 0 0 0 0 0 0 0 0 0 0 0 0 0 0 0 0 0 0 0 0 0 0 0 0 0 38 0 0 0 0 0 0 0 0 0 0 0 0 0 0 0 0 0 0 0 0 0 0 0 0 0 0 0 0 0 0 0 0 38 0 0 0 0 0 0 0 0 0 0 0 0 0 0 0
/Attach_1/Beam/Particles.showColor = 1 1 1 1
/Attach_1/Beam/Particles.showColor = 1 1 1 1
/Attach_1/Beam/Particles.position = -746.64 -7.65 -1.5402 -597.312 -7.65 -1.5402 -447.984 -7.65 -1.5402 -298.656 -7.65 -1.5402 -149.328 -7.65 -1.5402 1.13687e-13 -7.65 -1.5402 149.328 -7.65 -1.5402 298.656 -7.65 -1.5402 447.984 -7.65 -1.5402 597.312 -7.65 -1.5402 746.64 -7.65 -1.5402 -746.64 -7.65 1.5402 -597.312 -7.65 1.5402 -447.984 -7.65 1.5402 -298.656 -7.65 1.5402 -149.328 -7.65 1.5402 1.13687e-13 -7.65 1.5402 149.328 -7.65 1.5402 298.656 -7.65 1.5402 447.984 -7.65 1.5402 597.312 -7.65 1.5402 746.64 -7.65 1.5402 -746.64 7.65 -1.5402 -597.312 7.65 -1.5402 -447.984 7.65 -1.5402 -298.656 7.65 -1.5402 -149.328 7.65 -1.5402 1.13687e-13 7.65 -1.5402 149.328 7.65 -1.5402 298.656 7.65 -1.5402 447.984 7.65 -1.5402 597.312 7.65 -1.5402 746.64 7.65 -1.5402 -746.64 7.65 1.5402 -597.312 7.65 1.5402 -447.984 7.65 1.5402 -298.656 7.65 1.5402 -149.328 7.65 1.5402 1.13687e-13 7.65 1.5402 149.328 7.65 1.5402 298.656 7.65 1.5402 447.984 7.65 1.5402 597.312 7.65 1.5402 746.64 7.65 1.5402
/Attach_1/Beam/Particles.showColor = 1 1 1 1
/Attach_1/Beam/Particles.position = -746.64 -7.65 -1.5402 -597.312 -7.65 -1.5402 -447.984 -7.65 -1.5402 -298.656 -7.65 -1.5402 -149.328 -7.65 -1.5402 1.13687e-13 -7.65 -1.5402 149.328 -7.65 -1.5402 298.656 -7.65 -1.5402 447.984 -7.65 -1.5402 597.312 -7.65 -1.5402 746.64 -7.65 -1.5402 -746.64 -7.65 1.5402 -597.312 -7.65 1.5402 -447.984 -7.65 1.5402 -298.656 -7.65 1.5402 -149.328 -7.65 1.5402 1.13687e-13 -7.65 1.5402 149.328 -7.65 1.5402 298.656 -7.65 1.5402 447.984 -7.65 1.5402 597.312 -7.65 1.5402 746.64 -7.65 1.5402 -746.64 7.65 -1.5402 -597.312 7.65 -1.5402 -447.984 7.65 -1.5402 -298.656 7.65 -1.5402 -149.328 7.65 -1.5402 1.13687e-13 7.65 -1.5402 149.328 7.65 -1.5402 298.656 7.65 -1.5402 447.984 7.65 -1.5402 597.312 7.65 -1.5402 746.64 7.65 -1.5402 -746.64 7.65 1.5402 -597.312 7.65 1.5402 -447.984 7.65 1.5402 -298.656 7.65 1.5402 -149.328 7.65 1.5402 1.13687e-13 7.65 1.5402 149.328 7.65 1.5402 298.656 7.65 1.5402 447.984 7.65 1.5402 597.312 7.65 1.5402 746.64 7.65 1.5402
/Attach_1/Beam/Particles.showColor = 1 1 1 1
/Attach_1/Beam/Particles.position = -746.64 -7.65 -1.5402 -597.312 -7.65 -1.5402 -447.984 -7.65 -1.5402 -298.656 -7.65 -1.5402 -149.328 -7.65 -1.5402 1.13687e-13 -7.65 -1.5402 149.328 -7.65 -1.5402 298.656 -7.65 -1.5402 447.984 -7.65 -1.5402 597.312 -7.65 -1.5402 746.64 -7.65 -1.5402 -746.64 -7.65 1.5402 -597.312 -7.65 1.5402 -447.984 -7.65 1.5402 -298.656 -7.65 1.5402 -149.328 -7.65 1.5402 1.13687e-13 -7.65 1.5402 149.328 -7.65 1.5402 298.656 -7.65 1.5402 447.984 -7.65 1.5402 597.312 -7.65 1.5402 746.64 -7.65 1.5402 -746.64 7.65 -1.5402 -597.312 7.65 -1.5402 -447.984 7.65 -1.5402 -298.656 7.65 -1.5402 -149.328 7.65 -1.5402 1.13687e-13 7.65 -1.5402 149.328 7.65 -1.5402 298.656 7.65 -1.5402 447.984 7.65 -1.5402 597.312 7.65 -1.5402 746.64 7.65 -1.5402 -746.64 7.65 1.5402 -597.312 7.65 1.5402 -447.984 7.65 1.5402 -298.656 7.65 1.5402 -149.328 7.65 1.5402 1.13687e-13 7.65 1.5402 149.328 7.65 1.5402 298.656 7.65 1.5402 447.984 7.65 1.5402 597.312 7.65 1.5402 746.64 7.65 1.5402
/Attach_1/Beam/Particles.showColor = 1 1 1 1

--- NEW SESSION: 12/04/2021 11:58:10 ---
/Attach_1/Beam/Particles.showColor = 1 1 1 1
/Attach_1/Beam/Particles.position = -746.64 -7.65 -1.5402 -597.312 -7.65 -1.5402 -447.984 -7.65 -1.5402 -298.656 -7.65 -1.5402 -149.328 -7.65 -1.5402 1.13687e-13 -7.65 -1.5402 149.328 -7.65 -1.5402 298.656 -7.65 -1.5402 447.984 -7.65 -1.5402 597.312 -7.65 -1.5402 746.64 -7.65 -1.5402 -746.64 -7.65 1.5402 -597.312 -7.65 1.5402 -447.984 -7.65 1.5402 -298.656 -7.65 1.5402 -149.328 -7.65 1.5402 1.13687e-13 -7.65 1.5402 149.328 -7.65 1.5402 298.656 -7.65 1.5402 447.984 -7.65 1.5402 597.312 -7.65 1.5402 746.64 -7.65 1.5402 -746.64 7.65 -1.5402 -597.312 7.65 -1.5402 -447.984 7.65 -1.5402 -298.656 7.65 -1.5402 -149.328 7.65 -1.5402 1.13687e-13 7.65 -1.5402 149.328 7.65 -1.5402 298.656 7.65 -1.5402 447.984 7.65 -1.5402 597.312 7.65 -1.5402 746.64 7.65 -1.5402 -746.64 7.65 1.5402 -597.312 7.65 1.5402 -447.984 7.65 1.5402 -298.656 7.65 1.5402 -149.328 7.65 1.5402 1.13687e-13 7.65 1.5402 149.328 7.65 1.5402 298.656 7.65 1.5402 447.984 7.65 1.5402 597.312 7.65 1.5402 746.64 7.65 1.5402
/Attach_1/Beam/Particles.showColor = 1 1 1 1
/Attach_1/Beam/Particles.position = -746.64 -7.65 -1.5402 -597.312 -7.65 -1.5402 -447.984 -7.65 -1.5402 -298.656 -7.65 -1.5402 -149.328 -7.65 -1.5402 1.13687e-13 -7.65 -1.5402 149.328 -7.65 -1.5402 298.656 -7.65 -1.5402 447.984 -7.65 -1.5402 597.312 -7.65 -1.5402 746.64 -7.65 -1.5402 -746.64 -7.65 1.5402 -597.312 -7.65 1.5402 -447.984 -7.65 1.5402 -298.656 -7.65 1.5402 -149.328 -7.65 1.5402 1.13687e-13 -7.65 1.5402 149.328 -7.65 1.5402 298.656 -7.65 1.5402 447.984 -7.65 1.5402 597.312 -7.65 1.5402 746.64 -7.65 1.5402 -746.64 7.65 -1.5402 -597.312 7.65 -1.5402 -447.984 7.65 -1.5402 -298.656 7.65 -1.5402 -149.328 7.65 -1.5402 1.13687e-13 7.65 -1.5402 149.328 7.65 -1.5402 298.656 7.65 -1.5402 447.984 7.65 -1.5402 597.312 7.65 -1.5402 746.64 7.65 -1.5402 -746.64 7.65 1.5402 -597.312 7.65 1.5402 -447.984 7.65 1.5402 -298.656 7.65 1.5402 -149.328 7.65 1.5402 1.13687e-13 7.65 1.5402 149.328 7.65 1.5402 298.656 7.65 1.5402 447.984 7.65 1.5402 597.312 7.65 1.5402 746.64 7.65 1.5402
/Attach_1/Beam/Particles.showColor = 1 1 1 1
/Attach_1/Beam/Particles.position = -746.64 -7.65 -1.5402 -597.312 -7.65 -1.5402 -447.984 -7.65 -1.5402 -298.656 -7.65 -1.5402 -149.328 -7.65 -1.5402 1.13687e-13 -7.65 -1.5402 149.328 -7.65 -1.5402 298.656 -7.65 -1.5402 447.984 -7.65 -1.5402 597.312 -7.65 -1.5402 746.64 -7.65 -1.5402 -746.64 -7.65 1.5402 -597.312 -7.65 1.5402 -447.984 -7.65 1.5402 -298.656 -7.65 1.5402 -149.328 -7.65 1.5402 1.13687e-13 -7.65 1.5402 149.328 -7.65 1.5402 298.656 -7.65 1.5402 447.984 -7.65 1.5402 597.312 -7.65 1.5402 746.64 -7.65 1.5402 -746.64 7.65 -1.5402 -597.312 7.65 -1.5402 -447.984 7.65 -1.5402 -298.656 7.65 -1.5402 -149.328 7.65 -1.5402 1.13687e-13 7.65 -1.5402 149.328 7.65 -1.5402 298.656 7.65 -1.5402 447.984 7.65 -1.5402 597.312 7.65 -1.5402 746.64 7.65 -1.5402 -746.64 7.65 1.5402 -597.312 7.65 1.5402 -447.984 7.65 1.5402 -298.656 7.65 1.5402 -149.328 7.65 1.5402 1.13687e-13 7.65 1.5402 149.328 7.65 1.5402 298.656 7.65 1.5402 447.984 7.65 1.5402 597.312 7.65 1.5402 746.64 7.65 1.5402
/Attach_1/Beam/Particles.showColor = 1 1 1 1

--- NEW SESSION: 12/04/2021 18:44:51 ---
/Attach_1/Beam/Particles.showColor = 1 1 1 1

--- NEW SESSION: 12/04/2021 19:57:23 ---
/Attach_1/Beam/Particles.showColor = 1 1 1 1
/Attach_1/Beam/Particles.showColor = 1 1 1 1
/Attach_1/Beam/Particles.showColor = 1 1 1 1
/Attach_1/Beam/Particles.showColor = 1 1 1 1

--- NEW SESSION: 12/04/2021 20:08:01 ---
/Attach_1/Beam/Particles.showColor = 1 1 1 1

--- NEW SESSION: 12/04/2021 20:20:25 ---
/Attach_1/Beam/Particles.showColor = 1 1 1 1
/Attach_1/Beam/Particles.position = -746.64 -7.65 -1.5402 1.13687e-13 -7.65 -1.5402 1.13687e-13 -7.65 -1.5402 373.32 -7.65 -1.5402 1.13687e-13 -7.65 1.5402 -746.64 -7.65 1.5402 -373.32 -7.65 1.5402 1.13687e-13 7.65 -1.5402 373.32 -7.65 1.5402 746.64 -7.65 1.5402 1.13687e-13 7.65 1.5402 -373.32 7.65 -1.5402 1.13687e-13 7.65 -1.5402 373.32 7.65 -1.5402 746.64 7.65 -1.5402 -746.64 7.65 1.5402 -373.32 7.65 1.5402 1.13687e-13 7.65 1.5402 373.32 7.65 1.5402 746.64 7.65 1.5402
/Attach_1/Beam/Particles.showColor = 1 1 1 1
/Attach_1/Beam/Particles.position = -746.64 -7.65 -1.5402 1.13687e-13 -7.65 -1.5402 1.13687e-13 -7.65 -1.5402 373.32 -7.65 -1.5402 1.13687e-13 -7.65 1.5402 -746.64 -7.65 1.5402 -373.32 -7.65 1.5402 1.13687e-13 7.65 -1.5402 373.32 -7.65 1.5402 746.64 -7.65 1.5402 1.13687e-13 7.65 1.5402 -373.32 7.65 -1.5402 1.13687e-13 7.65 -1.5402 373.32 7.65 -1.5402 746.64 7.65 -1.5402 -746.64 7.65 1.5402 -373.32 7.65 1.5402 1.13687e-13 7.65 1.5402 373.32 7.65 1.5402 746.64 7.65 1.5402
/Attach_1/Beam/Particles.showColor = 1 1 1 1
/Attach_1/Beam/Particles.position = -746.64 -7.65 -1.5402 1.13687e-13 -7.65 -1.5402 1.13687e-13 -7.65 -1.5402 373.32 -7.65 -1.5402 1.13687e-13 -7.65 1.5402 -746.64 -7.65 1.5402 -373.32 -7.65 1.5402 1.13687e-13 7.65 -1.5402 373.32 -7.65 1.5402 746.64 -7.65 1.5402 1.13687e-13 7.65 1.5402 -373.32 7.65 -1.5402 1.13687e-13 7.65 -1.5402 373.32 7.65 -1.5402 746.64 7.65 -1.5402 -746.64 7.65 1.5402 -373.32 7.65 1.5402 1.13687e-13 7.65 1.5402 373.32 7.65 1.5402 746.64 7.65 1.5402
/Attach_1/Beam/Particles.showColor = 1 1 1 1
/Attach_1/Beam/Particles.showColor = 1 1 1 1
/Attach_1/Beam/Particles.showColor = 1 1 1 1
/Attach_1/Beam/Particles.showColor = 1 1 1 1
/Attach_1/Beam/Particles.showColor = 1 1 1 1
/Attach_1/Beam/Particles.showColor = 1 1 1 1
/Attach_1/Beam/Particles.showColor = 1 1 1 1

--- NEW SESSION: 12/04/2021 20:35:47 ---
/Attach_1/Beam/Particles.showColor = 1 1 1 1
/Attach_1/Beam/Particles.showColor = 1 1 1 1
/Attach_1/Beam/Particles.showColor = 1 1 1 1

--- NEW SESSION: 13/04/2021 18:30:19 ---
/Attach_1/Beam/Particles.showColor = 1 1 1 1
/Attach_1/Beam/Particles.showColor = 1 1 1 1
/Attach_1/Beam/Particles.showColor = 1 1 1 1
/Attach_1/Beam/Particles.showColor = 1 1 1 1
