
--- NEW SESSION: 30/04/2021 09:53:52 ---
/Attach_1/Mass2/ConstraintPoint_mass_2/points_mass_2.showColor = 1 1 1 1
/Attach_1/Mass2/ConstraintPoint_mass_2/points_mass_2.showColor = 1 1 1 1
/Attach_1/Mass2/ConstraintPoint_mass_2/points_mass_2.showColor = 1 1 1 1

--- NEW SESSION: 22/06/2021 10:17:38 ---
/Attach_1/Beam/Particles.constraint = 0 16 0 -0.475682 0 0  1 -0.0194156 0 0  3 0 0 0  4 0 0 0  5 -0.00470976 0 0  6 -0.000192235 0 0  8 0 0 0  9 0 0 0  10 -0.475682 0 0  11 -0.0194156 0 0  13 0 0 0  14 0 0 0  15 -0.00470976 0 0  16 -0.000192235 0 0  18 0 0 0  19 0 0 0  
1 16 0 0 0 0  1 0 0 0  3 0 0 0  4 0 0 0  5 0 0 0  6 0 0 0  8 0 0 0  9 0 0 0  10 0 0 0  11 0 0 0  13 0 0 0  14 0 0 0  15 0 0 0  16 0 0 0  18 0 0 0  19 0 0 0  
2 16 0 0 0 -0.475682  1 0 0 -0.0194156  3 0 0 0  4 0 0 0  5 0 0 -0.00470976  6 0 0 -0.000192235  8 0 0 0  9 0 0 0  10 0 0 -0.475682  11 0 0 -0.0194156  13 0 0 0  14 0 0 0  15 0 0 -0.00470976  16 0 0 -0.000192235  18 0 0 0  19 0 0 0  
3 16 0 -0.475682 0 0  1 -0.0194156 0 0  3 0 0 0  4 0 0 0  5 -0.00470976 0 0  6 -0.000192235 0 0  8 0 0 0  9 0 0 0  10 -0.475682 0 0  11 -0.0194156 0 0  13 0 0 0  14 0 0 0  15 -0.00470976 0 0  16 -0.000192235 0 0  18 0 0 0  19 0 0 0  
4 16 0 0 0 0  1 0 0 0  3 0 0 0  4 0 0 0  5 0 0 0  6 0 0 0  8 0 0 0  9 0 0 0  10 0 0 0  11 0 0 0  13 0 0 0  14 0 0 0  15 0 0 0  16 0 0 0  18 0 0 0  19 0 0 0  
5 16 0 0 0 -0.475682  1 0 0 -0.0194156  3 0 0 0  4 0 0 0  5 0 0 -0.00470976  6 0 0 -0.000192235  8 0 0 0  9 0 0 0  10 0 0 -0.475682  11 0 0 -0.0194156  13 0 0 0  14 0 0 0  15 0 0 -0.00470976  16 0 0 -0.000192235  18 0 0 0  19 0 0 0  

/Attach_1/Beam/Particles.showColor = 1 1 1 1
/Attach_1/Beam/Particles.constraint = 0 16 0 -0.475682 0 0  1 -0.0194156 0 0  3 0 0 0  4 0 0 0  5 -0.00470976 0 0  6 -0.000192235 0 0  8 0 0 0  9 0 0 0  10 -0.475682 0 0  11 -0.0194156 0 0  13 0 0 0  14 0 0 0  15 -0.00470976 0 0  16 -0.000192235 0 0  18 0 0 0  19 0 0 0  
1 16 0 0 0 0  1 0 0 0  3 0 0 0  4 0 0 0  5 0 0 0  6 0 0 0  8 0 0 0  9 0 0 0  10 0 0 0  11 0 0 0  13 0 0 0  14 0 0 0  15 0 0 0  16 0 0 0  18 0 0 0  19 0 0 0  
2 16 0 0 0 -0.475682  1 0 0 -0.0194156  3 0 0 0  4 0 0 0  5 0 0 -0.00470976  6 0 0 -0.000192235  8 0 0 0  9 0 0 0  10 0 0 -0.475682  11 0 0 -0.0194156  13 0 0 0  14 0 0 0  15 0 0 -0.00470976  16 0 0 -0.000192235  18 0 0 0  19 0 0 0  
3 16 0 -0.475682 0 0  1 -0.0194156 0 0  3 0 0 0  4 0 0 0  5 -0.00470976 0 0  6 -0.000192235 0 0  8 0 0 0  9 0 0 0  10 -0.475682 0 0  11 -0.0194156 0 0  13 0 0 0  14 0 0 0  15 -0.00470976 0 0  16 -0.000192235 0 0  18 0 0 0  19 0 0 0  
4 16 0 0 0 0  1 0 0 0  3 0 0 0  4 0 0 0  5 0 0 0  6 0 0 0  8 0 0 0  9 0 0 0  10 0 0 0  11 0 0 0  13 0 0 0  14 0 0 0  15 0 0 0  16 0 0 0  18 0 0 0  19 0 0 0  
5 16 0 0 0 -0.475682  1 0 0 -0.0194156  3 0 0 0  4 0 0 0  5 0 0 -0.00470976  6 0 0 -0.000192235  8 0 0 0  9 0 0 0  10 0 0 -0.475682  11 0 0 -0.0194156  13 0 0 0  14 0 0 0  15 0 0 -0.00470976  16 0 0 -0.000192235  18 0 0 0  19 0 0 0  

/Attach_1/Beam/Particles.showColor = 1 1 1 1
/Attach_1/Mass1/DOF_Mass_1.constraint = 0 1 0 1 0 0 0 0 0  
1 1 0 0 1 0 0 0 0  
2 1 0 0 0 1 0 0 0  

/Attach_1/Mass1/DOF_Mass_1.showColor = 1 1 1 1
/Attach_1/Mass1/DOF_Mass_1.constraint = 0 1 0 1 0 0 0 0 0  
1 1 0 0 1 0 0 0 0  
2 1 0 0 0 1 0 0 0  

/Attach_1/Mass1/DOF_Mass_1.showColor = 1 1 1 1
/Attach_1/Mass1/DOF_Mass_1.constraint = 0 1 0 1 0 0 0 0 0  
1 1 0 0 1 0 0 0 0  
2 1 0 0 0 1 0 0 0  

/Attach_1/Mass1/DOF_Mass_1.showColor = 1 1 1 1
