
--- NEW SESSION: 27/05/2021 14:25:44 ---
/AttachOneWay/beam/beam_DOFs.velocity = 4.00444e-12 0 -2.55227e-11 0 -6.08989e-13 0 2.34914e-11 0 -2.83723e-10 0 -6.06254e-13 0 1.52423e-11 0 -2.22901e-10 0 -5.62131e-13 0 1.08369e-11 0 -1.66188e-10 0 -5.29857e-13 0 6.6332e-12 0 -1.12101e-10 0 -5.0654e-13 0 2.60426e-12 0 -6.13088e-11 0 -4.599e-13 0 5.71817e-13 0 -1.91189e-11 0 -3.24104e-13 0 0 0 0 0 0 0 6.45948e-13 0 -8.08725e-15 0 1.29603e-16 0 -1.35498e-12 0 -2.63427e-14 0 1.36236e-16 0 -2.4414e-12 0 -3.49953e-14 0 8.38254e-17 0 -2.38447e-12 0 -2.3506e-14 0 -2.44774e-16 0 -5.16437e-12 0 -6.53296e-14 0 -2.56188e-16 0 -4.90294e-12 0 3.97736e-14 0 -2.92284e-16 0 -4.59049e-12 0 1.23914e-13 0 -3.05198e-16 0
/AttachOneWay/beam/beam_DOFs.force = 3.36398e+07 0 4.02869e+06 0 -3.55751e+07 0 -3.36398e+07 0 -4.02823e+06 0 -3.55751e+07 0 -5.34073e-06 0 -5.17173e-07 0 1.58325e-08 0 7.96899e-07 0 7.92306e-08 0 -2.45636e-08 0 1.25222e-06 0 9.93202e-08 0 3.60887e-09 0 -1.01995e-06 0 -6.8163e-08 0 2.56114e-09 0 4.70191e-07 0 2.35198e-08 0 0 0 -1.18755e-06 0 -3747.67 0 -331358 0 4.45104e-06 0 -6.76762e-08 0 -7.68341e-09 0 -1.53315e-06 0 3.72847e-09 0 -1.38534e-08 0 -1.92474e-06 0 6.82188e-08 0 -4.36557e-09 0 4.76085e-06 0 -2.45651e-07 0 -3.7282e-08 0 -5.0952e-06 0 2.6493e-07 0 -2.12603e-08 0 -8.72912e-08 0 5.77273e-09 0 2.83071e-08 0 5.16467e-07 0 -2.93271e-08 0 1.23764e-08 0
/AttachOneWay/beam/beam_DOFs.derivX = 0 0 0 0 0 0 0 0 0 0 0 0 0 0 0 0 0 0 0 0 0 0 0 0 0 0 0 0 0 0 0 0 0 0 0 0 0 0 0 0 0 0 0 0 0 0 0 0 0 0 0 0 0 0 0 0 0 0 0 0 0 0 0 0 0 0 0 0 0 0 0 0 0 0 0 0 0 0 0 0 0 0 0 0 0 0 0 0 0 0
/AttachOneWay/beam/beam_DOFs.free_velocity = 2.70146e-11 0 203.231 0 -6.08989e-13 0 2.34914e-11 0 -2.83723e-10 0 -6.06254e-13 0 1.52423e-11 0 -2.22901e-10 0 -5.62131e-13 0 1.08369e-11 0 -1.66188e-10 0 -5.29857e-13 0 6.6332e-12 0 -1.12101e-10 0 -5.0654e-13 0 2.60426e-12 0 -6.13088e-11 0 -4.599e-13 0 5.71817e-13 0 -1.91189e-11 0 -3.24104e-13 0 0 0 0 0 0 0 6.45948e-13 0 -8.08725e-15 0 1.29603e-16 0 -1.35498e-12 0 -2.63427e-14 0 1.36236e-16 0 -2.4414e-12 0 -3.49953e-14 0 8.38254e-17 0 -2.38447e-12 0 -2.3506e-14 0 -2.44774e-16 0 -5.16437e-12 0 -6.53296e-14 0 -2.56188e-16 0 -4.90294e-12 0 3.97736e-14 0 -2.92284e-16 0 -4.59049e-12 0 1.23914e-13 0 -3.05198e-16 0
/AttachOneWay/beam/beam_DOFs.constraint = 0 1 0 -1 0 0 0 0 0  
1 1 0 0 -1 0 0 0 0  
2 1 0 0 0 -1 0 0 0  

/AttachOneWay/beam/beam_DOFs.dforce(V_DERIV) = 0 0 0 0 0 0 0 0 0 0 0 0 0 0 0 0 0 0 0 0 0 0 0 0 0 0 0 0 0 0 0 0 0 0 0 0 0 0 0 0 0 0 0 0 0 0 0 0 0 0 0 0 0 0 0 0 0 0 0 0 0 0 0 0 0 0 0 0 0 0 0 0 0 0 0 0 0 0 0 0 0 0 0 0 0 0 0 0 0 0
/AttachOneWay/beam/beam_DOFs.showColor = 1 1 1 1
/AttachOneWay/beam/beam_DOFs.9(V_DERIV) = -5.14851e-13 0 -4.54729 0 0 0 0 0 0 0 0 0 0 0 0 0 0 0 0 0 0 0 0 0 0 0 0 0 0 0 0 0 0 0 0 0 0 0 0 0 0 0 0 0 0 0 0 0 0 0 0 0 0 0 0 0 0 0 0 0 0 0 0 0 0 0 0 0 0 0 0 0 0 0 0 0 0 0 0 0 0 0 0 0 0 0 0 0 0 0
/AttachOneWay/beam/beam_DOFs.10(V_DERIV) = -2.30101e-13 0 -2.03231 0 0 0 0 0 0 0 0 0 0 0 0 0 0 0 0 0 0 0 0 0 0 0 0 0 0 0 0 0 0 0 0 0 0 0 0 0 0 0 0 0 0 0 0 0 0 0 0 0 0 0 0 0 0 0 0 0 0 0 0 0 0 0 0 0 0 0 0 0 0 0 0 0 0 0 0 0 0 0 0 0 0 0 0 0 0 0
/AttachOneWay/beam/beam_DOFs.12(V_DERIV) = 3.48196e-11 0 203.231 0 -1.43727e-12 0 4.4803e-11 0 -5.46868e-10 0 -1.41051e-12 0 3.07793e-11 0 -4.07075e-10 0 -1.26624e-12 0 1.9277e-11 0 -2.83689e-10 0 -1.10104e-12 0 1.07639e-11 0 -1.77559e-10 0 -9.31753e-13 0 4.3077e-12 0 -9.0096e-11 0 -7.3843e-13 0 7.29422e-13 0 -2.62361e-11 0 -4.60814e-13 0 0 0 0 0 0 0 8.64352e-29 0 2.51631e-27 0 -3.51458e-29 0 3.23483e-29 0 8.03068e-27 0 -8.89509e-29 0 5.7856e-29 0 2.06543e-26 0 -1.28581e-28 0 1.19709e-27 0 2.84273e-26 0 1.82271e-29 0 -2.21385e-29 0 1.88927e-26 0 1.06341e-28 0 -4.13461e-28 0 1.07211e-26 0 6.43745e-29 0 -8.05687e-28 0 3.86927e-27 0 6.66761e-29 0

--- NEW SESSION: 27/05/2021 17:41:52 ---
/AttachOneWay/beam/beam_DOFs.velocity = 0 0 0 0 0 0 0 0 0 0 0 0 0 0 0 0 0 0 0 0 0 0 0 0 0 0 0 0 0 0 0 0 0 0 0 0 0 0 0 0 0 0 0 0 0 0 0 0 0 0 0 0 0 0 0 0 0 0 0 0 0 0 0 0 0 0 0 0 0 0 0 0 0 0 0 0 0 0 0 0 0 0 0 0 0 0 0 0 0 0
/AttachOneWay/beam/beam_DOFs.force = 0 0 0 0 0 0 0 0 0 0 0 0 0 0 0 0 0 0 0 0 0 0 0 0 0 0 0 0 0 0 0 0 0 0 0 0 0 0 0 0 0 0 0 0 0 0 0 0 0 0 0 0 0 0 0 0 0 0 0 0 0 0 0 0 0 0 0 0 0 0 0 0 0 0 0 0 0 0 0 0 0 0 0 0 0 0 0 0 0 0
/AttachOneWay/beam/beam_DOFs.derivX = 0 0 0 0 0 0 0 0 0 0 0 0 0 0 0 0 0 0 0 0 0 0 0 0 0 0 0 0 0 0 0 0 0 0 0 0 0 0 0 0 0 0 0 0 0 0 0 0 0 0 0 0 0 0 0 0 0 0 0 0 0 0 0 0 0 0 0 0 0 0 0 0 0 0 0 0 0 0 0 0 0 0 0 0 0 0 0 0 0 0
/AttachOneWay/beam/beam_DOFs.externalForce = 0 0 0 0 0 0 0 0 0 0 0 0 0 0 0 0 0 0 0 0 0 0 0 0 0 0 0 0 0 0 0 0 0 0 0 0 0 0 0 0 0 0 0 0 0 0 0 0 0 0 0 0 0 0 0 0 0 0 0 0 0 0 0 0 0 0 0 0 0 0 0 0 0 0 0 0 0 0 0 0 0 0 0 0 0 0 0 0 0 0
/AttachOneWay/beam/beam_DOFs.dforce(V_DERIV) = 0 0 0 0 0 0 0 0 0 0 0 0 0 0 0 0 0 0 0 0 0 0 0 0 0 0 0 0 0 0 0 0 0 0 0 0 0 0 0 0 0 0 0 0 0 0 0 0 0 0 0 0 0 0 0 0 0 0 0 0 0 0 0 0 0 0 0 0 0 0 0 0 0 0 0 0 0 0 0 0 0 0 0 0 0 0 0 0 0 0
/AttachOneWay/beam/beam_DOFs.9(V_DERIV) = 0 0 0 0 0 0 0 0 0 0 0 0 0 0 0 0 0 0 0 0 0 0 0 0 0 0 0 0 0 0 0 0 0 0 0 0 0 0 0 0 0 0 0 0 0 0 0 0 0 0 0 0 0 0 0 0 0 0 0 0 0 0 0 0 0 0 0 0 0 0 0 0 0 0 0 0 0 0 0 0 0 0 0 0 0 0 0 0 0 0
/AttachOneWay/beam/beam_DOFs.10(V_DERIV) = 0 0 0 0 0 0 0 0 0 0 0 0 0 0 0 0 0 0 0 0 0 0 0 0 0 0 0 0 0 0 0 0 0 0 0 0 0 0 0 0 0 0 0 0 0 0 0 0 0 0 0 0 0 0 0 0 0 0 0 0 0 0 0 0 0 0 0 0 0 0 0 0 0 0 0 0 0 0 0 0 0 0 0 0 0 0 0 0 0 0
/AttachOneWay/beam/beam_DOFs.showColor = 1 1 1 1

--- NEW SESSION: 28/05/2021 12:08:16 ---
/AttachOneWay/beam/beam_DOFs.position = -730.841 0 -73.5438 0 -0.0495415 0 0.998772 -626.651 0 -40.8716 0 -0.0489123 0 0.998803 -522.433 0 -30.8309 0 -0.04682 0 0.998903 -418.157 0 -21.4152 0 -0.0428547 0 0.999081 -313.789 0 -13.0588 0 -0.0366046 0 0.99933 -209.464 0 -6.29218 0 -0.0276717 0 0.999617 -104.698 0 -1.69799 0 -0.0155924 0 0.999878 0 0 0 0 0 0 1 104.7 0 -1.10587 0 0.0100817 0 0.999949 209.522 0 -4.04078 0 0.0174961 0 0.999847 313.978 0 -8.27017 0 0.0226268 0 0.999744 418.554 0 -13.3798 0 0.0259155 0 0.999664 523.102 0 -19.0196 0 0.027765 0 0.999614 627.635 0 -24.9316 0 0.0285869 0 0.999591 732.162 0 -30.9439 0 0.0287924 0 0.999585
/AttachOneWay/beam/beam_DOFs.velocity = -9.62651e-13 0 -4.10694e-11 0 -6.40322e-13 0 2.47416e-11 0 -3.29187e-10 0 -6.65366e-13 0 1.99001e-11 0 -2.59474e-10 0 -6.66783e-13 0 1.28164e-11 0 -1.90826e-10 0 -6.48374e-13 0 7.11607e-12 0 -1.25043e-10 0 -6.07254e-13 0 2.8792e-12 0 -6.57607e-11 0 -5.20223e-13 0 5.40739e-13 0 -1.96139e-11 0 -3.40913e-13 0 0 0 0 0 0 0 -6.45948e-13 0 -1.07949e-15 0 7.84629e-17 0 1.16417e-12 0 -1.33383e-14 0 -2.16958e-16 0 2.82305e-12 0 5.83292e-14 0 -2.91781e-16 0 2.75044e-12 0 7.93189e-14 0 -5.10739e-17 0 4.79089e-12 0 -6.11065e-14 0 -6.46008e-17 0 5.10078e-12 0 -4.34525e-14 0 -2.9011e-17 0 4.80218e-12 0 -8.07856e-14 0 -2.86689e-16 0
/AttachOneWay/beam/beam_DOFs.force = 3.36434e+07 0 4.02941e+06 0 -3.55751e+07 0 -3.36434e+07 0 -4.02896e+06 0 -3.55751e+07 0 4.4e-06 0 4.26771e-07 0 -1.23982e-08 0 -9.80964e-07 0 -9.36845e-08 0 1.10595e-08 0 -2.65212e-07 0 -2.14081e-08 0 -8.14907e-10 0 -1.78255e-07 0 -8.50491e-09 0 -8.61473e-09 0 2.46598e-07 0 1.40849e-08 0 4.65661e-10 0 1.09497e-06 0 -3747.67 0 -331404 0 -4.1313e-06 0 6.13265e-08 0 4.65661e-09 0 2.52611e-07 0 3.60333e-08 0 2.04891e-08 0 2.91436e-06 0 -1.02949e-07 0 1.71713e-08 0 -3.56341e-06 0 1.84202e-07 0 -6.40284e-09 0 2.92106e-06 0 -1.49867e-07 0 -2.02272e-09 0 1.01642e-06 0 -5.69889e-08 0 -6.30098e-09 0 -4.97722e-07 0 2.82531e-08 0 -1.32568e-08 0
/AttachOneWay/beam/beam_DOFs.free_velocity = 2.97175e-11 0 203.231 0 -6.40322e-13 0 2.47416e-11 0 -3.29187e-10 0 -6.65366e-13 0 1.99001e-11 0 -2.59474e-10 0 -6.66783e-13 0 1.28164e-11 0 -1.90826e-10 0 -6.48374e-13 0 7.11607e-12 0 -1.25043e-10 0 -6.07254e-13 0 2.8792e-12 0 -6.57607e-11 0 -5.20223e-13 0 5.40739e-13 0 -1.96139e-11 0 -3.40913e-13 0 0 0 0 0 0 0 -6.45948e-13 0 -1.07949e-15 0 7.84629e-17 0 1.16417e-12 0 -1.33383e-14 0 -2.16958e-16 0 2.82305e-12 0 5.83292e-14 0 -2.91781e-16 0 2.75044e-12 0 7.93189e-14 0 -5.10739e-17 0 4.79089e-12 0 -6.11065e-14 0 -6.46008e-17 0 5.10078e-12 0 -4.34525e-14 0 -2.9011e-17 0 4.80218e-12 0 -8.07856e-14 0 -2.86689e-16 0
/AttachOneWay/beam/beam_DOFs.derivX = 0 0 0 0 0 0 0 0 0 0 0 0 0 0 0 0 0 0 0 0 0 0 0 0 0 0 0 0 0 0 0 0 0 0 0 0 0 0 0 0 0 0 0 0 0 0 0 0 0 0 0 0 0 0 0 0 0 0 0 0 0 0 0 0 0 0 0 0 0 0 0 0 0 0 0 0 0 0 0 0 0 0 0 0 0 0 0 0 0 0
/AttachOneWay/beam/beam_DOFs.constraint = 0 1 0 -1 0 0 0 0 0  
1 1 0 0 -1 0 0 0 0  
2 1 0 0 0 -1 0 0 0  

/AttachOneWay/beam/beam_DOFs.dforce(V_DERIV) = 0 0 0 0 0 0 0 0 0 0 0 0 0 0 0 0 0 0 0 0 0 0 0 0 0 0 0 0 0 0 0 0 0 0 0 0 0 0 0 0 0 0 0 0 0 0 0 0 0 0 0 0 0 0 0 0 0 0 0 0 0 0 0 0 0 0 0 0 0 0 0 0 0 0 0 0 0 0 0 0 0 0 0 0 0 0 0 0 0 0
/AttachOneWay/beam/beam_DOFs.showColor = 1 1 1 1
/AttachOneWay/beam/beam_DOFs.9(V_DERIV) = -6.86468e-13 0 -4.54729 0 0 0 0 0 0 0 0 0 0 0 0 0 0 0 0 0 0 0 0 0 0 0 0 0 0 0 0 0 0 0 0 0 0 0 0 0 0 0 0 0 0 0 0 0 0 0 0 0 0 0 0 0 0 0 0 0 0 0 0 0 0 0 0 0 0 0 0 0 0 0 0 0 0 0 0 0 0 0 0 0 0 0 0 0 0 0
/AttachOneWay/beam/beam_DOFs.10(V_DERIV) = -3.06802e-13 0 -2.03231 0 0 0 0 0 0 0 0 0 0 0 0 0 0 0 0 0 0 0 0 0 0 0 0 0 0 0 0 0 0 0 0 0 0 0 0 0 0 0 0 0 0 0 0 0 0 0 0 0 0 0 0 0 0 0 0 0 0 0 0 0 0 0 0 0 0 0 0 0 0 0 0 0 0 0 0 0 0 0 0 0 0 0 0 0 0 0
/AttachOneWay/beam/beam_DOFs.12(V_DERIV) = 3.54193e-11 0 203.231 0 -7.02284e-13 0 2.69095e-11 0 -3.38873e-10 0 -7.14528e-13 0 1.98088e-11 0 -2.65805e-10 0 -6.8708e-13 0 1.32995e-11 0 -1.95743e-10 0 -6.56652e-13 0 7.6524e-12 0 -1.29189e-10 0 -6.15879e-13 0 3.15642e-12 0 -6.86729e-11 0 -5.35224e-13 0 5.74736e-13 0 -2.07594e-11 0 -3.58131e-13 0 0 0 0 0 0 0 -7.90825e-33 0 -1.25254e-27 0 1.80232e-29 0 -2.64584e-29 0 -2.56437e-27 0 1.06513e-30 0 2.72809e-28 0 -1.1957e-27 0 -2.43516e-29 0 6.87511e-28 0 3.78731e-27 0 -8.46191e-29 0 1.22205e-27 0 1.53076e-26 0 -1.11729e-28 0 1.3151e-27 0 2.832e-26 0 -1.71195e-28 0 2.47608e-27 0 5.19094e-26 0 -2.52353e-28 0
