
--- NEW SESSION: 16/04/2021 13:12:12 ---
/Attach_1/Beam/Particles.showColor = 1 1 1 1
/Attach_1/Mass1/DOF_Mass_1.position = 711 0 2.11 0.707107 0 0 0.707107
/Attach_1/Mass1/DOF_Mass_1.showColor = 1 1 1 1
/Attach_1/Beam/Particles.showColor = 1 1 1 1
/Attach_1/Mass1/DOF_Mass_1.position = 711 0 2.11 0.707107 0 0 0.707107
/Attach_1/Mass1/DOF_Mass_1.showColor = 1 1 1 1
/Attach_1/Beam/Particles.showColor = 1 1 1 1
/Attach_1/Mass1/DOF_Mass_1.position = 711 0 2.11 0.707107 0 0 0.707107
/Attach_1/Mass1/DOF_Mass_1.showColor = 1 1 1 1
/Attach_1/Beam/Particles.showColor = 1 1 1 1
/Attach_1/Beam/Particles.showColor = 1 1 1 1
/Attach_1/Beam/Particles.showColor = 1 1 1 1

--- NEW SESSION: 20/04/2021 19:32:09 ---
/AttachTwoWay/Beam/Particles.showColor = 1 1 1 1
/AttachTwoWay/Mass1/DOF_Mass_1.showColor = 1 1 1 1
/AttachTwoWay/Mass1/DOF_Mass_1.showColor = 1 1 1 1
/AttachTwoWay/Mass1/DOF_Mass_1.showColor = 1 1 1 1
/AttachTwoWay/Beam/Particles.showColor = 1 1 1 1
/AttachTwoWay/Mass1/DOF_Mass_1.showColor = 1 1 1 1
/AttachTwoWay/Mass1/DOF_Mass_1.showColor = 1 1 1 1
/AttachTwoWay/Mass1/DOF_Mass_1.showColor = 1 1 1 1
/AttachTwoWay/Beam/Particles.showColor = 1 1 1 1
/AttachTwoWay/Beam/Particles.showColor = 1 1 1 1
/AttachTwoWay/Beam/Particles.showColor = 1 1 1 1
/AttachTwoWay/Mass1/DOF_Mass_1.showColor = 1 1 1 1
/AttachTwoWay/Mass1/DOF_Mass_1.showColor = 1 1 1 1
/AttachTwoWay/Mass1/DOF_Mass_1.showColor = 1 1 1 1
/AttachTwoWay/Mass1/DOF_Mass_1.showColor = 1 1 1 1

--- NEW SESSION: 29/04/2021 11:10:48 ---
/AttachTwoWay/Mass1/DOF_Mass_1.showColor = 1 1 1 1
/AttachTwoWay/Mass1/DOF_Mass_1.showColor = 1 1 1 1
/AttachTwoWay/Mass1/DOF_Mass_1.showColor = 1 1 1 1
/AttachTwoWay/Beam/Particles.showColor = 1 1 1 1
/AttachTwoWay/Beam/Particles.showColor = 1 1 1 1
/AttachTwoWay/Beam/Particles.showColor = 1 1 1 1
/AttachTwoWay/Beam/Particles.showColor = 1 1 1 1
/AttachTwoWay/Beam/Particles.showColor = 1 1 1 1
/AttachTwoWay/Mass2/DOF_Mass_2.showColor = 1 1 1 1
/AttachTwoWay/Mass2/DOF_Mass_2.showColor = 1 1 1 1
/AttachTwoWay/Mass2/DOF_Mass_2.showColor = 1 1 1 1
/AttachTwoWay/Mass2/DOF_Mass_2.showColor = 1 1 1 1
/AttachTwoWay/Mass2/DOF_Mass_2.position = 690.635 -20.331 -13.7567 690.635 -20.331 -9.22333 690.635 -20.331 -4.69 690.635 -20.331 -0.156667 690.635 -20.331 4.37667 690.635 -20.331 8.91 690.635 -20.331 13.4433 690.635 -20.331 17.9767 690.635 -10.1655 -18.29 690.635 -10.1655 -13.7567 690.635 -10.1655 -9.22333 690.635 -10.1655 -4.69 690.635 -10.1655 -0.156667 690.635 -10.1655 4.37667 690.635 -10.1655 8.91 690.635 -10.1655 13.4433 690.635 -10.1655 17.9767 690.635 -10.1655 22.51 690.635 0 -18.29 690.635 0 -13.7567 690.635 0 -9.22333 690.635 0 -4.69 690.635 0 -0.156667 690.635 0 4.37667 690.635 0 8.91 690.635 0 13.4433 690.635 0 17.9767 690.635 0 22.51 690.635 10.1655 -18.29 690.635 10.1655 -13.7567 690.635 10.1655 -9.22333 690.635 10.1655 -4.69 690.635 10.1655 -0.156667 690.635 10.1655 4.37667 690.635 10.1655 8.91 690.635 10.1655 13.4433 690.635 10.1655 17.9767 690.635 10.1655 22.51 690.635 20.331 -13.7567 690.635 20.331 -9.22333 690.635 20.331 -4.69 690.635 20.331 -0.156667 690.635 20.331 4.37667 690.635 20.331 8.91 690.635 20.331 13.4433 690.635 20.331 17.9767 700.817 -20.331 -18.29 700.817 -20.331 -13.7567 700.817 -20.331 -9.22333 700.817 -20.331 -4.69 700.817 -20.331 -0.156667 700.817 -20.331 4.37667 700.817 -20.331 8.91 700.817 -20.331 13.4433 700.817 -20.331 17.9767 700.817 -20.331 22.51 700.817 -10.1655 -18.29 700.817 -10.1655 -13.7567 700.817 -10.1655 -9.22333 700.817 -10.1655 -4.69 700.817 -10.1655 -0.156667 700.817 -10.1655 4.37667 700.817 -10.1655 8.91 700.817 -10.1655 13.4433 700.817 -10.1655 17.9767 700.817 -10.1655 22.51 700.817 0 -18.29 700.817 0 -13.7567 700.817 0 -9.22333 700.817 0 -4.69 700.817 0 -0.156667 700.817 0 4.37667 700.817 0 8.91 700.817 0 13.4433 700.817 0 17.9767 700.817 0 22.51 700.817 10.1655 -18.29 700.817 10.1655 -13.7567 700.817 10.1655 -9.22333 700.817 10.1655 -4.69 700.817 10.1655 -0.156667 700.817 10.1655 4.37667 700.817 10.1655 8.91 700.817 10.1655 13.4433 700.817 10.1655 17.9767 700.817 10.1655 22.51 700.817 20.331 -18.29 700.817 20.331 -13.7567 700.817 20.331 -9.22333 700.817 20.331 -4.69 700.817 20.331 -0.156667 700.817 20.331 4.37667 700.817 20.331 8.91 700.817 20.331 13.4433 700.817 20.331 17.9767 700.817 20.331 22.51 711 -20.331 -18.29 711 -20.331 -13.7567 711 -20.331 -9.22333 711 -20.331 -4.69 711 -20.331 -0.156667 711 -20.331 4.37667 711 -20.331 8.91 711 -20.331 13.4433 711 -20.331 17.9767 711 -20.331 22.51 711 -10.1655 -18.29 711 -10.1655 -13.7567 711 -10.1655 -9.22333 711 -10.1655 -4.69 711 -10.1655 -0.156667 711 -10.1655 4.37667 711 -10.1655 8.91 711 -10.1655 13.4433 711 -10.1655 17.9767 711 -10.1655 22.51 711 0 -18.29 711 0 -13.7567 711 0 -9.22333 711 0 -4.69 711 0 -0.156667 711 0 4.37667 711 0 8.91 711 0 13.4433 711 0 17.9767 711 0 22.51 711 10.1655 -18.29 711 10.1655 -13.7567 711 10.1655 -9.22333 711 10.1655 -4.69 711 10.1655 -0.156667 711 10.1655 4.37667 711 10.1655 8.91 711 10.1655 13.4433 711 10.1655 17.9767 711 10.1655 22.51 711 20.331 -18.29 711 20.331 -13.7567 711 20.331 -9.22333 711 20.331 -4.69 711 20.331 -0.156667 711 20.331 4.37667 711 20.331 8.91 711 20.331 13.4433 711 20.331 17.9767 711 20.331 22.51 721.183 -20.331 -18.29 721.183 -20.331 -13.7567 721.183 -20.331 -9.22333 721.183 -20.331 -4.69 721.183 -20.331 -0.156667 721.183 -20.331 4.37667 721.183 -20.331 8.91 721.183 -20.331 13.4433 721.183 -20.331 17.9767 721.183 -20.331 22.51 721.183 -10.1655 -18.29 721.183 -10.1655 -13.7567 721.183 -10.1655 -9.22333 721.183 -10.1655 -4.69 721.183 -10.1655 -0.156667 721.183 -10.1655 4.37667 721.183 -10.1655 8.91 721.183 -10.1655 13.4433 721.183 -10.1655 17.9767 721.183 -10.1655 22.51 721.183 0 -18.29 721.183 0 -13.7567 721.183 0 -9.22333 721.183 0 -4.69 721.183 0 -0.156667 721.183 0 4.37667 721.183 0 8.91 721.183 0 13.4433 721.183 0 17.9767 721.183 0 22.51 721.183 10.1655 -18.29 721.183 10.1655 -13.7567 721.183 10.1655 -9.22333 721.183 10.1655 -4.69 721.183 10.1655 -0.156667 721.183 10.1655 4.37667 721.183 10.1655 8.91 721.183 10.1655 13.4433 721.183 10.1655 17.9767 721.183 10.1655 22.51 721.183 20.331 -18.29 721.183 20.331 -13.7567 721.183 20.331 -9.22333 721.183 20.331 -4.69 721.183 20.331 -0.156667 721.183 20.331 4.37667 721.183 20.331 8.91 721.183 20.331 13.4433 721.183 20.331 17.9767 721.183 20.331 22.51 731.365 -20.331 -13.7567 731.365 -20.331 -9.22333 731.365 -20.331 -4.69 731.365 -20.331 -0.156667 731.365 -20.331 4.37667 731.365 -20.331 8.91 731.365 -20.331 13.4433 731.365 -20.331 17.9767 731.365 -10.1655 -18.29 731.365 -10.1655 -13.7567 731.365 -10.1655 -9.22333 731.365 -10.1655 -4.69 731.365 -10.1655 -0.156667 731.365 -10.1655 4.37667 731.365 -10.1655 8.91 731.365 -10.1655 13.4433 731.365 -10.1655 17.9767 731.365 -10.1655 22.51 731.365 0 -18.29 731.365 0 -13.7567 731.365 0 -9.22333 731.365 0 -4.69 731.365 0 -0.156667 731.365 0 4.37667 731.365 0 8.91 731.365 0 13.4433 731.365 0 17.9767 731.365 0 22.51 731.365 10.1655 -18.29 731.365 10.1655 -13.7567 731.365 10.1655 -9.22333 731.365 10.1655 -4.69 731.365 10.1655 -0.156667 731.365 10.1655 4.37667 731.365 10.1655 8.91 731.365 10.1655 13.4433 731.365 10.1655 17.9767 731.365 10.1655 22.51 731.365 20.331 -13.7567 731.365 20.331 -9.22333 731.365 20.331 -4.69 731.365 20.331 -0.156667 731.365 20.331 4.37667 731.365 20.331 8.91 731.365 20.331 13.4433 731.365 20.331 17.9767
/AttachTwoWay/Mass2/DOF_Mass_2.showColor = 1 1 1 1
