
--- NEW SESSION: 28/05/2021 13:33:44 ---
/AttachOneWay/beam/beam_DOFs.velocity = 300.148 0 -708.81 0 -57.2129 0 84.7407 0 -647.403 0 -2.51917 0 59.9198 0 -394.787 0 -2.31085 0 37.2906 0 -169.394 0 -2.00099 0 19.1605 0 19.2656 0 -1.60635 0 7.02828 0 162.824 0 -1.13825 0 1.10645 0 254.38 0 -0.600727 0 0 0 228.247 0 0 0 -1.55713e-05 0 286.673 0 -0.00468004 0 -0.0400378 0 287.095 0 -0.00250854 0 -0.114142 0 287.083 0 0.0030958 0 -0.230825 0 286.43 0 0.00939645 0 -0.388703 0 285.17 0 0.0144761 0 -0.574591 0 283.488 0 0.0173958 0 -0.771146 0 281.615 0 0.0182621 0
/AttachOneWay/beam/beam_DOFs.force = -9.78629e+08 0 2.08377e+09 0 -1.83172e+08 0 9.79242e+08 0 -2.08371e+09 0 -1.14826e+08 0 -13254.6 0 -103.205 0 1532.78 0 -143264 0 -16042.2 0 1187.73 0 -228598 0 -24129.1 0 392.754 0 -236889 0 -19575.5 0 -341.493 0 543782 0 56704 0 -1.89301e+06 0 -534458 0 -97119.3 0 -366158 0 85296.6 0 34060.7 0 1.89376e+06 0 38566.6 0 -3246.99 0 -125.499 0 9212.42 0 -2077.87 0 -225.742 0 -6876.12 0 -599.984 0 -289.588 0 -12645.5 0 354.699 0 -313.859 0 -11322.2 0 640.211 0 -312.839 0 -102233 0 7451.05 0 -154.167 0
/AttachOneWay/beam/beam_DOFs.free_velocity = -502.199 0 586.976 0 -13.7279 0 84.7407 0 -647.403 0 -2.51917 0 59.9198 0 -394.787 0 -2.31085 0 37.2906 0 -169.394 0 -2.00099 0 19.1605 0 19.2656 0 -1.60635 0 7.02828 0 162.824 0 -1.13825 0 1.10645 0 254.38 0 -0.600727 0 0 0 0 0 0 0 -1.55713e-05 0 286.673 0 -0.00468004 0 -0.0400378 0 287.095 0 -0.00250854 0 -0.114142 0 287.083 0 0.0030958 0 -0.230825 0 286.43 0 0.00939645 0 -0.388703 0 285.17 0 0.0144761 0 -0.574591 0 283.488 0 0.0173958 0 -0.771146 0 281.615 0 0.0182621 0
/AttachOneWay/beam/beam_DOFs.derivX = 0 0 0 0 0 0 0 0 0 0 0 0 0 0 0 0 0 0 0 0 0 0 0 0 0 0 0 0 0 0 0 0 0 0 0 0 0 0 0 0 0 0 0 0 0 0 0 0 0 0 0 0 0 0 0 0 0 0 0 0 0 0 0 0 0 0 0 0 0 0 0 0 0 0 0 0 0 0 0 0 0 0 0 0 0 0 0 0 0 0
/AttachOneWay/beam/beam_DOFs.constraint = 0 2 0 -1 0 0 0 19.0493 0  7 0 0 0 0 0 0  
1 2 0 0 -1 0 -19.0493 0 -11.186  7 0 0 0 0 0 0  
2 2 0 0 0 -1 0 11.186 0  7 0 0 0 0 0 0  
3 2 0 -1 0 0 0 0 0  7 0 0 0 0 0 0  
4 2 0 0 -1 0 0 0 0  7 0 0 0 0 0 0  
5 2 0 0 0 -1 0 0 0  7 0 0 0 0 0 0  

/AttachOneWay/beam/beam_DOFs.reset_velocity = 0 0 0 0 0 0 0 0 0 0 0 0 0 0 0 0 0 0 0 0 0 0 0 0 0 0 0 0 0 0 0 0 0 0 0 0 0 0 0 0 0 0 0 0 300 0 0 0 0 0 0 0 0 0 0 0 0 0 0 0 0 0 0 0 0 0 0 0 0 0 0 0 0 0 0 0 0 0 0 0 0 0 0 0 0 0 0 0 0 0
/AttachOneWay/beam/beam_DOFs.dforce(V_DERIV) = 0 0 0 0 0 0 0 0 0 0 0 0 0 0 0 0 0 0 0 0 0 0 0 0 0 0 0 0 0 0 0 0 0 0 0 0 0 0 0 0 0 0 0 0 0 0 0 0 0 0 0 0 0 0 0 0 0 0 0 0 0 0 0 0 0 0 0 0 0 0 0 0 0 0 0 0 0 0 0 0 0 0 0 0 0 0 0 0 0 0
/AttachOneWay/beam/beam_DOFs.showColor = 1 1 1 1
/AttachOneWay/beam/beam_DOFs.9(V_DERIV) = 17.9525 0 -28.9932 0 -0.000972979 0 0 0 0 0 0 0 0 0 0 0 0 0 0 0 0 0 0 0 0 0 0 0 0 0 0 0 0 0 0 0 0 0 0 0 0 0 0 0 0 0 0 0 0 0 0 0 0 0 0 0 0 0 0 0 0 0 0 0 0 0 0 0 0 0 0 0 0 0 0 0 0 0 0 0 0 0 0 0 0 0 0 0 0 0
/AttachOneWay/beam/beam_DOFs.10(V_DERIV) = 8.02347 0 -12.9579 0 -0.434851 0 0 0 0 0 0 0 0 0 0 0 0 0 0 0 0 0 0 0 0 0 0 0 0 0 0 0 0 0 0 0 0 0 0 0 0 0 0 0 0 0 0 0 0 0 0 0 0 0 0 0 0 0 0 0 0 0 0 0 0 0 0 0 0 0 0 0 0 0 0 0 0 0 0 0 0 0 0 0 0 0 0 0 0 0
/AttachOneWay/beam/beam_DOFs.12(V_DERIV) = 388.799 0 2408.39 0 30.3068 0 40.9776 0 -405.886 0 -1.38911 0 26.8353 0 -274.536 0 -1.12569 0 15.2596 0 -172.468 0 -0.835808 0 7.06366 0 -100.114 0 -0.559699 0 2.28624 0 -54.6606 0 -0.322178 0 0.29249 0 -31.277 0 -0.134257 0 0 0 0 0 0 0 -1.36401e-06 0 -22.115 0 -0.0474565 0 0.173695 0 -15.2109 0 -0.0823175 0 0.606703 0 -5.27137 0 -0.106408 0 1.28155 0 6.72521 0 -0.121824 0 2.1331 0 19.9565 0 -0.130479 0 3.08834 0 33.8193 0 -0.134317 0 4.08805 0 47.9139 0 -0.135275 0
/AttachOneWay/Mass2/DOF_Mass_2.constraint = 3 1 0 1 0 0 0 473.17 0  
4 1 0 0 1 0 -473.17 0 -559.69  
5 1 0 0 0 1 0 559.69 0  

/AttachOneWay/Mass2/DOF_Mass_2.showColor = 1 1 1 1

--- NEW SESSION: 28/05/2021 13:50:44 ---
/AttachOneWay/beam/beam_DOFs.position = -732.9 0 0 0 0 0 1 -628.2 0 0 0 0 0 1 -523.5 0 0 0 0 0 1 -418.8 0 0 0 0 0 1 -314.1 0 0 0 0 0 1 -209.56 0 0 0 0 0 1 -104.7 0 0 0 0 0 1 0 0 0 0 0 0 1 104.7 0 0 0 0 0 1 209.56 0 0 0 0 0 1 314.1 0 0 0 0 0 1 418.8 0 0 0 0 0 1 523.5 0 0 0 0 0 1 628.2 0 0 0 0 0 1 732.9 0 0 0 0 0 1
/AttachOneWay/beam/beam_DOFs.velocity = 0 0 0 0 0 0 0 0 0 0 0 0 0 0 0 0 0 0 0 0 0 0 0 0 0 0 0 0 0 0 0 0 0 0 0 0 0 0 0 0 0 0 0 0 0 0 0 0 0 0 0 0 0 0 0 0 0 0 0 0 0 0 0 0 0 0 0 0 0 0 0 0 0 0 0 0 0 0 0 0 0 0 0 0 0 0 0 0 0 0
/AttachOneWay/beam/beam_DOFs.force = 0 0 0 0 0 0 0 0 0 0 0 0 0 0 0 0 0 0 0 0 0 0 0 0 0 0 0 0 0 0 0 0 0 0 0 0 0 0 0 0 0 0 0 0 0 0 0 0 0 0 0 0 0 0 0 0 0 0 0 0 0 0 0 0 0 0 0 0 0 0 0 0 0 0 0 0 0 0 0 0 0 0 0 0 0 0 0 0 0 0
/AttachOneWay/beam/beam_DOFs.externalForce = 0 0 0 0 0 0 0 0 0 0 0 0 0 0 0 0 0 0 0 0 0 0 0 0 0 0 0 0 0 0 0 0 0 0 0 0 0 0 0 0 0 0 0 0 0 0 0 0 0 0 0 0 0 0 0 0 0 0 0 0 0 0 0 0 0 0 0 0 0 0 0 0 0 0 0 0 0 0 0 0 0 0 0 0 0 0 0 0 0 0
/AttachOneWay/beam/beam_DOFs.derivX = 0 0 0 0 0 0 0 0 0 0 0 0 0 0 0 0 0 0 0 0 0 0 0 0 0 0 0 0 0 0 0 0 0 0 0 0 0 0 0 0 0 0 0 0 0 0 0 0 0 0 0 0 0 0 0 0 0 0 0 0 0 0 0 0 0 0 0 0 0 0 0 0 0 0 0 0 0 0 0 0 0 0 0 0 0 0 0 0 0 0
/AttachOneWay/beam/beam_DOFs.10(V_DERIV) = 0 0 0 0 0 0 0 0 0 0 0 0 0 0 0 0 0 0 0 0 0 0 0 0 0 0 0 0 0 0 0 0 0 0 0 0 0 0 0 0 0 0 0 0 0 0 0 0 0 0 0 0 0 0 0 0 0 0 0 0 0 0 0 0 0 0 0 0 0 0 0 0 0 0 0 0 0 0 0 0 0 0 0 0 0 0 0 0 0 0
/AttachOneWay/beam/beam_DOFs.dforce(V_DERIV) = 0 0 0 0 0 0 0 0 0 0 0 0 0 0 0 0 0 0 0 0 0 0 0 0 0 0 0 0 0 0 0 0 0 0 0 0 0 0 0 0 0 0 0 0 0 0 0 0 0 0 0 0 0 0 0 0 0 0 0 0 0 0 0 0 0 0 0 0 0 0 0 0 0 0 0 0 0 0 0 0 0 0 0 0 0 0 0 0 0 0
/AttachOneWay/beam/beam_DOFs.9(V_DERIV) = 0 0 0 0 0 0 0 0 0 0 0 0 0 0 0 0 0 0 0 0 0 0 0 0 0 0 0 0 0 0 0 0 0 0 0 0 0 0 0 0 0 0 0 0 0 0 0 0 0 0 0 0 0 0 0 0 0 0 0 0 0 0 0 0 0 0 0 0 0 0 0 0 0 0 0 0 0 0 0 0 0 0 0 0 0 0 0 0 0 0
/AttachOneWay/beam/beam_DOFs.showColor = 1 1 1 1
/AttachOneWay/beam/beam_DOFs.position = -732.9 0 0 0 0 0 1 -628.2 0 0 0 0 0 1 -523.5 0 0 0 0 0 1 -418.8 0 0 0 0 0 1 -314.1 0 0 0 0 0 1 -209.56 0 0 0 0 0 1 -104.7 0 0 0 0 0 1 0 0 0 0 0 0 1 104.7 0 0 0 0 0 1 209.56 0 0 0 0 0 1 314.1 0 0 0 0 0 1 418.8 0 0 0 0 0 1 523.5 0 0 0 0 0 1 628.2 0 0 0 0 0 1 732.9 0 0 0 0 0 1
/AttachOneWay/beam/beam_DOFs.velocity = 0 0 0 0 0 0 0 0 0 0 0 0 0 0 0 0 0 0 0 0 0 0 0 0 0 0 0 0 0 0 0 0 0 0 0 0 0 0 0 0 0 0 0 0 0 0 0 0 0 0 0 0 0 0 0 0 0 0 0 0 0 0 0 0 0 0 0 0 0 0 0 0 0 0 0 0 0 0 0 0 0 0 0 0 0 0 0 0 0 0
/AttachOneWay/beam/beam_DOFs.force = 0 0 0 0 0 0 0 0 0 0 0 0 0 0 0 0 0 0 0 0 0 0 0 0 0 0 0 0 0 0 0 0 0 0 0 0 0 0 0 0 0 0 0 0 0 0 0 0 0 0 0 0 0 0 0 0 0 0 0 0 0 0 0 0 0 0 0 0 0 0 0 0 0 0 0 0 0 0 0 0 0 0 0 0 0 0 0 0 0 0
/AttachOneWay/beam/beam_DOFs.externalForce = 0 0 0 0 0 0 0 0 0 0 0 0 0 0 0 0 0 0 0 0 0 0 0 0 0 0 0 0 0 0 0 0 0 0 0 0 0 0 0 0 0 0 0 0 0 0 0 0 0 0 0 0 0 0 0 0 0 0 0 0 0 0 0 0 0 0 0 0 0 0 0 0 0 0 0 0 0 0 0 0 0 0 0 0 0 0 0 0 0 0
/AttachOneWay/beam/beam_DOFs.derivX = 0 0 0 0 0 0 0 0 0 0 0 0 0 0 0 0 0 0 0 0 0 0 0 0 0 0 0 0 0 0 0 0 0 0 0 0 0 0 0 0 0 0 0 0 0 0 0 0 0 0 0 0 0 0 0 0 0 0 0 0 0 0 0 0 0 0 0 0 0 0 0 0 0 0 0 0 0 0 0 0 0 0 0 0 0 0 0 0 0 0
/AttachOneWay/beam/beam_DOFs.10(V_DERIV) = 0 0 0 0 0 0 0 0 0 0 0 0 0 0 0 0 0 0 0 0 0 0 0 0 0 0 0 0 0 0 0 0 0 0 0 0 0 0 0 0 0 0 0 0 0 0 0 0 0 0 0 0 0 0 0 0 0 0 0 0 0 0 0 0 0 0 0 0 0 0 0 0 0 0 0 0 0 0 0 0 0 0 0 0 0 0 0 0 0 0
/AttachOneWay/beam/beam_DOFs.dforce(V_DERIV) = 0 0 0 0 0 0 0 0 0 0 0 0 0 0 0 0 0 0 0 0 0 0 0 0 0 0 0 0 0 0 0 0 0 0 0 0 0 0 0 0 0 0 0 0 0 0 0 0 0 0 0 0 0 0 0 0 0 0 0 0 0 0 0 0 0 0 0 0 0 0 0 0 0 0 0 0 0 0 0 0 0 0 0 0 0 0 0 0 0 0
/AttachOneWay/beam/beam_DOFs.9(V_DERIV) = 0 0 0 0 0 0 0 0 0 0 0 0 0 0 0 0 0 0 0 0 0 0 0 0 0 0 0 0 0 0 0 0 0 0 0 0 0 0 0 0 0 0 0 0 0 0 0 0 0 0 0 0 0 0 0 0 0 0 0 0 0 0 0 0 0 0 0 0 0 0 0 0 0 0 0 0 0 0 0 0 0 0 0 0 0 0 0 0 0 0
/AttachOneWay/beam/beam_DOFs.showColor = 1 1 1 1
/AttachOneWay/beam/beam_DOFs.position = -732.9 0 0 0 0 0 1 -628.2 0 0 0 0 0 1 -523.5 0 0 0 0 0 1 -418.8 0 0 0 0 0 1 -314.1 0 0 0 0 0 1 -209.56 0 0 0 0 0 1 -104.7 0 0 0 0 0 1 0 0 0 0 0 0 1 104.7 0 0 0 0 0 1 209.56 0 0 0 0 0 1 314.1 0 0 0 0 0 1 418.8 0 0 0 0 0 1 523.5 0 0 0 0 0 1 628.2 0 0 0 0 0 1 732.9 0 0 0 0 0 1
/AttachOneWay/beam/beam_DOFs.velocity = 0 0 0 0 0 0 0 0 0 0 0 0 0 0 0 0 0 0 0 0 0 0 0 0 0 0 0 0 0 0 0 0 0 0 0 0 0 0 0 0 0 0 0 0 0 0 0 0 0 0 0 0 0 0 0 0 0 0 0 0 0 0 0 0 0 0 0 0 0 0 0 0 0 0 0 0 0 0 0 0 0 0 0 0 0 0 0 0 0 0
/AttachOneWay/beam/beam_DOFs.force = 0 0 0 0 0 0 0 0 0 0 0 0 0 0 0 0 0 0 0 0 0 0 0 0 0 0 0 0 0 0 0 0 0 0 0 0 0 0 0 0 0 0 0 0 0 0 0 0 0 0 0 0 0 0 0 0 0 0 0 0 0 0 0 0 0 0 0 0 0 0 0 0 0 0 0 0 0 0 0 0 0 0 0 0 0 0 0 0 0 0
/AttachOneWay/beam/beam_DOFs.externalForce = 0 0 0 0 0 0 0 0 0 0 0 0 0 0 0 0 0 0 0 0 0 0 0 0 0 0 0 0 0 0 0 0 0 0 0 0 0 0 0 0 0 0 0 0 0 0 0 0 0 0 0 0 0 0 0 0 0 0 0 0 0 0 0 0 0 0 0 0 0 0 0 0 0 0 0 0 0 0 0 0 0 0 0 0 0 0 0 0 0 0
/AttachOneWay/beam/beam_DOFs.derivX = 0 0 0 0 0 0 0 0 0 0 0 0 0 0 0 0 0 0 0 0 0 0 0 0 0 0 0 0 0 0 0 0 0 0 0 0 0 0 0 0 0 0 0 0 0 0 0 0 0 0 0 0 0 0 0 0 0 0 0 0 0 0 0 0 0 0 0 0 0 0 0 0 0 0 0 0 0 0 0 0 0 0 0 0 0 0 0 0 0 0
/AttachOneWay/beam/beam_DOFs.10(V_DERIV) = 0 0 0 0 0 0 0 0 0 0 0 0 0 0 0 0 0 0 0 0 0 0 0 0 0 0 0 0 0 0 0 0 0 0 0 0 0 0 0 0 0 0 0 0 0 0 0 0 0 0 0 0 0 0 0 0 0 0 0 0 0 0 0 0 0 0 0 0 0 0 0 0 0 0 0 0 0 0 0 0 0 0 0 0 0 0 0 0 0 0
/AttachOneWay/beam/beam_DOFs.dforce(V_DERIV) = 0 0 0 0 0 0 0 0 0 0 0 0 0 0 0 0 0 0 0 0 0 0 0 0 0 0 0 0 0 0 0 0 0 0 0 0 0 0 0 0 0 0 0 0 0 0 0 0 0 0 0 0 0 0 0 0 0 0 0 0 0 0 0 0 0 0 0 0 0 0 0 0 0 0 0 0 0 0 0 0 0 0 0 0 0 0 0 0 0 0
/AttachOneWay/beam/beam_DOFs.9(V_DERIV) = 0 0 0 0 0 0 0 0 0 0 0 0 0 0 0 0 0 0 0 0 0 0 0 0 0 0 0 0 0 0 0 0 0 0 0 0 0 0 0 0 0 0 0 0 0 0 0 0 0 0 0 0 0 0 0 0 0 0 0 0 0 0 0 0 0 0 0 0 0 0 0 0 0 0 0 0 0 0 0 0 0 0 0 0 0 0 0 0 0 0
/AttachOneWay/beam/beam_DOFs.showColor = 1 1 1 1

--- NEW SESSION: 28/05/2021 13:54:50 ---
/AttachOneWay/beam/beam_DOFs.velocity = 0 0 0 0 0 0 0 0 0 0 0 0 0 0 0 0 0 0 0 0 0 0 0 0 0 0 0 0 0 0 0 0 0 0 0 0 0 0 0 0 0 0 0 0 0 0 0 0 0 0 0 0 0 0 0 0 0 0 0 0 0 0 0 0 0 0 0 0 0 0 0 0 0 0 0 0 0 0 0 0 0 0 0 0 0 0 0 0 0 0
/AttachOneWay/beam/beam_DOFs.position = -732.9 0 0 0 0 0 1 -628.2 0 0 0 0 0 1 -523.5 0 0 0 0 0 1 -418.8 0 0 0 0 0 1 -314.1 0 0 0 0 0 1 -209.56 0 0 0 0 0 1 -104.7 0 0 0 0 0 1 0 0 0 0 0 0 1 104.7 0 0 0 0 0 1 209.56 0 0 0 0 0 1 314.1 0 0 0 0 0 1 418.8 0 0 0 0 0 1 523.5 0 0 0 0 0 1 628.2 0 0 0 0 0 1 732.9 0 0 0 0 0 1
/AttachOneWay/beam/beam_DOFs.force = 0 0 0 0 0 0 0 0 0 0 0 0 0 0 0 0 0 0 0 0 0 0 0 0 0 0 0 0 0 0 0 0 0 0 0 0 0 0 0 0 0 0 0 0 0 0 0 0 0 0 0 0 0 0 0 0 0 0 0 0 0 0 0 0 0 0 0 0 0 0 0 0 0 0 0 0 0 0 0 0 0 0 0 0 0 0 0 0 0 0
/AttachOneWay/beam/beam_DOFs.externalForce = 0 0 0 0 0 0 0 0 0 0 0 0 0 0 0 0 0 0 0 0 0 0 0 0 0 0 0 0 0 0 0 0 0 0 0 0 0 0 0 0 0 0 0 0 0 0 0 0 0 0 0 0 0 0 0 0 0 0 0 0 0 0 0 0 0 0 0 0 0 0 0 0 0 0 0 0 0 0 0 0 0 0 0 0 0 0 0 0 0 0
/AttachOneWay/beam/beam_DOFs.derivX = 0 0 0 0 0 0 0 0 0 0 0 0 0 0 0 0 0 0 0 0 0 0 0 0 0 0 0 0 0 0 0 0 0 0 0 0 0 0 0 0 0 0 0 0 0 0 0 0 0 0 0 0 0 0 0 0 0 0 0 0 0 0 0 0 0 0 0 0 0 0 0 0 0 0 0 0 0 0 0 0 0 0 0 0 0 0 0 0 0 0
/AttachOneWay/beam/beam_DOFs.9(V_DERIV) = 0 0 0 0 0 0 0 0 0 0 0 0 0 0 0 0 0 0 0 0 0 0 0 0 0 0 0 0 0 0 0 0 0 0 0 0 0 0 0 0 0 0 0 0 0 0 0 0 0 0 0 0 0 0 0 0 0 0 0 0 0 0 0 0 0 0 0 0 0 0 0 0 0 0 0 0 0 0 0 0 0 0 0 0 0 0 0 0 0 0
/AttachOneWay/beam/beam_DOFs.10(V_DERIV) = 0 0 0 0 0 0 0 0 0 0 0 0 0 0 0 0 0 0 0 0 0 0 0 0 0 0 0 0 0 0 0 0 0 0 0 0 0 0 0 0 0 0 0 0 0 0 0 0 0 0 0 0 0 0 0 0 0 0 0 0 0 0 0 0 0 0 0 0 0 0 0 0 0 0 0 0 0 0 0 0 0 0 0 0 0 0 0 0 0 0
/AttachOneWay/beam/beam_DOFs.dforce(V_DERIV) = 0 0 0 0 0 0 0 0 0 0 0 0 0 0 0 0 0 0 0 0 0 0 0 0 0 0 0 0 0 0 0 0 0 0 0 0 0 0 0 0 0 0 0 0 0 0 0 0 0 0 0 0 0 0 0 0 0 0 0 0 0 0 0 0 0 0 0 0 0 0 0 0 0 0 0 0 0 0 0 0 0 0 0 0 0 0 0 0 0 0
/AttachOneWay/beam/beam_DOFs.showColor = 1 1 1 1
/AttachOneWay/beam/beam_DOFs.velocity = 0 0 0 0 0 0 0 0 0 0 0 0 0 0 0 0 0 0 0 0 0 0 0 0 0 0 0 0 0 0 0 0 0 0 0 0 0 0 0 0 0 0 0 0 0 0 0 0 0 0 0 0 0 0 0 0 0 0 0 0 0 0 0 0 0 0 0 0 0 0 0 0 0 0 0 0 0 0 0 0 0 0 0 0 0 0 0 0 0 0
/AttachOneWay/beam/beam_DOFs.position = -732.9 0 0 0 0 0 1 -628.2 0 0 0 0 0 1 -523.5 0 0 0 0 0 1 -418.8 0 0 0 0 0 1 -314.1 0 0 0 0 0 1 -209.56 0 0 0 0 0 1 -104.7 0 0 0 0 0 1 0 0 0 0 0 0 1 104.7 0 0 0 0 0 1 209.56 0 0 0 0 0 1 314.1 0 0 0 0 0 1 418.8 0 0 0 0 0 1 523.5 0 0 0 0 0 1 628.2 0 0 0 0 0 1 732.9 0 0 0 0 0 1
/AttachOneWay/beam/beam_DOFs.force = 0 0 0 0 0 0 0 0 0 0 0 0 0 0 0 0 0 0 0 0 0 0 0 0 0 0 0 0 0 0 0 0 0 0 0 0 0 0 0 0 0 0 0 0 0 0 0 0 0 0 0 0 0 0 0 0 0 0 0 0 0 0 0 0 0 0 0 0 0 0 0 0 0 0 0 0 0 0 0 0 0 0 0 0 0 0 0 0 0 0
/AttachOneWay/beam/beam_DOFs.externalForce = 0 0 0 0 0 0 0 0 0 0 0 0 0 0 0 0 0 0 0 0 0 0 0 0 0 0 0 0 0 0 0 0 0 0 0 0 0 0 0 0 0 0 0 0 0 0 0 0 0 0 0 0 0 0 0 0 0 0 0 0 0 0 0 0 0 0 0 0 0 0 0 0 0 0 0 0 0 0 0 0 0 0 0 0 0 0 0 0 0 0
/AttachOneWay/beam/beam_DOFs.derivX = 0 0 0 0 0 0 0 0 0 0 0 0 0 0 0 0 0 0 0 0 0 0 0 0 0 0 0 0 0 0 0 0 0 0 0 0 0 0 0 0 0 0 0 0 0 0 0 0 0 0 0 0 0 0 0 0 0 0 0 0 0 0 0 0 0 0 0 0 0 0 0 0 0 0 0 0 0 0 0 0 0 0 0 0 0 0 0 0 0 0
/AttachOneWay/beam/beam_DOFs.9(V_DERIV) = 0 0 0 0 0 0 0 0 0 0 0 0 0 0 0 0 0 0 0 0 0 0 0 0 0 0 0 0 0 0 0 0 0 0 0 0 0 0 0 0 0 0 0 0 0 0 0 0 0 0 0 0 0 0 0 0 0 0 0 0 0 0 0 0 0 0 0 0 0 0 0 0 0 0 0 0 0 0 0 0 0 0 0 0 0 0 0 0 0 0
/AttachOneWay/beam/beam_DOFs.10(V_DERIV) = 0 0 0 0 0 0 0 0 0 0 0 0 0 0 0 0 0 0 0 0 0 0 0 0 0 0 0 0 0 0 0 0 0 0 0 0 0 0 0 0 0 0 0 0 0 0 0 0 0 0 0 0 0 0 0 0 0 0 0 0 0 0 0 0 0 0 0 0 0 0 0 0 0 0 0 0 0 0 0 0 0 0 0 0 0 0 0 0 0 0
/AttachOneWay/beam/beam_DOFs.dforce(V_DERIV) = 0 0 0 0 0 0 0 0 0 0 0 0 0 0 0 0 0 0 0 0 0 0 0 0 0 0 0 0 0 0 0 0 0 0 0 0 0 0 0 0 0 0 0 0 0 0 0 0 0 0 0 0 0 0 0 0 0 0 0 0 0 0 0 0 0 0 0 0 0 0 0 0 0 0 0 0 0 0 0 0 0 0 0 0 0 0 0 0 0 0
/AttachOneWay/beam/beam_DOFs.showColor = 1 1 1 1
/AttachOneWay/beam/beam_DOFs.velocity = 0 0 0 0 0 0 0 0 0 0 0 0 0 0 0 0 0 0 0 0 0 0 0 0 0 0 0 0 0 0 0 0 0 0 0 0 0 0 0 0 0 0 0 0 0 0 0 0 0 0 0 0 0 0 0 0 0 0 0 0 0 0 0 0 0 0 0 0 0 0 0 0 0 0 0 0 0 0 0 0 0 0 0 0 0 0 0 0 0 0
/AttachOneWay/beam/beam_DOFs.position = -732.9 0 0 0 0 0 1 -628.2 0 0 0 0 0 1 -523.5 0 0 0 0 0 1 -418.8 0 0 0 0 0 1 -314.1 0 0 0 0 0 1 -209.56 0 0 0 0 0 1 -104.7 0 0 0 0 0 1 0 0 0 0 0 0 1 104.7 0 0 0 0 0 1 209.56 0 0 0 0 0 1 314.1 0 0 0 0 0 1 418.8 0 0 0 0 0 1 523.5 0 0 0 0 0 1 628.2 0 0 0 0 0 1 732.9 0 0 0 0 0 1
/AttachOneWay/beam/beam_DOFs.force = 0 0 0 0 0 0 0 0 0 0 0 0 0 0 0 0 0 0 0 0 0 0 0 0 0 0 0 0 0 0 0 0 0 0 0 0 0 0 0 0 0 0 0 0 0 0 0 0 0 0 0 0 0 0 0 0 0 0 0 0 0 0 0 0 0 0 0 0 0 0 0 0 0 0 0 0 0 0 0 0 0 0 0 0 0 0 0 0 0 0
/AttachOneWay/beam/beam_DOFs.externalForce = 0 0 0 0 0 0 0 0 0 0 0 0 0 0 0 0 0 0 0 0 0 0 0 0 0 0 0 0 0 0 0 0 0 0 0 0 0 0 0 0 0 0 0 0 0 0 0 0 0 0 0 0 0 0 0 0 0 0 0 0 0 0 0 0 0 0 0 0 0 0 0 0 0 0 0 0 0 0 0 0 0 0 0 0 0 0 0 0 0 0
/AttachOneWay/beam/beam_DOFs.derivX = 0 0 0 0 0 0 0 0 0 0 0 0 0 0 0 0 0 0 0 0 0 0 0 0 0 0 0 0 0 0 0 0 0 0 0 0 0 0 0 0 0 0 0 0 0 0 0 0 0 0 0 0 0 0 0 0 0 0 0 0 0 0 0 0 0 0 0 0 0 0 0 0 0 0 0 0 0 0 0 0 0 0 0 0 0 0 0 0 0 0
/AttachOneWay/beam/beam_DOFs.9(V_DERIV) = 0 0 0 0 0 0 0 0 0 0 0 0 0 0 0 0 0 0 0 0 0 0 0 0 0 0 0 0 0 0 0 0 0 0 0 0 0 0 0 0 0 0 0 0 0 0 0 0 0 0 0 0 0 0 0 0 0 0 0 0 0 0 0 0 0 0 0 0 0 0 0 0 0 0 0 0 0 0 0 0 0 0 0 0 0 0 0 0 0 0
/AttachOneWay/beam/beam_DOFs.10(V_DERIV) = 0 0 0 0 0 0 0 0 0 0 0 0 0 0 0 0 0 0 0 0 0 0 0 0 0 0 0 0 0 0 0 0 0 0 0 0 0 0 0 0 0 0 0 0 0 0 0 0 0 0 0 0 0 0 0 0 0 0 0 0 0 0 0 0 0 0 0 0 0 0 0 0 0 0 0 0 0 0 0 0 0 0 0 0 0 0 0 0 0 0
/AttachOneWay/beam/beam_DOFs.dforce(V_DERIV) = 0 0 0 0 0 0 0 0 0 0 0 0 0 0 0 0 0 0 0 0 0 0 0 0 0 0 0 0 0 0 0 0 0 0 0 0 0 0 0 0 0 0 0 0 0 0 0 0 0 0 0 0 0 0 0 0 0 0 0 0 0 0 0 0 0 0 0 0 0 0 0 0 0 0 0 0 0 0 0 0 0 0 0 0 0 0 0 0 0 0
/AttachOneWay/beam/beam_DOFs.showColor = 1 1 1 1

--- NEW SESSION: 30/05/2021 12:33:53 ---
/AttachOneWay/Mass1/DOF_Mass_1.position = -730.841 0 -73.5431 0.707107 0 0 0.707107
/AttachOneWay/Mass1/DOF_Mass_1.velocity = -7.96894e-10 0 9.23078e-08 0 0 0
/AttachOneWay/Mass1/DOF_Mass_1.free_velocity = 6.60372e-10 0 -98.002 0 0 0
/AttachOneWay/Mass1/DOF_Mass_1.constraint = 0 1 0 1 0 0 0 0 0  
1 1 0 0 1 0 0 0 0  
2 1 0 0 0 1 0 0 0  

/AttachOneWay/Mass1/DOF_Mass_1.9(V_DERIV) = -6.76171e-11 0 4.54729 0 0 0
/AttachOneWay/Mass1/DOF_Mass_1.10(V_DERIV) = -1.45727e-11 0 0.98002 0 0 0
/AttachOneWay/Mass1/DOF_Mass_1.12(V_DERIV) = -6.60372e-13 0 -98.002 0 0 0
/AttachOneWay/Mass1/DOF_Mass_1.showColor = 1 1 1 1
/AttachOneWay/Mass1/DOF_Mass_1.position = -730.841 0 -73.5431 0.707107 0 0 0.707107
/AttachOneWay/Mass1/DOF_Mass_1.velocity = 8.4927e-06 0 8.84763e-06 0 0 0
/AttachOneWay/Mass1/DOF_Mass_1.constraint = 0 1 0 1 0 0 0 0 0  
1 1 0 0 1 0 0 0 0  
2 1 0 0 0 1 0 0 0  

/AttachOneWay/Mass1/DOF_Mass_1.free_velocity = 9.74821e-06 0 -98.002 0 0 0
/AttachOneWay/Mass1/DOF_Mass_1.9(V_DERIV) = -5.82556e-08 0 4.54729 0 0 0
/AttachOneWay/Mass1/DOF_Mass_1.10(V_DERIV) = -1.25551e-08 0 0.98002 0 0 0
/AttachOneWay/Mass1/DOF_Mass_1.12(V_DERIV) = -9.74821e-09 0 -98.002 0 0 0
/AttachOneWay/Mass1/DOF_Mass_1.showColor = 1 1 1 1
/AttachOneWay/Mass1/DOF_Mass_1.velocity = -3.57829e-12 0 5.24381e-11 0 0 0
/AttachOneWay/Mass1/DOF_Mass_1.constraint = 0 1 0 1 0 0 0 0 0  
1 1 0 0 1 0 0 0 0  
2 1 0 0 0 1 0 0 0  

/AttachOneWay/Mass1/DOF_Mass_1.free_velocity = -3.57829e-12 0 -98.002 0 0 0
/AttachOneWay/Mass1/DOF_Mass_1.9(V_DERIV) = 0 0 4.54729 0 0 0
/AttachOneWay/Mass1/DOF_Mass_1.12(V_DERIV) = 3.57829e-15 0 -98.002 0 0 0
/AttachOneWay/Mass1/DOF_Mass_1.10(V_DERIV) = 0 0 0.98002 0 0 0
/AttachOneWay/Mass1/DOF_Mass_1.showColor = 1 1 1 1
/AttachOneWay/Mass1/DOF_Mass_1.velocity = -3.57829e-12 0 5.24381e-11 0 0 0
/AttachOneWay/Mass1/DOF_Mass_1.constraint = 0 1 0 1 0 0 0 0 0  
1 1 0 0 1 0 0 0 0  
2 1 0 0 0 1 0 0 0  

/AttachOneWay/Mass1/DOF_Mass_1.free_velocity = -3.57829e-12 0 -98.002 0 0 0
/AttachOneWay/Mass1/DOF_Mass_1.9(V_DERIV) = 0 0 4.54729 0 0 0
/AttachOneWay/Mass1/DOF_Mass_1.12(V_DERIV) = 3.57829e-15 0 -98.002 0 0 0
/AttachOneWay/Mass1/DOF_Mass_1.10(V_DERIV) = 0 0 0.98002 0 0 0
/AttachOneWay/Mass1/DOF_Mass_1.showColor = 1 1 1 1
/AttachOneWay/Mass1/DOF_Mass_1.velocity = -3.57829e-12 0 5.24381e-11 0 0 0
/AttachOneWay/Mass1/DOF_Mass_1.constraint = 0 1 0 1 0 0 0 0 0  
1 1 0 0 1 0 0 0 0  
2 1 0 0 0 1 0 0 0  

/AttachOneWay/Mass1/DOF_Mass_1.free_velocity = -3.57829e-12 0 -98.002 0 0 0
/AttachOneWay/Mass1/DOF_Mass_1.9(V_DERIV) = 0 0 4.54729 0 0 0
/AttachOneWay/Mass1/DOF_Mass_1.12(V_DERIV) = 3.57829e-15 0 -98.002 0 0 0
/AttachOneWay/Mass1/DOF_Mass_1.10(V_DERIV) = 0 0 0.98002 0 0 0
/AttachOneWay/Mass1/DOF_Mass_1.showColor = 1 1 1 1

--- NEW SESSION: 30/05/2021 12:55:52 ---
/AttachOneWay/Mass1/DOF_Mass_1.velocity = -1.73056e-12 0 9.16884e-11 0 0 0
/AttachOneWay/Mass1/DOF_Mass_1.free_velocity = -1.73056e-12 0 -98.002 0 0 0
/AttachOneWay/Mass1/DOF_Mass_1.constraint = 0 1 0 1 0 0 0 0 0  
1 1 0 0 1 0 0 0 0  
2 1 0 0 0 1 0 0 0  

/AttachOneWay/Mass1/DOF_Mass_1.12(V_DERIV) = 1.73056e-15 0 -98.002 0 0 0
/AttachOneWay/Mass1/DOF_Mass_1.showColor = 1 1 1 1
/AttachOneWay/beam/beam_DOFs.force = 1.11697e+07 0 6.392e+06 0 -3.28242e+08 0 -1.11697e+07 0 -6.39154e+06 0 -3.28242e+08 0 -1.4033e-05 0 -1.44617e-07 0 -3.54485e-08 0 1.31322e-05 0 1.31166e-07 0 -3.65544e-08 0 -7.67868e-06 0 -6.52058e-08 0 -6.8685e-09 0 2.16476e-06 0 2.2352e-08 0 -1.18744e-08 0 -2.65818e-07 0 5.97424e-09 0 -7.91624e-09 0 -4.17298e-07 0 -4202.85 0 8.96377 0 1.26774e-05 0 -3.176e-08 0 -1.07102e-08 0 -4.26369e-06 0 9.36325e-10 0 -1.87429e-08 0 -6.64042e-06 0 4.30141e-08 0 -8.14907e-09 0 1.2209e-05 0 -1.11828e-07 0 -2.98605e-08 0 -1.1111e-05 0 1.04113e-07 0 -3.67872e-08 0 1.10277e+07 0 -6.38848e+06 0 3.28243e+08 0 -1.10277e+07 0 6.38894e+06 0 3.28243e+08 0
/AttachOneWay/beam/beam_DOFs.velocity = -2.61953e-12 0 2.30784e-11 0 4.28561e-14 0 -2.88984e-12 0 2.23862e-11 0 4.69724e-14 0 -3.58309e-12 0 1.73344e-11 0 4.88616e-14 0 -1.52867e-12 0 1.22689e-11 0 4.72193e-14 0 -2.05544e-12 0 7.57427e-12 0 4.17209e-14 0 -1.09182e-12 0 3.67804e-12 0 3.21673e-14 0 -5.6514e-13 0 9.95767e-13 0 1.82738e-14 0 0 0 0 0 0 0 6.45859e-13 0 3.14727e-13 0 -6.016e-15 0 -1.19182e-12 0 1.26128e-12 0 -1.20409e-14 0 -2.18349e-12 0 2.83134e-12 0 -1.79469e-14 0 -1.86763e-12 0 5.00918e-12 0 -2.36675e-14 0 -3.9357e-12 0 7.76934e-12 0 -2.89144e-14 0 -3.81901e-12 0 1.10312e-11 0 -3.33483e-14 0 -3.12796e-12 0 8.896e-12 0 -3.46667e-14 0
/AttachOneWay/beam/beam_DOFs.derivX = 0 0 0 0 0 0 0 0 0 0 0 0 0 0 0 0 0 0 0 0 0 0 0 0 0 0 0 0 0 0 0 0 0 0 0 0 0 0 0 0 0 0 0 0 0 0 0 0 0 0 0 0 0 0 0 0 0 0 0 0 0 0 0 0 0 0 0 0 0 0 0 0 0 0 0 0 0 0 0 0 0 0 0 0 0 0 0 0 0 0
/AttachOneWay/beam/beam_DOFs.free_velocity = -2.61953e-12 0 203.231 0 4.28561e-14 0 -2.88984e-12 0 2.23862e-11 0 4.69724e-14 0 -3.58309e-12 0 1.73344e-11 0 4.88616e-14 0 -1.52867e-12 0 1.22689e-11 0 4.72193e-14 0 -2.05544e-12 0 7.57427e-12 0 4.17209e-14 0 -1.09182e-12 0 3.67804e-12 0 3.21673e-14 0 -5.6514e-13 0 9.95767e-13 0 1.82738e-14 0 0 0 0 0 0 0 6.45859e-13 0 3.14727e-13 0 -6.016e-15 0 -1.19182e-12 0 1.26128e-12 0 -1.20409e-14 0 -2.18349e-12 0 2.83134e-12 0 -1.79469e-14 0 -1.86763e-12 0 5.00918e-12 0 -2.36675e-14 0 -3.9357e-12 0 7.76934e-12 0 -2.89144e-14 0 -3.81901e-12 0 1.10312e-11 0 -3.33483e-14 0 -3.12796e-12 0 203.231 0 -3.46667e-14 0
/AttachOneWay/beam/beam_DOFs.dforce(V_DERIV) = 0 0 0 0 0 0 0 0 0 0 0 0 0 0 0 0 0 0 0 0 0 0 0 0 0 0 0 0 0 0 0 0 0 0 0 0 0 0 0 0 0 0 0 0 0 0 0 0 0 0 0 0 0 0 0 0 0 0 0 0 0 0 0 0 0 0 0 0 0 0 0 0 0 0 0 0 0 0 0 0 0 0 0 0 0 0 0 0 0 0
/AttachOneWay/beam/beam_DOFs.constraint = 0 1 0 -1 0 0 0 0 0  
1 1 0 0 -1 0 0 0 0  
2 1 0 0 0 -1 0 0 0  
3 1 14 -1 0 0 0 0 0  
4 1 14 0 -1 0 0 0 0  
5 1 14 0 0 -1 0 0 0  

/AttachOneWay/beam/beam_DOFs.showColor = 1 1 1 1
/AttachOneWay/beam/beam_DOFs.12(V_DERIV) = 7.66244e-13 0 203.231 0 -1.56029e-13 0 6.49359e-13 0 -5.43068e-11 0 -1.50991e-13 0 4.85129e-13 0 -3.92476e-11 0 -1.35854e-13 0 3.46669e-13 0 -2.6031e-11 0 -1.15861e-13 0 1.1221e-13 0 -1.5132e-11 0 -9.18233e-14 0 4.35485e-14 0 -6.94247e-12 0 -6.43153e-14 0 9.20637e-15 0 -1.78263e-12 0 -3.35846e-14 0 0 0 0 0 0 0 9.04782e-16 0 2.18364e-12 0 -4.09011e-14 0 2.3002e-14 0 8.40472e-12 0 -7.6935e-14 0 8.25734e-14 0 1.81062e-11 0 -1.07811e-13 0 1.84914e-13 0 3.07826e-11 0 -1.3346e-13 0 3.27057e-13 0 4.58553e-11 0 -1.53448e-13 0 5.00419e-13 0 6.26983e-11 0 -1.67227e-13 0 6.33271e-13 0 203.231 0 -1.70086e-13 0
/AttachOneWay/beam/beam_DOFs.10(V_DERIV) = 0 0 -2.03231 0 0 0 0 0 0 0 0 0 0 0 0 0 0 0 0 0 0 0 0 0 0 0 0 0 0 0 0 0 0 0 0 0 0 0 0 0 0 0 0 0 0 0 0 0 0 0 0 0 0 0 0 0 0 0 0 0 0 0 0 0 0 0 0 0 0 0 0 0 0 0 0 0 0 0 0 0 0 0 0 0 0 0 -2.03231 0 0 0
/AttachOneWay/beam/beam_DOFs.9(V_DERIV) = 0 0 -4.54729 0 0 0 0 0 0 0 0 0 0 0 0 0 0 0 0 0 0 0 0 0 0 0 0 0 0 0 0 0 0 0 0 0 0 0 0 0 0 0 0 0 0 0 0 0 0 0 0 0 0 0 0 0 0 0 0 0 0 0 0 0 0 0 0 0 0 0 0 0 0 0 0 0 0 0 0 0 0 0 0 0 0 0 -4.54729 0 0 0
/AttachOneWay/Mass1/DOF_Mass_1.velocity = -2.84569e-12 0 -4.55316e-11 0 0 0
/AttachOneWay/Mass1/DOF_Mass_1.free_velocity = -2.84569e-12 0 -98.002 0 0 0
/AttachOneWay/Mass1/DOF_Mass_1.constraint = 0 1 0 1 0 0 0 0 0  
1 1 0 0 1 0 0 0 0  
2 1 0 0 0 1 0 0 0  

/AttachOneWay/Mass1/DOF_Mass_1.12(V_DERIV) = 2.84569e-15 0 -98.002 0 0 0
/AttachOneWay/Mass1/DOF_Mass_1.showColor = 1 1 1 1
/AttachOneWay/Mass1/DOF_Mass_1.velocity = -2.84569e-12 0 -4.55316e-11 0 0 0
/AttachOneWay/Mass1/DOF_Mass_1.free_velocity = -2.84569e-12 0 -98.002 0 0 0
/AttachOneWay/Mass1/DOF_Mass_1.constraint = 0 1 0 1 0 0 0 0 0  
1 1 0 0 1 0 0 0 0  
2 1 0 0 0 1 0 0 0  

/AttachOneWay/Mass1/DOF_Mass_1.12(V_DERIV) = 2.84569e-15 0 -98.002 0 0 0
/AttachOneWay/Mass1/DOF_Mass_1.showColor = 1 1 1 1
/AttachOneWay/Mass1/DOF_Mass_1.velocity = -2.84569e-12 0 -4.55316e-11 0 0 0
/AttachOneWay/Mass1/DOF_Mass_1.free_velocity = -2.84569e-12 0 -98.002 0 0 0
/AttachOneWay/Mass1/DOF_Mass_1.constraint = 0 1 0 1 0 0 0 0 0  
1 1 0 0 1 0 0 0 0  
2 1 0 0 0 1 0 0 0  

/AttachOneWay/Mass1/DOF_Mass_1.12(V_DERIV) = 2.84569e-15 0 -98.002 0 0 0
/AttachOneWay/Mass1/DOF_Mass_1.showColor = 1 1 1 1
/AttachOneWay/Mass1/DOF_Mass_1.velocity = 3.80097e-12 0 1.71809e-11 0 0 0
/AttachOneWay/Mass1/DOF_Mass_1.free_velocity = 3.80097e-12 0 -98.002 0 0 0
/AttachOneWay/Mass1/DOF_Mass_1.constraint = 0 1 0 1 0 0 0 0 0  
1 1 0 0 1 0 0 0 0  
2 1 0 0 0 1 0 0 0  

/AttachOneWay/Mass1/DOF_Mass_1.12(V_DERIV) = -3.80097e-15 0 -98.002 0 0 0
/AttachOneWay/Mass1/DOF_Mass_1.showColor = 1 1 1 1
