
--- NEW SESSION: 10/08/2021 19:35:46 ---
/Hip/DOFs2.velocity = -0.189268 0 -0.283637 0 19.4857 0 -2.67982 0 0.259315 0 19.4705 0 -5.25826 0 0.990456 0 19.466 0
/Hip/DOFs2.force = -225345 0 -837702 0 -742.407 0 217269 0 805500 0 -811.526 0 8075.93 0 32196.7 0 -66.1435 0
/Hip/DOFs2.free_velocity = -0.278389 0 -0.473499 0 19.4781 0 -2.67982 0 0.259315 0 19.4705 0 -5.25826 0 0.990456 0 19.466 0
/Hip/DOFs2.constraint = 0 3 0 1 0 0 0 0 0  1 0 0 0 0 0 0  2 0 0 0 0 0 0  
1 3 0 0 0 0 0 0 0  1 0 0 0 0 0 0  2 0 0 0 0 0 0  
2 3 0 0 0 1 0 0 0  1 0 0 0 0 0 0  2 0 0 0 0 0 0  
3 3 0 -1 0 0 0 0.254468 0  1 0 0 0 0 0 0  2 0 0 0 0 0 0  
4 3 0 0 0 0 -0.254468 0 0.0721566  1 0 0 0 0 0 0  2 0 0 0 0 0 0  
5 3 0 0 0 -1 0 -0.0721566 0  1 0 0 0 0 0 0  2 0 0 0 0 0 0  

/Hip/DOFs2.9(V_DERIV) = 0.0172301 0 0.0367068 0 0.00146841 0 0 0 0 0 0 0 0 0 0 0 0 0
/Hip/DOFs2.10(V_DERIV) = 3.56484e-05 0 7.59451e-05 0 3.0381e-06 0 0 0 0 0 0 0 0 0 0 0 0 0
/Hip/DOFs2.showColor = 1 1 1 1
/Hip/DOFs2.12(V_DERIV) = -0.063573 0 -0.150276 0 -0.000754067 0 0.0296333 0 0.0590537 0 0.00731872 0 0.0342683 0 0.0794189 0 0.00745377 0
/Hip/DOFs2.velocity = 0.0715321 0 0.117185 0 19.6881 0 -2.23424 0 1.21372 0 19.6826 0 -4.60137 0 2.53221 0 19.6807 0
/Hip/DOFs2.force = -431283 0 -804390 0 -903.809 0 415932 0 774666 0 -978.571 0 15350.7 0 29719 0 -69.1053 0
/Hip/DOFs2.constraint = 0 3 0 1 0 0 0 0 0  1 0 0 0 0 0 0  2 0 0 0 0 0 0  
1 3 0 0 0 0 0 0 0  1 0 0 0 0 0 0  2 0 0 0 0 0 0  
2 3 0 0 0 1 0 0 0  1 0 0 0 0 0 0  2 0 0 0 0 0 0  
3 3 0 -1 0 0 0 0.231121 0  1 0 0 0 0 0 0  2 0 0 0 0 0 0  
4 3 0 0 0 0 -0.231121 0 0.128621  1 0 0 0 0 0 0  2 0 0 0 0 0 0  
5 3 0 0 0 -1 0 -0.128621 0  1 0 0 0 0 0 0  2 0 0 0 0 0 0  

/Hip/DOFs2.free_velocity = -0.0359337 0 -0.0697414 0 19.6884 0 -2.23424 0 1.21372 0 19.6826 0 -4.60137 0 2.53221 0 19.6807 0
/Hip/DOFs2.9(V_DERIV) = 0.0207767 0 0.0361392 0 -5.53819e-05 0 0 0 0 0 0 0 0 0 0 0 0 0
/Hip/DOFs2.10(V_DERIV) = 4.29863e-05 0 7.47708e-05 0 -1.14583e-07 0 0 0 0 0 0 0 0 0 0 0 0 0
/Hip/DOFs2.showColor = 1 1 1 1
/Hip/DOFs2.12(V_DERIV) = -0.0809335 0 -0.147031 0 0.00329125 0 0.0356689 0 0.0581 0 0.0035325 0 0.0455394 0 0.0770117 0 0.00368269 0
