
--- NEW SESSION: 10/08/2021 19:35:47 ---
/Hip/DOFs2.force = -240850 0 -836710 0 -738.575 0 232171 0 804486 0 -807.221 0 8679.16 0 32218.4 0 -66.4647 0
/Hip/DOFs2.velocity = -0.0717867 0 -0.111625 0 19.498 0 -2.54438 0 0.479176 0 19.4874 0 -5.11207 0 1.25563 0 19.4841 0
/Hip/DOFs2.constraint = 0 3 0 1 0 0 0 0 0  1 0 0 0 0 0 0  2 0 0 0 0 0 0  
1 3 0 0 0 0 0 0 0  1 0 0 0 0 0 0  2 0 0 0 0 0 0  
2 3 0 0 0 1 0 0 0  1 0 0 0 0 0 0  2 0 0 0 0 0 0  
3 3 0 -1 0 0 0 0.253176 0  1 0 0 0 0 0 0  2 0 0 0 0 0 0  
4 3 0 0 0 0 -0.253176 0 0.076564  1 0 0 0 0 0 0  2 0 0 0 0 0 0  
5 3 0 0 0 -1 0 -0.076564 0  1 0 0 0 0 0 0  2 0 0 0 0 0 0  

/Hip/DOFs2.free_velocity = -0.154414 0 -0.295909 0 19.4924 0 -2.54438 0 0.479176 0 19.4874 0 -5.11207 0 1.25563 0 19.4841 0
/Hip/DOFs2.10(V_DERIV) = 3.30509e-05 0 7.37137e-05 0 2.23497e-06 0 0 0 0 0 0 0 0 0 0 0 0 0
/Hip/DOFs2.9(V_DERIV) = 0.0159746 0 0.0356283 0 0.00108024 0 0 0 0 0 0 0 0 0 0 0 0 0
/Hip/DOFs2.showColor = 1 1 1 1
/Hip/DOFs2.12(V_DERIV) = -0.0597964 0 -0.146458 0 -9.51027e-05 0 0.0274658 0 0.0571813 0 0.00596317 0 0.032643 0 0.0774473 0 0.00609674 0
/Hip/DOFs2.velocity = 0.355622 0 0.570608 0 19.2604 0 -1.86607 0 1.69664 0 19.2594 0 -4.15349 0 3.03726 0 19.2588 0
/Hip/DOFs2.force = -480777 0 -848555 0 -885.303 0 464866 0 819396 0 -956.329 0 15910.6 0 29153.3 0 -66.5304 0
/Hip/DOFs2.free_velocity = 0.254268 0 0.389747 0 19.2624 0 -1.86607 0 1.69664 0 19.2594 0 -4.15349 0 3.03726 0 19.2588 0
/Hip/DOFs2.constraint = 0 3 0 1 0 0 0 0 0  1 0 0 0 0 0 0  2 0 0 0 0 0 0  
1 3 0 0 0 0 0 0 0  1 0 0 0 0 0 0  2 0 0 0 0 0 0  
2 3 0 0 0 1 0 0 0  1 0 0 0 0 0 0  2 0 0 0 0 0 0  
3 3 0 -1 0 0 0 0.228234 0  1 0 0 0 0 0 0  2 0 0 0 0 0 0  
4 3 0 0 0 0 -0.228234 0 0.133677  1 0 0 0 0 0 0  2 0 0 0 0 0 0  
5 3 0 0 0 -1 0 -0.133677 0  1 0 0 0 0 0 0  2 0 0 0 0 0 0  

/Hip/DOFs2.9(V_DERIV) = 0.0195952 0 0.0349665 0 -0.000380315 0 0 0 0 0 0 0 0 0 0 0 0 0
/Hip/DOFs2.10(V_DERIV) = 4.05417e-05 0 7.23445e-05 0 -7.86859e-07 0 0 0 0 0 0 0 0 0 0 0 0 0
/Hip/DOFs2.showColor = 1 1 1 1
/Hip/DOFs2.12(V_DERIV) = -0.0770775 0 -0.141954 0 0.00385309 0 0.0336742 0 0.0560729 0 0.00243353 0 0.0436339 0 0.0739045 0 0.0025901 0
