
--- NEW SESSION: 07/08/2021 12:48:58 ---
/Leg/DOFs2.velocity = 0.00157955 0.00269251 0.336734 -0.020336 -0.00584338 -4.0262e-05 0 0 -70.1951 0 0 0 0 0 -70.1951 0 0 0 0 0 -70.1951 0 0 0 0 0 -70.1951 0 0 0 0 0 -70.1951 0 0 0 0 0 -70.1951 0 0 0 0 0 -70.1951 0 0 0 0 0 -70.1951 0 0 0 0 0 -70.1951 0 0 0 0 0 -70.1951 0 0 0 0 0 -70.1951 0 0 0 0 0 -70.1951 0 0 0 0 0 -70.1951 0 0 0 0 0 -70.1951 0 0 0 0 0 -70.1951 0 0 0 0 0 -70.1951 0 0 0 0 0 -70.1951 0 0 0 0 0 -70.1951 0 0 0 0 0 -70.1951 0 0 0 0 0 -70.1951 0 0 0 0 0 -70.1951 0 0 0 0 0 -70.1951 0 0 0 0 0 -70.1951 0 0 0 0 0 -70.1951 0 0 0 0 0 -70.1951 0 0 0 0 0 -70.1951 0 0 0 0 0 -70.1951 0 0 0
/Leg/DOFs2.force = 0 0 -0.00350357 0 0 0 0 0 -0.00350357 0 0 0 0 0 -0.00350357 0 0 0 0 0 -0.00350357 0 0 0 0 0 -0.00350357 0 0 0 0 0 -0.00350357 0 0 0 0 0 -0.00350357 0 0 0 0 0 -0.00350357 0 0 0 0 0 -0.00350357 0 0 0 0 0 -0.00350357 0 0 0 0 0 -0.00350357 0 0 0 0 0 -0.00350357 0 0 0 0 0 -0.00350357 0 0 0 0 0 -0.00350357 0 0 0 0 0 -0.00350357 0 0 0 0 0 -0.00350357 0 0 0 0 0 -0.00350357 0 0 0 0 0 -0.00350357 0 0 0 0 0 -0.00350357 0 0 0 0 0 -0.00350357 0 0 0 0 0 -0.00350357 0 0 0 0 0 -0.00350357 0 0 0 0 0 -0.00350357 0 0 0 0 0 -0.00350357 0 0 0 0 0 -0.00350357 0 0 0 0 0 -0.00350357 0 0 0 0 0 -0.00350357 0 0 0 0 0 -0.00350357 0 0 0
/Leg/DOFs2.derivX = 0 0 0 0 0 0 0 0 0 0 0 0 0 0 0 0 0 0 0 0 0 0 0 0 0 0 0 0 0 0 0 0 0 0 0 0 0 0 0 0 0 0 0 0 0 0 0 0 0 0 0 0 0 0 0 0 0 0 0 0 0 0 0 0 0 0 0 0 0 0 0 0 0 0 0 0 0 0 0 0 0 0 0 0 0 0 0 0 0 0 0 0 0 0 0 0 0 0 0 0 0 0 0 0 0 0 0 0 0 0 0 0 0 0 0 0 0 0 0 0 0 0 0 0 0 0 0 0 0 0 0 0 0 0 0 0 0 0 0 0 0 0 0 0 0 0 0 0 0 0 0 0 0 0 0 0 0 0 0 0 0 0 0 0 0 0 0 0
/Leg/DOFs2.free_velocity = 0.12306 0.158527 0.782398 -1.19872 0.903609 -0.00224436 0 0 -70.1951 0 0 0 0 0 -70.1951 0 0 0 0 0 -70.1951 0 0 0 0 0 -70.1951 0 0 0 0 0 -70.1951 0 0 0 0 0 -70.1951 0 0 0 0 0 -70.1951 0 0 0 0 0 -70.1951 0 0 0 0 0 -70.1951 0 0 0 0 0 -70.1951 0 0 0 0 0 -70.1951 0 0 0 0 0 -70.1951 0 0 0 0 0 -70.1951 0 0 0 0 0 -70.1951 0 0 0 0 0 -70.1951 0 0 0 0 0 -70.1951 0 0 0 0 0 -70.1951 0 0 0 0 0 -70.1951 0 0 0 0 0 -70.1951 0 0 0 0 0 -70.1951 0 0 0 0 0 -70.1951 0 0 0 0 0 -70.1951 0 0 0 0 0 -70.1951 0 0 0 0 0 -70.1951 0 0 0 0 0 -70.1951 0 0 0 0 0 -70.1951 0 0 0 0 0 -70.1951 0 0 0
/Leg/DOFs2.constraint = 3 1 0 1 0 0 0 0.13225 1.3682e-05  
4 1 0 0 1 0 -0.13225 0 -0.000257925  
5 1 0 0 0 1 -1.3682e-05 0.000257925 0  
6 1 0 -1 0 0 0 0.13225 1.3682e-05  
7 1 0 0 -1 0 -0.13225 0 -0.000257925  
8 1 0 0 0 -1 -1.3682e-05 0.000257925 0  

/Leg/DOFs2.dforce(V_DERIV) = 0 0 0 0 0 0 0 0 0 0 0 0 0 0 0 0 0 0 0 0 0 0 0 0 0 0 0 0 0 0 0 0 0 0 0 0 0 0 0 0 0 0 0 0 0 0 0 0 0 0 0 0 0 0 0 0 0 0 0 0 0 0 0 0 0 0 0 0 0 0 0 0 0 0 0 0 0 0 0 0 0 0 0 0 0 0 0 0 0 0 0 0 0 0 0 0 0 0 0 0 0 0 0 0 0 0 0 0 0 0 0 0 0 0 0 0 0 0 0 0 0 0 0 0 0 0 0 0 0 0 0 0 0 0 0 0 0 0 0 0 0 0 0 0 0 0 0 0 0 0 0 0 0 0 0 0 0 0 0 0 0 0 0 0 0 0 0 0
/Leg/DOFs2.showColor = 1 1 1 1
/Leg/DOFs2.10(V_DERIV) = -0.000607402 -0.000779171 -0.00222832 0.00589191 -0.00454726 1.10205e-05 0 0 0 0 0 0 0 0 0 0 0 0 0 0 0 0 0 0 0 0 0 0 0 0 0 0 0 0 0 0 0 0 0 0 0 0 0 0 0 0 0 0 0 0 0 0 0 0 0 0 0 0 0 0 0 0 0 0 0 0 0 0 0 0 0 0 0 0 0 0 0 0 0 0 0 0 0 0 0 0 0 0 0 0 0 0 0 0 0 0 0 0 0 0 0 0 0 0 0 0 0 0 0 0 0 0 0 0 0 0 0 0 0 0 0 0 0 0 0 0 0 0 0 0 0 0 0 0 0 0 0 0 0 0 0 0 0 0 0 0 0 0 0 0 0 0 0 0 0 0 0 0 0 0 0 0 0 0 0 0 0 0
/Leg/DOFs2.12(V_DERIV) = -6.153e-05 -7.92634e-05 -0.0494412 0.000599359 -0.000451804 1.12218e-06 0 0 -0.0139524 0 0 0 0 0 -0.0139524 0 0 0 0 0 -0.0139524 0 0 0 0 0 -0.0139524 0 0 0 0 0 -0.0139524 0 0 0 0 0 -0.0139524 0 0 0 0 0 -0.0139524 0 0 0 0 0 -0.0139524 0 0 0 0 0 -0.0139524 0 0 0 0 0 -0.0139524 0 0 0 0 0 -0.0139524 0 0 0 0 0 -0.0139524 0 0 0 0 0 -0.0139524 0 0 0 0 0 -0.0139524 0 0 0 0 0 -0.0139524 0 0 0 0 0 -0.0139524 0 0 0 0 0 -0.0139524 0 0 0 0 0 -0.0139524 0 0 0 0 0 -0.0139524 0 0 0 0 0 -0.0139524 0 0 0 0 0 -0.0139524 0 0 0 0 0 -0.0139524 0 0 0 0 0 -0.0139524 0 0 0 0 0 -0.0139524 0 0 0 0 0 -0.0139524 0 0 0 0 0 -0.0139524 0 0 0 0 0 -0.0139524 0 0 0
/Leg/DOFs2.9(V_DERIV) = -4.33859e-05 -5.56551e-05 -0.000159166 0.000420851 -0.000324804 7.87178e-07 0 0 0 0 0 0 0 0 0 0 0 0 0 0 0 0 0 0 0 0 0 0 0 0 0 0 0 0 0 0 0 0 0 0 0 0 0 0 0 0 0 0 0 0 0 0 0 0 0 0 0 0 0 0 0 0 0 0 0 0 0 0 0 0 0 0 0 0 0 0 0 0 0 0 0 0 0 0 0 0 0 0 0 0 0 0 0 0 0 0 0 0 0 0 0 0 0 0 0 0 0 0 0 0 0 0 0 0 0 0 0 0 0 0 0 0 0 0 0 0 0 0 0 0 0 0 0 0 0 0 0 0 0 0 0 0 0 0 0 0 0 0 0 0 0 0 0 0 0 0 0 0 0 0 0 0 0 0 0 0 0 0
/Leg/DOFs2.velocity = 0.00157955 0.00269251 0.336734 -0.020336 -0.00584338 -4.0262e-05 0 0 -70.1951 0 0 0 0 0 -70.1951 0 0 0 0 0 -70.1951 0 0 0 0 0 -70.1951 0 0 0 0 0 -70.1951 0 0 0 0 0 -70.1951 0 0 0 0 0 -70.1951 0 0 0 0 0 -70.1951 0 0 0 0 0 -70.1951 0 0 0 0 0 -70.1951 0 0 0 0 0 -70.1951 0 0 0 0 0 -70.1951 0 0 0 0 0 -70.1951 0 0 0 0 0 -70.1951 0 0 0 0 0 -70.1951 0 0 0 0 0 -70.1951 0 0 0 0 0 -70.1951 0 0 0 0 0 -70.1951 0 0 0 0 0 -70.1951 0 0 0 0 0 -70.1951 0 0 0 0 0 -70.1951 0 0 0 0 0 -70.1951 0 0 0 0 0 -70.1951 0 0 0 0 0 -70.1951 0 0 0 0 0 -70.1951 0 0 0 0 0 -70.1951 0 0 0 0 0 -70.1951 0 0 0
/Leg/DOFs2.force = 0 0 -0.00350357 0 0 0 0 0 -0.00350357 0 0 0 0 0 -0.00350357 0 0 0 0 0 -0.00350357 0 0 0 0 0 -0.00350357 0 0 0 0 0 -0.00350357 0 0 0 0 0 -0.00350357 0 0 0 0 0 -0.00350357 0 0 0 0 0 -0.00350357 0 0 0 0 0 -0.00350357 0 0 0 0 0 -0.00350357 0 0 0 0 0 -0.00350357 0 0 0 0 0 -0.00350357 0 0 0 0 0 -0.00350357 0 0 0 0 0 -0.00350357 0 0 0 0 0 -0.00350357 0 0 0 0 0 -0.00350357 0 0 0 0 0 -0.00350357 0 0 0 0 0 -0.00350357 0 0 0 0 0 -0.00350357 0 0 0 0 0 -0.00350357 0 0 0 0 0 -0.00350357 0 0 0 0 0 -0.00350357 0 0 0 0 0 -0.00350357 0 0 0 0 0 -0.00350357 0 0 0 0 0 -0.00350357 0 0 0 0 0 -0.00350357 0 0 0 0 0 -0.00350357 0 0 0
/Leg/DOFs2.derivX = 0 0 0 0 0 0 0 0 0 0 0 0 0 0 0 0 0 0 0 0 0 0 0 0 0 0 0 0 0 0 0 0 0 0 0 0 0 0 0 0 0 0 0 0 0 0 0 0 0 0 0 0 0 0 0 0 0 0 0 0 0 0 0 0 0 0 0 0 0 0 0 0 0 0 0 0 0 0 0 0 0 0 0 0 0 0 0 0 0 0 0 0 0 0 0 0 0 0 0 0 0 0 0 0 0 0 0 0 0 0 0 0 0 0 0 0 0 0 0 0 0 0 0 0 0 0 0 0 0 0 0 0 0 0 0 0 0 0 0 0 0 0 0 0 0 0 0 0 0 0 0 0 0 0 0 0 0 0 0 0 0 0 0 0 0 0 0 0
/Leg/DOFs2.free_velocity = 0.12306 0.158527 0.782398 -1.19872 0.903609 -0.00224436 0 0 -70.1951 0 0 0 0 0 -70.1951 0 0 0 0 0 -70.1951 0 0 0 0 0 -70.1951 0 0 0 0 0 -70.1951 0 0 0 0 0 -70.1951 0 0 0 0 0 -70.1951 0 0 0 0 0 -70.1951 0 0 0 0 0 -70.1951 0 0 0 0 0 -70.1951 0 0 0 0 0 -70.1951 0 0 0 0 0 -70.1951 0 0 0 0 0 -70.1951 0 0 0 0 0 -70.1951 0 0 0 0 0 -70.1951 0 0 0 0 0 -70.1951 0 0 0 0 0 -70.1951 0 0 0 0 0 -70.1951 0 0 0 0 0 -70.1951 0 0 0 0 0 -70.1951 0 0 0 0 0 -70.1951 0 0 0 0 0 -70.1951 0 0 0 0 0 -70.1951 0 0 0 0 0 -70.1951 0 0 0 0 0 -70.1951 0 0 0 0 0 -70.1951 0 0 0 0 0 -70.1951 0 0 0
/Leg/DOFs2.constraint = 3 1 0 1 0 0 0 0.13225 1.3682e-05  
4 1 0 0 1 0 -0.13225 0 -0.000257925  
5 1 0 0 0 1 -1.3682e-05 0.000257925 0  
6 1 0 -1 0 0 0 0.13225 1.3682e-05  
7 1 0 0 -1 0 -0.13225 0 -0.000257925  
8 1 0 0 0 -1 -1.3682e-05 0.000257925 0  

/Leg/DOFs2.dforce(V_DERIV) = 0 0 0 0 0 0 0 0 0 0 0 0 0 0 0 0 0 0 0 0 0 0 0 0 0 0 0 0 0 0 0 0 0 0 0 0 0 0 0 0 0 0 0 0 0 0 0 0 0 0 0 0 0 0 0 0 0 0 0 0 0 0 0 0 0 0 0 0 0 0 0 0 0 0 0 0 0 0 0 0 0 0 0 0 0 0 0 0 0 0 0 0 0 0 0 0 0 0 0 0 0 0 0 0 0 0 0 0 0 0 0 0 0 0 0 0 0 0 0 0 0 0 0 0 0 0 0 0 0 0 0 0 0 0 0 0 0 0 0 0 0 0 0 0 0 0 0 0 0 0 0 0 0 0 0 0 0 0 0 0 0 0 0 0 0 0 0 0
/Leg/DOFs2.showColor = 1 1 1 1
/Leg/DOFs2.10(V_DERIV) = -0.000607402 -0.000779171 -0.00222832 0.00589191 -0.00454726 1.10205e-05 0 0 0 0 0 0 0 0 0 0 0 0 0 0 0 0 0 0 0 0 0 0 0 0 0 0 0 0 0 0 0 0 0 0 0 0 0 0 0 0 0 0 0 0 0 0 0 0 0 0 0 0 0 0 0 0 0 0 0 0 0 0 0 0 0 0 0 0 0 0 0 0 0 0 0 0 0 0 0 0 0 0 0 0 0 0 0 0 0 0 0 0 0 0 0 0 0 0 0 0 0 0 0 0 0 0 0 0 0 0 0 0 0 0 0 0 0 0 0 0 0 0 0 0 0 0 0 0 0 0 0 0 0 0 0 0 0 0 0 0 0 0 0 0 0 0 0 0 0 0 0 0 0 0 0 0 0 0 0 0 0 0
/Leg/DOFs2.12(V_DERIV) = -6.153e-05 -7.92634e-05 -0.0494412 0.000599359 -0.000451804 1.12218e-06 0 0 -0.0139524 0 0 0 0 0 -0.0139524 0 0 0 0 0 -0.0139524 0 0 0 0 0 -0.0139524 0 0 0 0 0 -0.0139524 0 0 0 0 0 -0.0139524 0 0 0 0 0 -0.0139524 0 0 0 0 0 -0.0139524 0 0 0 0 0 -0.0139524 0 0 0 0 0 -0.0139524 0 0 0 0 0 -0.0139524 0 0 0 0 0 -0.0139524 0 0 0 0 0 -0.0139524 0 0 0 0 0 -0.0139524 0 0 0 0 0 -0.0139524 0 0 0 0 0 -0.0139524 0 0 0 0 0 -0.0139524 0 0 0 0 0 -0.0139524 0 0 0 0 0 -0.0139524 0 0 0 0 0 -0.0139524 0 0 0 0 0 -0.0139524 0 0 0 0 0 -0.0139524 0 0 0 0 0 -0.0139524 0 0 0 0 0 -0.0139524 0 0 0 0 0 -0.0139524 0 0 0 0 0 -0.0139524 0 0 0 0 0 -0.0139524 0 0 0
/Leg/DOFs2.9(V_DERIV) = -4.33859e-05 -5.56551e-05 -0.000159166 0.000420851 -0.000324804 7.87178e-07 0 0 0 0 0 0 0 0 0 0 0 0 0 0 0 0 0 0 0 0 0 0 0 0 0 0 0 0 0 0 0 0 0 0 0 0 0 0 0 0 0 0 0 0 0 0 0 0 0 0 0 0 0 0 0 0 0 0 0 0 0 0 0 0 0 0 0 0 0 0 0 0 0 0 0 0 0 0 0 0 0 0 0 0 0 0 0 0 0 0 0 0 0 0 0 0 0 0 0 0 0 0 0 0 0 0 0 0 0 0 0 0 0 0 0 0 0 0 0 0 0 0 0 0 0 0 0 0 0 0 0 0 0 0 0 0 0 0 0 0 0 0 0 0 0 0 0 0 0 0 0 0 0 0 0 0 0 0 0 0 0 0
/Leg/DOFs2.velocity = 0.00157955 0.00269251 0.336734 -0.020336 -0.00584338 -4.0262e-05 0 0 -70.1951 0 0 0 0 0 -70.1951 0 0 0 0 0 -70.1951 0 0 0 0 0 -70.1951 0 0 0 0 0 -70.1951 0 0 0 0 0 -70.1951 0 0 0 0 0 -70.1951 0 0 0 0 0 -70.1951 0 0 0 0 0 -70.1951 0 0 0 0 0 -70.1951 0 0 0 0 0 -70.1951 0 0 0 0 0 -70.1951 0 0 0 0 0 -70.1951 0 0 0 0 0 -70.1951 0 0 0 0 0 -70.1951 0 0 0 0 0 -70.1951 0 0 0 0 0 -70.1951 0 0 0 0 0 -70.1951 0 0 0 0 0 -70.1951 0 0 0 0 0 -70.1951 0 0 0 0 0 -70.1951 0 0 0 0 0 -70.1951 0 0 0 0 0 -70.1951 0 0 0 0 0 -70.1951 0 0 0 0 0 -70.1951 0 0 0 0 0 -70.1951 0 0 0 0 0 -70.1951 0 0 0
/Leg/DOFs2.force = 0 0 -0.00350357 0 0 0 0 0 -0.00350357 0 0 0 0 0 -0.00350357 0 0 0 0 0 -0.00350357 0 0 0 0 0 -0.00350357 0 0 0 0 0 -0.00350357 0 0 0 0 0 -0.00350357 0 0 0 0 0 -0.00350357 0 0 0 0 0 -0.00350357 0 0 0 0 0 -0.00350357 0 0 0 0 0 -0.00350357 0 0 0 0 0 -0.00350357 0 0 0 0 0 -0.00350357 0 0 0 0 0 -0.00350357 0 0 0 0 0 -0.00350357 0 0 0 0 0 -0.00350357 0 0 0 0 0 -0.00350357 0 0 0 0 0 -0.00350357 0 0 0 0 0 -0.00350357 0 0 0 0 0 -0.00350357 0 0 0 0 0 -0.00350357 0 0 0 0 0 -0.00350357 0 0 0 0 0 -0.00350357 0 0 0 0 0 -0.00350357 0 0 0 0 0 -0.00350357 0 0 0 0 0 -0.00350357 0 0 0 0 0 -0.00350357 0 0 0 0 0 -0.00350357 0 0 0
/Leg/DOFs2.derivX = 0 0 0 0 0 0 0 0 0 0 0 0 0 0 0 0 0 0 0 0 0 0 0 0 0 0 0 0 0 0 0 0 0 0 0 0 0 0 0 0 0 0 0 0 0 0 0 0 0 0 0 0 0 0 0 0 0 0 0 0 0 0 0 0 0 0 0 0 0 0 0 0 0 0 0 0 0 0 0 0 0 0 0 0 0 0 0 0 0 0 0 0 0 0 0 0 0 0 0 0 0 0 0 0 0 0 0 0 0 0 0 0 0 0 0 0 0 0 0 0 0 0 0 0 0 0 0 0 0 0 0 0 0 0 0 0 0 0 0 0 0 0 0 0 0 0 0 0 0 0 0 0 0 0 0 0 0 0 0 0 0 0 0 0 0 0 0 0
/Leg/DOFs2.free_velocity = 0.12306 0.158527 0.782398 -1.19872 0.903609 -0.00224436 0 0 -70.1951 0 0 0 0 0 -70.1951 0 0 0 0 0 -70.1951 0 0 0 0 0 -70.1951 0 0 0 0 0 -70.1951 0 0 0 0 0 -70.1951 0 0 0 0 0 -70.1951 0 0 0 0 0 -70.1951 0 0 0 0 0 -70.1951 0 0 0 0 0 -70.1951 0 0 0 0 0 -70.1951 0 0 0 0 0 -70.1951 0 0 0 0 0 -70.1951 0 0 0 0 0 -70.1951 0 0 0 0 0 -70.1951 0 0 0 0 0 -70.1951 0 0 0 0 0 -70.1951 0 0 0 0 0 -70.1951 0 0 0 0 0 -70.1951 0 0 0 0 0 -70.1951 0 0 0 0 0 -70.1951 0 0 0 0 0 -70.1951 0 0 0 0 0 -70.1951 0 0 0 0 0 -70.1951 0 0 0 0 0 -70.1951 0 0 0 0 0 -70.1951 0 0 0 0 0 -70.1951 0 0 0
/Leg/DOFs2.constraint = 3 1 0 1 0 0 0 0.13225 1.3682e-05  
4 1 0 0 1 0 -0.13225 0 -0.000257925  
5 1 0 0 0 1 -1.3682e-05 0.000257925 0  
6 1 0 -1 0 0 0 0.13225 1.3682e-05  
7 1 0 0 -1 0 -0.13225 0 -0.000257925  
8 1 0 0 0 -1 -1.3682e-05 0.000257925 0  

/Leg/DOFs2.dforce(V_DERIV) = 0 0 0 0 0 0 0 0 0 0 0 0 0 0 0 0 0 0 0 0 0 0 0 0 0 0 0 0 0 0 0 0 0 0 0 0 0 0 0 0 0 0 0 0 0 0 0 0 0 0 0 0 0 0 0 0 0 0 0 0 0 0 0 0 0 0 0 0 0 0 0 0 0 0 0 0 0 0 0 0 0 0 0 0 0 0 0 0 0 0 0 0 0 0 0 0 0 0 0 0 0 0 0 0 0 0 0 0 0 0 0 0 0 0 0 0 0 0 0 0 0 0 0 0 0 0 0 0 0 0 0 0 0 0 0 0 0 0 0 0 0 0 0 0 0 0 0 0 0 0 0 0 0 0 0 0 0 0 0 0 0 0 0 0 0 0 0 0
/Leg/DOFs2.showColor = 1 1 1 1
/Leg/DOFs2.10(V_DERIV) = -0.000607402 -0.000779171 -0.00222832 0.00589191 -0.00454726 1.10205e-05 0 0 0 0 0 0 0 0 0 0 0 0 0 0 0 0 0 0 0 0 0 0 0 0 0 0 0 0 0 0 0 0 0 0 0 0 0 0 0 0 0 0 0 0 0 0 0 0 0 0 0 0 0 0 0 0 0 0 0 0 0 0 0 0 0 0 0 0 0 0 0 0 0 0 0 0 0 0 0 0 0 0 0 0 0 0 0 0 0 0 0 0 0 0 0 0 0 0 0 0 0 0 0 0 0 0 0 0 0 0 0 0 0 0 0 0 0 0 0 0 0 0 0 0 0 0 0 0 0 0 0 0 0 0 0 0 0 0 0 0 0 0 0 0 0 0 0 0 0 0 0 0 0 0 0 0 0 0 0 0 0 0
/Leg/DOFs2.12(V_DERIV) = -6.153e-05 -7.92634e-05 -0.0494412 0.000599359 -0.000451804 1.12218e-06 0 0 -0.0139524 0 0 0 0 0 -0.0139524 0 0 0 0 0 -0.0139524 0 0 0 0 0 -0.0139524 0 0 0 0 0 -0.0139524 0 0 0 0 0 -0.0139524 0 0 0 0 0 -0.0139524 0 0 0 0 0 -0.0139524 0 0 0 0 0 -0.0139524 0 0 0 0 0 -0.0139524 0 0 0 0 0 -0.0139524 0 0 0 0 0 -0.0139524 0 0 0 0 0 -0.0139524 0 0 0 0 0 -0.0139524 0 0 0 0 0 -0.0139524 0 0 0 0 0 -0.0139524 0 0 0 0 0 -0.0139524 0 0 0 0 0 -0.0139524 0 0 0 0 0 -0.0139524 0 0 0 0 0 -0.0139524 0 0 0 0 0 -0.0139524 0 0 0 0 0 -0.0139524 0 0 0 0 0 -0.0139524 0 0 0 0 0 -0.0139524 0 0 0 0 0 -0.0139524 0 0 0 0 0 -0.0139524 0 0 0 0 0 -0.0139524 0 0 0
/Leg/DOFs2.9(V_DERIV) = -4.33859e-05 -5.56551e-05 -0.000159166 0.000420851 -0.000324804 7.87178e-07 0 0 0 0 0 0 0 0 0 0 0 0 0 0 0 0 0 0 0 0 0 0 0 0 0 0 0 0 0 0 0 0 0 0 0 0 0 0 0 0 0 0 0 0 0 0 0 0 0 0 0 0 0 0 0 0 0 0 0 0 0 0 0 0 0 0 0 0 0 0 0 0 0 0 0 0 0 0 0 0 0 0 0 0 0 0 0 0 0 0 0 0 0 0 0 0 0 0 0 0 0 0 0 0 0 0 0 0 0 0 0 0 0 0 0 0 0 0 0 0 0 0 0 0 0 0 0 0 0 0 0 0 0 0 0 0 0 0 0 0 0 0 0 0 0 0 0 0 0 0 0 0 0 0 0 0 0 0 0 0 0 0
/Leg/DOFs2.velocity = 0.009398 0 0.690648 0 0.0844247 0
/Leg/DOFs2.free_velocity = 0.00834179 0 0.132537 0 0.0543347 0
/Leg/DOFs2.constraint = 3 1 0 1 0 0 0 0.13225 0  
4 1 0 0 1 0 -0.13225 0 0  
5 1 0 0 0 1 0 0 0  
6 1 0 -1 0 0 0 0.13225 0  
7 1 0 0 -1 0 -0.13225 0 0  
8 1 0 0 0 -1 0 0 0  

/Leg/DOFs2.9(V_DERIV) = 1.05621e-05 0 0.00558111 0 0.0003009 0
/Leg/DOFs2.10(V_DERIV) = 5.28106e-06 0 0.00279055 0 0.00015045 0
/Leg/DOFs2.12(V_DERIV) = -4.1709e-06 0 -0.0491163 0 -2.71673e-05 0
/Leg/DOFs2.showColor = 1 1 1 1
/Leg/DOFs2.velocity = 0.00263249 0 -0.063719 0 -0.0250343 0 0 0 -12.7277 0 0 0 0 0 -12.7277 0 0 0
/Leg/DOFs2.force = 0 0 -0.0327 0 0 0 0 0 -0.0327 0 0 0 0 0 -0.0327 0 0 0
/Leg/DOFs2.constraint = 3 1 0 1 0 0 0 0.13225 0  
4 1 0 0 1 0 -0.13225 0 0  
5 1 0 0 0 1 0 0 0  
6 1 0 -1 0 0 0 0.13225 0  
7 1 0 0 -1 0 -0.13225 0 0  
8 1 0 0 0 -1 0 0 0  

/Leg/DOFs2.free_velocity = 0.0028263 0 -0.597069 0 -0.0490855 0 0 0 -12.7277 0 0 0 0 0 -12.7277 0 0 0
/Leg/DOFs2.10(V_DERIV) = -9.69069e-07 0 0.00266675 0 0.000120256 0 0 0 0 0 0 0 0 0 0 0 0 0
/Leg/DOFs2.9(V_DERIV) = -6.46046e-07 0 0.00177783 0 8.01704e-05 0 0 0 0 0 0 0 0 0 0 0 0 0
/Leg/DOFs2.showColor = 1 1 1 1
/Leg/DOFs2.12(V_DERIV) = -1.41315e-06 0 -0.0487515 0 2.45427e-05 0 0 0 -0.0426862 0 0 0 0 0 -0.0426862 0 0 0
/Hip_body/DOF_Mass_1.velocity = -0.00128462 0 0.0968369 0 0 0
/Hip_body/DOF_Mass_1.free_velocity = -0.00227816 0 0.230143 0 0 0
/Hip_body/DOF_Mass_1.constraint = 0 1 0 1 0 0 0 0 0  
1 1 0 0 1 0 0 0 0  
2 1 0 0 0 1 0 0 0  

/Hip_body/DOF_Mass_1.10(V_DERIV) = 4.9677e-06 0 -0.000666531 0 0 0
/Hip_body/DOF_Mass_1.12(V_DERIV) = 1.13908e-06 0 -0.0491651 0 0 0
/Hip_body/DOF_Mass_1.9(V_DERIV) = 0.000576253 0 -0.0773177 0 0 0
/Hip_body/DOF_Mass_1.showColor = 1 1 1 1
/Hip_body/DOF_Mass_1.position = 0 0 0 0 0 0 1 0 0 0 0 0 0 1 0 0 0 0 0 0 1
/Hip_body/DOF_Mass_1.velocity = -0.00341081 0 -0.0237816 0 0 0
/Hip_body/DOF_Mass_1.free_velocity = -0.00204905 0 -0.0826433 0 0 0
/Hip_body/DOF_Mass_1.constraint = 0 1 0 1 0 0 0 0 0  
1 1 0 0 1 0 0 0 0  
2 1 0 0 0 1 0 0 0  

/Hip_body/DOF_Mass_1.9(V_DERIV) = -0.000789819 0 0.0341398 0 0 0
/Hip_body/DOF_Mass_1.10(V_DERIV) = -6.80879e-06 0 0.000294309 0 0 0
/Hip_body/DOF_Mass_1.12(V_DERIV) = 1.02453e-06 0 -0.0490087 0 0 0
/Hip_body/DOF_Mass_1.showColor = 1 1 1 1
/Leg/DOFs2.externalForce = 
/Leg/DOFs2.force = 0 0 -0.0327 0 0 0 0 0 -0.0327 0 0 0 0 0 -0.0327 0 0 0
/Leg/DOFs2.velocity = 0.00233322 0 -0.635551 0 0.1512 0 0 0 -8.75451 0 0 0 0 0 -8.75451 0 0 0
/Leg/DOFs2.9(V_DERIV) = -4.79843e-08 0 -0.00170288 0 -2.35646e-05 0 0 0 0 0 0 0 0 0 0 0 0 0
/Leg/DOFs2.constraint = 3 1 0 1 0 0 0 0.13225 0  
4 1 0 0 1 0 -0.13225 0 0  
5 1 0 0 0 1 0 0 0  
6 1 0 -1 0 0 0 0.13225 0  
7 1 0 0 -1 0 -0.13225 0 0  
8 1 0 0 0 -1 0 0 0  

/Leg/DOFs2.10(V_DERIV) = -7.19765e-08 0 -0.00255432 0 -3.53469e-05 0 0 0 0 0 0 0 0 0 0 0 0 0
/Leg/DOFs2.free_velocity = 0.00234761 0 -0.124687 0 0.158269 0 0 0 -8.75451 0 0 0 0 0 -8.75451 0 0 0
/Leg/DOFs2.showColor = 1 1 1 1
/Leg/DOFs2.force = 0 0 -0.0981 0 0 0
/Leg/DOFs2.velocity = -0.00946127 0 0.342719 0 -0.0158548 0
/Leg/DOFs2.externalForce = 
/Leg/DOFs2.10(V_DERIV) = 2.76554e-06 0 -0.00226149 0 -0.000321593 0
/Leg/DOFs2.free_velocity = -0.0100144 0 0.795018 0 0.0484638 0
/Leg/DOFs2.9(V_DERIV) = 5.53107e-06 0 -0.00452299 0 -0.000643186 0
/Leg/DOFs2.constraint = 3 1 0 1 0 0 0 0.13225 0  
4 1 0 0 1 0 -0.13225 0 0  
5 1 0 0 0 1 0 0 0  
6 1 0 -1 0 0 0 0.13225 0  
7 1 0 0 -1 0 -0.13225 0 0  
8 1 0 0 0 -1 0 0 0  

/Leg/DOFs2.showColor = 1 1 1 1
/Leg/DOFs2.force = 0 0 -0.0981 0 0 0
/Leg/DOFs2.velocity = -0.00946127 0 0.342719 0 -0.0158548 0
/Leg/DOFs2.externalForce = 
/Leg/DOFs2.10(V_DERIV) = 2.76554e-06 0 -0.00226149 0 -0.000321593 0
/Leg/DOFs2.free_velocity = -0.0100144 0 0.795018 0 0.0484638 0
/Leg/DOFs2.9(V_DERIV) = 5.53107e-06 0 -0.00452299 0 -0.000643186 0
/Leg/DOFs2.constraint = 3 1 0 1 0 0 0 0.13225 0  
4 1 0 0 1 0 -0.13225 0 0  
5 1 0 0 0 1 0 0 0  
6 1 0 -1 0 0 0 0.13225 0  
7 1 0 0 -1 0 -0.13225 0 0  
8 1 0 0 0 -1 0 0 0  

/Leg/DOFs2.showColor = 1 1 1 1
/Leg/DOFs2.force = 0 0 -0.0981 0 0 0
/Leg/DOFs2.velocity = -0.00946127 0 0.342719 0 -0.0158548 0
/Leg/DOFs2.externalForce = 
/Leg/DOFs2.10(V_DERIV) = 2.76554e-06 0 -0.00226149 0 -0.000321593 0
/Leg/DOFs2.free_velocity = -0.0100144 0 0.795018 0 0.0484638 0
/Leg/DOFs2.9(V_DERIV) = 5.53107e-06 0 -0.00452299 0 -0.000643186 0
/Leg/DOFs2.constraint = 3 1 0 1 0 0 0 0.13225 0  
4 1 0 0 1 0 -0.13225 0 0  
5 1 0 0 0 1 0 0 0  
6 1 0 -1 0 0 0 0.13225 0  
7 1 0 0 -1 0 -0.13225 0 0  
8 1 0 0 0 -1 0 0 0  

/Leg/DOFs2.showColor = 1 1 1 1
/beam/beam_DOFs.velocity = 0 0 0 0 0 0 -1.90649e-07 0 -4.92739e-05 0 0.00409878 0 -1.49167e-06 0 -0.000225631 0 0.00971081 0 -5.0243e-06 0 -0.000563794 0 0.0164642 0 -1.20251e-05 0 -0.00108822 0 0.0239479 0 -2.36569e-05 0 -0.00181229 0 0.0317262 0 -4.08666e-05 0 -0.00273843 0 0.0393993 0 -6.43056e-05 0 -0.00385976 0 0.046656 0 -9.45224e-05 0 -0.00517133 0 0.0533514 0 -0.000130997 0 -0.00663114 0 0.0592931 0 -0.000174232 0 -0.00824716 0 0.0646337 0 -0.000223841 0 -0.00999597 0 0.0694722 0 -0.000279643 0 -0.0118667 0 0.0739891 0 -0.000341529 0 -0.0138536 0 0.0783801 0 -0.000409494 0 -0.0159555 0 0.0828238 0 -0.000483638 0 -0.0181755 0 0.0874551 0 -0.000564139 0 -0.0205195 0 0.0923479 0 -0.000651203 0 -0.0229944 0 0.0975082 0 -0.000745002 0 -0.0256063 0 0.102878 0 -0.00084562 0 -0.0283591 0 0.108347 0 -0.000953003 0 -0.0312538 0 0.11378 0 -0.00106695 0 -0.0342874 0 0.119038 0 -0.0011871 0 -0.0374537 0 0.124008 0 -0.00131299 0 -0.0407444 0 0.128624 0 -0.00144411 0 -0.0441499 0 0.132876 0 -0.00157994 0 -0.0476612 0 0.136806 0 -0.00172003 0 -0.0512707 0 0.140494 0 -0.00186403 0 -0.0549738 0 0.144073 0 0.000716615 0 0.463165 0 0.147863 0
/beam/beam_DOFs.force = 1.20182 0 -308.16 0 110.594 0 2.01252 0 -0.00583099 0 -0.0251042 0 1.83155 0 -0.0114641 0 -0.0420064 0 1.56684 0 -0.0124448 0 -0.027574 0 1.20608 0 -0.0164222 0 0.0201777 0 0.794757 0 -0.0314042 0 0.0944323 0 0.388818 0 -0.0642705 0 0.18584 0 0.0763275 0 -0.120946 0 0.285501 0 -0.32137 0 -0.200426 0 0.386616 0 -0.375251 0 -0.31084 0 0.482215 0 -0.507589 0 -0.444299 0 0.570894 0 -0.519747 0 -0.602966 0 0.650278 0 -0.473727 0 -0.783356 0 0.719981 0 -0.390176 0 -0.98262 0 0.78035 0 -0.287619 0 -1.19791 0 0.832066 0 -0.180526 0 -1.42657 0 0.875812 0 -0.0788799 0 -1.66616 0 0.912069 0 0.011067 0 -1.91444 0 0.94104 0 0.0853833 0 -2.16928 0 0.962727 0 0.14109 0 -2.42859 0 0.97717 0 0.175454 0 -2.69039 0 0.984799 0 0.186322 0 -2.95293 0 0.986887 0 0.173445 0 -3.21509 0 0.985982 0 0.140222 0 -3.47674 0 0.986154 0 0.0946928 0 -3.73921 0 0.992666 0 0.0480368 0 -4.00526 0 1.01037 0 0.00798206 0 -4.27821 0 1.03943 0 15297.8 0 -547331 0 7151.24 0 -15304.8 0 547394 0 7151.21 0
/beam/beam_DOFs.free_velocity = 0 0 0 0 0 0 -1.90649e-07 0 -4.92739e-05 0 0.00409878 0 -1.49167e-06 0 -0.000225631 0 0.00971081 0 -5.0243e-06 0 -0.000563794 0 0.0164642 0 -1.20251e-05 0 -0.00108822 0 0.0239479 0 -2.36569e-05 0 -0.00181229 0 0.0317262 0 -4.08666e-05 0 -0.00273843 0 0.0393993 0 -6.43056e-05 0 -0.00385976 0 0.046656 0 -9.45224e-05 0 -0.00517133 0 0.0533514 0 -0.000130997 0 -0.00663114 0 0.0592931 0 -0.000174232 0 -0.00824716 0 0.0646337 0 -0.000223841 0 -0.00999597 0 0.0694722 0 -0.000279643 0 -0.0118667 0 0.0739891 0 -0.000341529 0 -0.0138536 0 0.0783801 0 -0.000409494 0 -0.0159555 0 0.0828238 0 -0.000483638 0 -0.0181755 0 0.0874551 0 -0.000564139 0 -0.0205195 0 0.0923479 0 -0.000651203 0 -0.0229944 0 0.0975082 0 -0.000745002 0 -0.0256063 0 0.102878 0 -0.00084562 0 -0.0283591 0 0.108347 0 -0.000953003 0 -0.0312538 0 0.11378 0 -0.00106695 0 -0.0342874 0 0.119038 0 -0.0011871 0 -0.0374537 0 0.124008 0 -0.00131299 0 -0.0407444 0 0.128624 0 -0.00144411 0 -0.0441499 0 0.132876 0 -0.00157994 0 -0.0476612 0 0.136806 0 -0.00172003 0 -0.0512707 0 0.140494 0 -0.00186403 0 -0.0549738 0 0.144073 0 -0.000853737 0 0.167944 0 0.147863 0
/beam/beam_DOFs.derivX = 0 0 0 0 0 0 0 0 0 0 0 0 0 0 0 0 0 0 0 0 0 0 0 0 0 0 0 0 0 0 0 0 0 0 0 0 0 0 0 0 0 0 0 0 0 0 0 0 0 0 0 0 0 0 0 0 0 0 0 0 0 0 0 0 0 0 0 0 0 0 0 0 0 0 0 0 0 0 0 0 0 0 0 0 0 0 0 0 0 0 0 0 0 0 0 0 0 0 0 0 0 0 0 0 0 0 0 0 0 0 0 0 0 0 0 0 0 0 0 0 0 0 0 0 0 0 0 0 0 0 0 0 0 0 0 0 0 0 0 0 0 0 0 0 0 0 0 0 0 0 0 0 0 0 0 0 0 0 0 0 0 0 0 0 0 0 0 0 0 0 0 0 0 0
/beam/beam_DOFs.constraint = 0 29 0 0 0 0 0 0 0  1 0 0 0 0 0 0  2 0 0 0 0 0 0  3 0 0 0 0 0 0  4 0 0 0 0 0 0  5 0 0 0 0 0 0  6 0 0 0 0 0 0  7 0 0 0 0 0 0  8 0 0 0 0 0 0  9 0 0 0 0 0 0  10 0 0 0 0 0 0  11 0 0 0 0 0 0  12 0 0 0 0 0 0  13 0 0 0 0 0 0  14 0 0 0 0 0 0  15 0 0 0 0 0 0  16 0 0 0 0 0 0  17 0 0 0 0 0 0  18 0 0 0 0 0 0  19 0 0 0 0 0 0  20 0 0 0 0 0 0  21 0 0 0 0 0 0  22 0 0 0 0 0 0  23 0 0 0 0 0 0  24 0 0 0 0 0 0  25 0 0 0 0 0 0  26 0 0 0 0 0 0  27 0 0 0 0 0 0  28 -1 0 0 0 0 0  
1 29 0 0 0 0 0 0 0  1 0 0 0 0 0 0  2 0 0 0 0 0 0  3 0 0 0 0 0 0  4 0 0 0 0 0 0  5 0 0 0 0 0 0  6 0 0 0 0 0 0  7 0 0 0 0 0 0  8 0 0 0 0 0 0  9 0 0 0 0 0 0  10 0 0 0 0 0 0  11 0 0 0 0 0 0  12 0 0 0 0 0 0  13 0 0 0 0 0 0  14 0 0 0 0 0 0  15 0 0 0 0 0 0  16 0 0 0 0 0 0  17 0 0 0 0 0 0  18 0 0 0 0 0 0  19 0 0 0 0 0 0  20 0 0 0 0 0 0  21 0 0 0 0 0 0  22 0 0 0 0 0 0  23 0 0 0 0 0 0  24 0 0 0 0 0 0  25 0 0 0 0 0 0  26 0 0 0 0 0 0  27 0 0 0 0 0 0  28 0 0 0 0 0 0  
2 29 0 0 0 0 0 0 0  1 0 0 0 0 0 0  2 0 0 0 0 0 0  3 0 0 0 0 0 0  4 0 0 0 0 0 0  5 0 0 0 0 0 0  6 0 0 0 0 0 0  7 0 0 0 0 0 0  8 0 0 0 0 0 0  9 0 0 0 0 0 0  10 0 0 0 0 0 0  11 0 0 0 0 0 0  12 0 0 0 0 0 0  13 0 0 0 0 0 0  14 0 0 0 0 0 0  15 0 0 0 0 0 0  16 0 0 0 0 0 0  17 0 0 0 0 0 0  18 0 0 0 0 0 0  19 0 0 0 0 0 0  20 0 0 0 0 0 0  21 0 0 0 0 0 0  22 0 0 0 0 0 0  23 0 0 0 0 0 0  24 0 0 0 0 0 0  25 0 0 0 0 0 0  26 0 0 0 0 0 0  27 0 0 0 0 0 0  28 0 0 -1 0 0 0  
3 29 0 0 0 0 0 0 0  1 0 0 0 0 0 0  2 0 0 0 0 0 0  3 0 0 0 0 0 0  4 0 0 0 0 0 0  5 0 0 0 0 0 0  6 0 0 0 0 0 0  7 0 0 0 0 0 0  8 0 0 0 0 0 0  9 0 0 0 0 0 0  10 0 0 0 0 0 0  11 0 0 0 0 0 0  12 0 0 0 0 0 0  13 0 0 0 0 0 0  14 0 0 0 0 0 0  15 0 0 0 0 0 0  16 0 0 0 0 0 0  17 0 0 0 0 0 0  18 0 0 0 0 0 0  19 0 0 0 0 0 0  20 0 0 0 0 0 0  21 0 0 0 0 0 0  22 0 0 0 0 0 0  23 0 0 0 0 0 0  24 0 0 0 0 0 0  25 0 0 0 0 0 0  26 0 0 0 0 0 0  27 0 0 0 0 0 0  28 -1 0 0 0 0 0  
4 29 0 0 0 0 0 0 0  1 0 0 0 0 0 0  2 0 0 0 0 0 0  3 0 0 0 0 0 0  4 0 0 0 0 0 0  5 0 0 0 0 0 0  6 0 0 0 0 0 0  7 0 0 0 0 0 0  8 0 0 0 0 0 0  9 0 0 0 0 0 0  10 0 0 0 0 0 0  11 0 0 0 0 0 0  12 0 0 0 0 0 0  13 0 0 0 0 0 0  14 0 0 0 0 0 0  15 0 0 0 0 0 0  16 0 0 0 0 0 0  17 0 0 0 0 0 0  18 0 0 0 0 0 0  19 0 0 0 0 0 0  20 0 0 0 0 0 0  21 0 0 0 0 0 0  22 0 0 0 0 0 0  23 0 0 0 0 0 0  24 0 0 0 0 0 0  25 0 0 0 0 0 0  26 0 0 0 0 0 0  27 0 0 0 0 0 0  28 0 0 0 0 0 0  
5 29 0 0 0 0 0 0 0  1 0 0 0 0 0 0  2 0 0 0 0 0 0  3 0 0 0 0 0 0  4 0 0 0 0 0 0  5 0 0 0 0 0 0  6 0 0 0 0 0 0  7 0 0 0 0 0 0  8 0 0 0 0 0 0  9 0 0 0 0 0 0  10 0 0 0 0 0 0  11 0 0 0 0 0 0  12 0 0 0 0 0 0  13 0 0 0 0 0 0  14 0 0 0 0 0 0  15 0 0 0 0 0 0  16 0 0 0 0 0 0  17 0 0 0 0 0 0  18 0 0 0 0 0 0  19 0 0 0 0 0 0  20 0 0 0 0 0 0  21 0 0 0 0 0 0  22 0 0 0 0 0 0  23 0 0 0 0 0 0  24 0 0 0 0 0 0  25 0 0 0 0 0 0  26 0 0 0 0 0 0  27 0 0 0 0 0 0  28 0 0 -1 0 0 0  

/beam/beam_DOFs.dforce(V_DERIV) = 0 0 0 0 0 0 0 0 0 0 0 0 0 0 0 0 0 0 0 0 0 0 0 0 0 0 0 0 0 0 0 0 0 0 0 0 0 0 0 0 0 0 0 0 0 0 0 0 0 0 0 0 0 0 0 0 0 0 0 0 0 0 0 0 0 0 0 0 0 0 0 0 0 0 0 0 0 0 0 0 0 0 0 0 0 0 0 0 0 0 0 0 0 0 0 0 0 0 0 0 0 0 0 0 0 0 0 0 0 0 0 0 0 0 0 0 0 0 0 0 0 0 0 0 0 0 0 0 0 0 0 0 0 0 0 0 0 0 0 0 0 0 0 0 0 0 0 0 0 0 0 0 0 0 0 0 0 0 0 0 0 0 0 0 0 0 0 0 0 0 0 0 0 0
/beam/beam_DOFs.showColor = 1 1 1 1
/beam/beam_DOFs.10(V_DERIV) = 0 0 0 0 0 0 0 0 0 0 0 0 0 0 0 0 0 0 0 0 0 0 0 0 0 0 0 0 0 0 0 0 0 0 0 0 0 0 0 0 0 0 0 0 0 0 0 0 0 0 0 0 0 0 0 0 0 0 0 0 0 0 0 0 0 0 0 0 0 0 0 0 0 0 0 0 0 0 0 0 0 0 0 0 0 0 0 0 0 0 0 0 0 0 0 0 0 0 0 0 0 0 0 0 0 0 0 0 0 0 0 0 0 0 0 0 0 0 0 0 0 0 0 0 0 0 0 0 0 0 0 0 0 0 0 0 0 0 0 0 0 0 0 0 0 0 0 0 0 0 0 0 0 0 0 0 0 0 0 0 0 0 0 0 0 0 0 0 7.85176e-06 0 0.00147611 0 0 0
/beam/beam_DOFs.9(V_DERIV) = 0 0 0 0 0 0 0 0 0 0 0 0 0 0 0 0 0 0 0 0 0 0 0 0 0 0 0 0 0 0 0 0 0 0 0 0 0 0 0 0 0 0 0 0 0 0 0 0 0 0 0 0 0 0 0 0 0 0 0 0 0 0 0 0 0 0 0 0 0 0 0 0 0 0 0 0 0 0 0 0 0 0 0 0 0 0 0 0 0 0 0 0 0 0 0 0 0 0 0 0 0 0 0 0 0 0 0 0 0 0 0 0 0 0 0 0 0 0 0 0 0 0 0 0 0 0 0 0 0 0 0 0 0 0 0 0 0 0 0 0 0 0 0 0 0 0 0 0 0 0 0 0 0 0 0 0 0 0 0 0 0 0 0 0 0 0 0 0 0.0031407 0.00120034 0.590443 0 0 0
/beam/beam_DOFs.12(V_DERIV) = 0 0 0 0 0 0 -1.78617e-07 0 6.50536e-05 0 -0.00463267 0 3.35438e-07 0 0.000235696 0 -0.00806732 0 1.99815e-06 0 0.000479881 0 -0.0102506 0 4.78341e-06 0 0.000762483 0 -0.0110004 0 8.25881e-06 0 0.00104532 0 -0.0102652 0 1.16942e-05 0 0.00129112 0 -0.00816599 0 1.4206e-05 0 0.00146757 0 -0.00495952 0 1.49011e-05 0 0.00155029 0 -0.000951687 0 1.30251e-05 0 0.00152312 0 0.00341421 0 8.01281e-06 0 0.00138069 0 0.00786376 0 -4.1993e-07 0 0.00112538 0 0.0120585 0 -1.2279e-05 0 0.0007674 0 0.0157323 0 -2.72973e-05 0 0.000323163 0 0.018677 0 -4.49676e-05 0 -0.00018625 0 0.020744 0 -6.45893e-05 0 -0.00073664 0 0.0218437 0 -8.53269e-05 0 -0.00130221 0 0.0219438 0 -0.000106273 0 -0.00185707 0 0.0210686 0 -0.000126518 0 -0.00237666 0 0.0192978 0 -0.000145213 0 -0.00283923 0 0.016765 0 -0.000161642 0 -0.00322719 0 0.0136543 0 -0.000175274 0 -0.00352828 0 0.0101908 0 -0.000185807 0 -0.00373645 0 0.0066235 0 -0.000193186 0 -0.00385209 0 0.00319698 0 -0.000197591 0 -0.00388145 0 0.00011512 0 -0.000199382 0 -0.00383519 0 -0.00248971 0 -0.000199039 0 -0.00372671 0 -0.00453815 0 -0.000197195 0 -0.00357305 0 -0.00583205 0 0.00062902 0 0.0925103 0 -0.00550482 0

--- NEW SESSION: 07/08/2021 13:37:35 ---
/Leg/DOFs2.velocity = 0 0 0 0 0 0 0 0 0 0 0 0 0 0 0 0 0 0 0 0 0 0 0 0 0 0 0 0 0 0 0 0 0 0 0 0 0 0 0 0 0 0 0 0 0 0 0 0 0 0 0 0 0 0 0 0 0 0 0 0 0 0 0 0 0 0 0 0 0 0 0 0 0 0 0 0 0 0 0 0 0 0 0 0 0 0 0 0 0 0 0 0 0 0 0 0 0 0 0 0 0 0 0 0 0 0 0 0 0 0 0 0 0 0 0 0 0 0 0 0 0 0 0 0 0 0 0 0 0 0 0 0 0 0 0 0 0 0 0 0 0 0 0 0 0 0 0 0 0 0 0 0 0 0 0 0 0 0 0 0 0 0 0 0 0 0 0 0
/Leg/DOFs2.force = 0 0 0 0 0 0 0 0 0 0 0 0 0 0 0 0 0 0 0 0 0 0 0 0 0 0 0 0 0 0 0 0 0 0 0 0 0 0 0 0 0 0 0 0 0 0 0 0 0 0 0 0 0 0 0 0 0 0 0 0 0 0 0 0 0 0 0 0 0 0 0 0 0 0 0 0 0 0 0 0 0 0 0 0 0 0 0 0 0 0 0 0 0 0 0 0 0 0 0 0 0 0 0 0 0 0 0 0 0 0 0 0 0 0 0 0 0 0 0 0 0 0 0 0 0 0 0 0 0 0 0 0 0 0 0 0 0 0 0 0 0 0 0 0 0 0 0 0 0 0 0 0 0 0 0 0 0 0 0 0 0 0 0 0 0 0 0 0
/Leg/DOFs2.externalForce = 0 0 0 0 0 0 0 0 0 0 0 0 0 0 0 0 0 0 0 0 0 0 0 0 0 0 0 0 0 0 0 0 0 0 0 0 0 0 0 0 0 0 0 0 0 0 0 0 0 0 0 0 0 0 0 0 0 0 0 0 0 0 0 0 0 0 0 0 0 0 0 0 0 0 0 0 0 0 0 0 0 0 0 0 0 0 0 0 0 0 0 0 0 0 0 0 0 0 0 0 0 0 0 0 0 0 0 0 0 0 0 0 0 0 0 0 0 0 0 0 0 0 0 0 0 0 0 0 0 0 0 0 0 0 0 0 0 0 0 0 0 0 0 0 0 0 0 0 0 0 0 0 0 0 0 0 0 0 0 0 0 0 0 0 0 0 0 0
/Leg/DOFs2.derivX = 0 0 0 0 0 0 0 0 0 0 0 0 0 0 0 0 0 0 0 0 0 0 0 0 0 0 0 0 0 0 0 0 0 0 0 0 0 0 0 0 0 0 0 0 0 0 0 0 0 0 0 0 0 0 0 0 0 0 0 0 0 0 0 0 0 0 0 0 0 0 0 0 0 0 0 0 0 0 0 0 0 0 0 0 0 0 0 0 0 0 0 0 0 0 0 0 0 0 0 0 0 0 0 0 0 0 0 0 0 0 0 0 0 0 0 0 0 0 0 0 0 0 0 0 0 0 0 0 0 0 0 0 0 0 0 0 0 0 0 0 0 0 0 0 0 0 0 0 0 0 0 0 0 0 0 0 0 0 0 0 0 0 0 0 0 0 0 0
/Leg/DOFs2.dforce(V_DERIV) = 0 0 0 0 0 0 0 0 0 0 0 0 0 0 0 0 0 0 0 0 0 0 0 0 0 0 0 0 0 0 0 0 0 0 0 0 0 0 0 0 0 0 0 0 0 0 0 0 0 0 0 0 0 0 0 0 0 0 0 0 0 0 0 0 0 0 0 0 0 0 0 0 0 0 0 0 0 0 0 0 0 0 0 0 0 0 0 0 0 0 0 0 0 0 0 0 0 0 0 0 0 0 0 0 0 0 0 0 0 0 0 0 0 0 0 0 0 0 0 0 0 0 0 0 0 0 0 0 0 0 0 0 0 0 0 0 0 0 0 0 0 0 0 0 0 0 0 0 0 0 0 0 0 0 0 0 0 0 0 0 0 0 0 0 0 0 0 0
/Leg/DOFs2.9(V_DERIV) = 0 0 0 0 0 0 0 0 0 0 0 0 0 0 0 0 0 0 0 0 0 0 0 0 0 0 0 0 0 0 0 0 0 0 0 0 0 0 0 0 0 0 0 0 0 0 0 0 0 0 0 0 0 0 0 0 0 0 0 0 0 0 0 0 0 0 0 0 0 0 0 0 0 0 0 0 0 0 0 0 0 0 0 0 0 0 0 0 0 0 0 0 0 0 0 0 0 0 0 0 0 0 0 0 0 0 0 0 0 0 0 0 0 0 0 0 0 0 0 0 0 0 0 0 0 0 0 0 0 0 0 0 0 0 0 0 0 0 0 0 0 0 0 0 0 0 0 0 0 0 0 0 0 0 0 0 0 0 0 0 0 0 0 0 0 0 0 0
/Leg/DOFs2.10(V_DERIV) = 0 0 0 0 0 0 0 0 0 0 0 0 0 0 0 0 0 0 0 0 0 0 0 0 0 0 0 0 0 0 0 0 0 0 0 0 0 0 0 0 0 0 0 0 0 0 0 0 0 0 0 0 0 0 0 0 0 0 0 0 0 0 0 0 0 0 0 0 0 0 0 0 0 0 0 0 0 0 0 0 0 0 0 0 0 0 0 0 0 0 0 0 0 0 0 0 0 0 0 0 0 0 0 0 0 0 0 0 0 0 0 0 0 0 0 0 0 0 0 0 0 0 0 0 0 0 0 0 0 0 0 0 0 0 0 0 0 0 0 0 0 0 0 0 0 0 0 0 0 0 0 0 0 0 0 0 0 0 0 0 0 0 0 0 0 0 0 0
/Leg/DOFs2.showColor = 1 1 1 1
/Hip_body/DOF_Mass_1.velocity = -0.00492011 0 0.0789391 0 0 0
/Hip_body/DOF_Mass_1.constraint = 0 1 0 1 0 0 0 0 0  
1 1 0 0 1 0 0 0 0  
2 1 0 0 0 1 0 0 0  

/Hip_body/DOF_Mass_1.free_velocity = -0.00759085 0 0.194172 0 0 0
/Hip_body/DOF_Mass_1.9(V_DERIV) = 0.00154903 0 -0.0668348 0 0 0
/Hip_body/DOF_Mass_1.10(V_DERIV) = 1.33537e-05 0 -0.000576162 0 0 0
/Hip_body/DOF_Mass_1.12(V_DERIV) = 3.79542e-06 0 -0.0491471 0 0 0
/Hip_body/DOF_Mass_1.showColor = 1 1 1 1
