
--- NEW SESSION: 08/08/2021 12:34:10 ---
/Hip/partialLinearMovementConstraint1.movements = 0 0 0 0 0 0 0 0 0 0 1 0 0 0 0 0 -1 0 0 0 0 0 1 0 0 0 0 0 -1 0
/Hip/partialLinearMovementConstraint1.movements = 0 0 0 0 0 0 0 0 0 0 1 0 0 0 0 0 -1 0 0 0 0 0 1 0 0 0 0 0 -1 0
/Hip/partialLinearMovementConstraint1.linearMovementBetweenNodesInIndices = 1
/Hip/partialLinearMovementConstraint1.movements = 0 0 0 0 0 0 0 0 0 0 1 0 0 0 0 0 -1 0 0 0 0 0 1 0 0 0 0 0 -1 0
/Hip/partialLinearMovementConstraint1.linearMovementBetweenNodesInIndices = 1
/Hip/partialLinearMovementConstraint1.movements = 0 0 0 0 0 0 0 0 0 0 1 0 0 0 0 0 -1 0 0 0 0 0 1 0 0 0 0 0 -1 0
/Hip/partialLinearMovementConstraint1.linearMovementBetweenNodesInIndices = 1
/Hip/partialLinearMovementConstraint1.movements = 0 0 0 0 0 0 0 0 0 0 1 0 0 0 0 0 -1 0 0 0 0 0 1 0 0 0 0 0 -1 0
/Hip/partialLinearMovementConstraint1.movements = 0 0 0 0 0 0 0 0 0 0 1 0 0 0 0 0 -1 0 0 0 0 0 1 0 0 0 0 0 -1 0
/Hip/partialLinearMovementConstraint1.movements = 0 0 0 0 0 0 0 0 0 0 1 0 0 0 0 0 -1 0 0 0 0 0 1 0 0 0 0 0 -1 0
/Hip/partialLinearMovementConstraint1.movements = 0 0 0 0 0 0 0 0 0 0 1 0 0 0 0 0 -1 0 0 0 0 0 1 0 0 0 0 0 -1 0
/Hip/partialLinearMovementConstraint1.movements = 0 0 0 0 0 0 0 0 0 0 1 0 0 0 0 0 -1 0 0 0 0 0 1 0 0 0 0 0 -1 0
/Hip/partialLinearMovementConstraint1.movements = 0 0 0 0 0 0 0 0 0 0 1 0 0 0 0 0 -1 0 0 0 0 0 1 0 0 0 0 0 -1 0
/Hip/partialLinearMovementConstraint1.movements = 0 0 0 0 0 0 0 0 0 0 1 0 0 0 0 0 -1 0 0 0 0 0 1 0 0 0 0 0 -1 0
/Hip/DOFs2.showColor = 1 1 1 1
/Hip/partialLinearMovementConstraint1.movements = 0 0 0 0 0 0 0 0 0 0 1 0 0 0 0 0 -1 0 0 0 0 0 1 0 0 0 0 0 -1 0
/Hip/partialLinearMovementConstraint1.movements = 0 0 0 0 0 0 0 0 0 0 1 0 0 0 0 0 -1 0 0 0 0 0 1 0 0 0 0 0 -1 0
/Hip/partialLinearMovementConstraint1.movements = 0 0 0 0 0 0 0 0 0 0 1 0 0 0 0 0 -1 0 0 0 0 0 1 0 0 0 0 0 -1 0
/Hip/partialLinearMovementConstraint1.printLog = 1
/Hip/partialLinearMovementConstraint1.movements = 0 0 0 0 0 0 0 0 0 0 1 0 0 0 0 0 -1 0 0 0 0 0 1 0 0 0 0 0 -1 0
/Hip/partialLinearMovementConstraint1.printLog = 1
/Hip/partialLinearMovementConstraint1.movements = 0 0 0 0 0 0 0 0 0 0 1 0 0 0 0 0 -1 0 0 0 0 0 1 0 0 0 0 0 -1 0
/Hip/partialLinearMovementConstraint1.printLog = 1
/Hip/partialLinearMovementConstraint1.movements = 0 0 0 0 0 0 0 0 0 0 1 0 0 0 0 0 -1 0 0 0 0 0 1 0 0 0 0 0 -1 0
/Hip/partialLinearMovementConstraint1.movements = 0 0 0 0 0 0 0 0 0 0 1 0 0 0 0 0 -1 0 0 0 0 0 1 0 0 0 0 0 -1 0
/Hip/partialLinearMovementConstraint1.movements = 0 0 0 0 0 0 0 0 0 0 1 0 0 0 0 0 -1 0 0 0 0 0 1 0 0 0 0 0 -1 0
/Hip/partialLinearMovementConstraint1.movements = 0 0 0 0 0 0 0 0 0 0 1 0 0 0 0 0 -1 0 0 0 0 0 1 0 0 0 0 0 -1 0
/Hip/partialLinearMovementConstraint1.movements = 0 0 0 0 0 0 0 0 0 0 1 0 0 0 0 0 -1 0 0 0 0 0 1 0 0 0 0 0 -1 0
/Hip/partialLinearMovementConstraint1.movements = 0 0 0 0 0 0 0 0 0 0 1 0 0 0 0 0 -1 0 0 0 0 0 1 0 0 0 0 0 -1 0
/Hip/partialLinearMovementConstraint1.movements = 0 0 0 0 0 0 0 0 0 0 1 0 0 0 0 0 -1 0 0 0 0 0 1 0 0 0 0 0 -1 0
/Hip/partialLinearMovementConstraint1.movements = 0 0 0 0 0 0 0 0 0 0 1 0 0 0 0 0 -1 0 0 0 0 0 1 0 0 0 0 0 -1 0
/Hip/partialLinearMovementConstraint1.movements = 0 0 0 0 0 0 0 0 0 0 1 0 0 0 0 0 -1 0 0 0 0 0 1 0 0 0 0 0 -1 0
/Hip/partialLinearMovementConstraint1.movements = 0 0 0 0 0 0 0 0 0 0 1 0 0 0 0 0 -1 0 0 0 0 0 1 0 0 0 0 0 -1 0
/Hip/partialLinearMovementConstraint1.movements = 0 0 0 0 0 0 0 0 0 0 1 0 0 0 0 0 -1 0 0 0 0 0 1 0 0 0 0 0 -1 0
/Hip/partialLinearMovementConstraint1.movements = 0 0 0 0 0 0 0 0 0 0 1 0 0 0 0 0 -1 0 0 0 0 0 1 0 0 0 0 0 -1 0
/Hip/partialLinearMovementConstraint1.movements = 0 0 0 0 0 0 0 0 0 0 1 0 0 0 0 0 -1 0 0 0 0 0 1 0 0 0 0 0 -1 0
/Hip/partialLinearMovementConstraint1.movements = 0 0 0 0 0 0 0 0 0 0 1 0 0 0 0 0 -1 0 0 0 0 0 1 0 0 0 0 0 -1 0
/Hip/partialLinearMovementConstraint1.movements = 0 0 0 0 0 0 0 0 0 0 1 0 0 0 0 0 -1 0 0 0 0 0 1 0 0 0 0 0 -1 0
/Hip/partialLinearMovementConstraint1.movements = 0 0 0 0 0 0 0 0 0 0 1 0 0 0 0 0 -1 0 0 0 0 0 1 0 0 0 0 0 -1 0
/Hip/partialLinearMovementConstraint1.movements = 0 0 0 0 0 0 0 0 0 0 1 0 0 0 0 0 -1 0 0 0 0 0 1 0 0 0 0 0 -1 0
/Hip/partialLinearMovementConstraint1.movements = 0 0 0 0 0 0 0 0 0 0 1 0 0 0 0 0 -1 0 0 0 0 0 1 0 0 0 0 0 -1 0
/Hip/partialLinearMovementConstraint1.movements = 0 0 0 0 0 0 0 0 0 0 1 0 0 0 0 0 -1 0 0 0 0 0 1 0 0 0 0 0 -1 0
/Hip/partialLinearMovementConstraint1.movements = 0 0 0 0 0 0 0 0 0 0 1 0 0 0 0 0 -1 0 0 0 0 0 1 0 0 0 0 0 -1 0
/Hip/partialLinearMovementConstraint1.movements = 0 0 0 0 0 0 0 0 0 0 1 0 0 0 0 0 -1 0 0 0 0 0 1 0 0 0 0 0 -1 0
/Hip/partialLinearMovementConstraint1.showMovement = 1
/Hip/partialLinearMovementConstraint1.endTime = 0.5
/Hip/partialLinearMovementConstraint1.minDepIndice = 0
/Hip/partialLinearMovementConstraint1.movements = 0 0 0 0 0 0 0 0 0 0 1 0 0 0 0 0 -1 0 0 0 0 0 1 0 0 0 0 0 -1 0
/Hip/partialLinearMovementConstraint1.endTime = 0.39
/Hip/partialLinearMovementConstraint1.movements = 0 0 0 0 0 0 0 0 0 0 1 0 0 0 0 0 -1 0 0 0 0 0 1 0 0 0 0 0 -1 0
/Hip/partialLinearMovementConstraint1.movements = 0 0 0 0 0 0 0 0 0 0 1 0 0 0 0 0 -1 0 0 0 0 0 1 0 0 0 0 0 -1 0
/Hip/partialLinearMovementConstraint1.movements = 0 0 0 0 0 0 0 0 0 0 1 0 0 0 0 0 -1 0 0 0 0 0 1 0 0 0 0 0 -1 0
/Hip/partialLinearMovementConstraint1.movements = 0 0 0 0 0 0 0 0 0 0 1 0 0 0 0 0 -1 0 0 0 0 0 1 0 0 0 0 0 -1 0
/Hip/partialLinearMovementConstraint1.movements = 0 0 0 0 0 0 0 0 0 0 1 0 0 0 0 0 -1 0 0 0 0 0 1 0 0 0 0 0 -1 0
/Hip/partialLinearMovementConstraint1.movements = 0 0 0 0 0 0 0 0 0 0 1 0 0 0 0 0 -1 0 0 0 0 0 1 0 0 0 0 0 -1 0
/Hip/partialLinearMovementConstraint1.movements = 0 0 0 0 0 0 0 0 0 0 1 0 0 0 0 0 -1 0 0 0 0 0 1 0 0 0 0 0 -1 0
/Hip/partialLinearMovementConstraint1.movements = 0 0 0 0 0 0 0 0 0 0 1 0 0 0 0 0 -1 0 0 0 0 0 1 0 0 0 0 0 -1 0
/Hip/partialLinearMovementConstraint1.movements = 0 0 0 0 0 0 0 0 0 0 1 0 0 0 0 0 -1 0 0 0 0 0 1 0 0 0 0 0 -1 0
/Hip/ConstraintPoint_rotation_1/points_beam.showColor = 1 1 1 1

--- NEW SESSION: 08/08/2021 13:30:46 ---
/Hip/partialLinearMovementConstraint1.movements = 0 0 0 0 0 0 0 0 0 0 1 0 0 0 0 0 -1 0 0 0 0 0 1 0 0 0 0 0 -1 0
/beam/partialLinearMovementConstraint1.movements = 0 0 0 0 0 0 0 0 0 0 1 0 0 0 0 0 -1 0 0 0 0 0 1 0 0 0 0 0 -1 0
/Hip/partialLinearMovementConstraint1.movements = 0 0 0 0 0 0 0 0 0 0 1 0 0 0 0 0 -1 0 0 0 0 0 1 0 0 0 0 0 -1 0
/Hip/partialLinearMovementConstraint1.movements = 0 0 0 0 0 0 0 0 0 0 1 0 0 0 0 0 -1 0 0 0 0 0 1 0 0 0 0 0 -1 0
/Hip/partialLinearMovementConstraint1.movements = 0 0 0 0 0 0 0 0 0 0 1 0 0 0 0 0 -1 0 0 0 0 0 1 0 0 0 0 0 -1 0

--- NEW SESSION: 08/08/2021 15:46:12 ---
/Hip/partialLinearMovementConstraint1.movements = 0 0 0 0 0 0 0 0 0 0 1 0 0 0 0 0 -1 0 0 0 0 0 1 0 0 0 0 0 -1 0
/Hip/DOFs2.force = 0 0 -1.8966 0 0 0 0 0 -1.8966 0 0 0 0 0 -1.8966 0 0 0
/Hip/DOFs2.velocity = -0.000339319 0 -0.0089245 0 0.832988 0 0 0 -89.5578 0 0 0 0 0 -89.5578 0 0 0
/Hip/DOFs2.free_velocity = -2.91464e-05 0 -0.0566752 0 0.838785 0 0 0 -89.5578 0 0 0 0 0 -89.5578 0 0 0
/Hip/DOFs2.constraint = 0 3 0 1 0 0 0 0 0  1 0 0 0 0 0 0  2 0 0 0 0 0 0  
1 3 0 0 0 0 0 0 0  1 0 0 0 0 0 0  2 0 0 0 0 0 0  
2 3 0 0 0 1 0 0 0  1 0 0 0 0 0 0  2 0 0 0 0 0 0  
3 3 0 -1 0 0 0 0.231247 0  1 0 0 0 0 0 0  2 0 0 0 0 0 0  
4 3 0 0 0 0 -0.231247 0 0.128394  1 0 0 0 0 0 0  2 0 0 0 0 0 0  
5 3 0 0 0 -1 0 -0.128394 0  1 0 0 0 0 0 0  2 0 0 0 0 0 0  

/Hip/DOFs2.9(V_DERIV) = -5.99667e-05 0 0.0092318 0 -0.00112076 0 0 0 0 0 0 0 0 0 0 0 0 0
/Hip/DOFs2.10(V_DERIV) = -1.55086e-06 0 0.000238754 0 -2.89853e-05 0 0 0 0 0 0 0 0 0 0 0 0 0
/Hip/DOFs2.showColor = 1 1 1 1
/Hip/DOFs2.12(V_DERIV) = 1.45732e-08 0 -0.0490217 0 -0.000419393 0 0 0 -0.00427109 0 0 0 0 0 -0.00427109 0 0 0
/Hip/DOFs2.velocity = 0 0 0 0 3.33333 0 0 0 -5.84996 0 0 0 0 0 -5.84996 0 0 0
/Hip/DOFs2.externalForce = 
/Hip/DOFs2.force = 0 0 -1.8966 0 0 0 0 0 -1.8966 0 0 0 0 0 -1.8966 0 0 0
/Hip/DOFs2.10(V_DERIV) = -0.00159038 0 -0.00415981 0 0.00340024 0 0 0 0 0 0 0 0 0 0 0 0 0
/Hip/DOFs2.free_velocity = 0 0 -0.0490255 0 3.33167 0 0 0 -5.84996 0 0 0 0 0 -5.84996 0 0 0
/Hip/DOFs2.constraint = 0 3 0 1 0 0 0 0 0  1 0 0 0 0 0 0  2 0 0 0 0 0 0  
1 3 0 0 0 0 0 0 0  1 0 0 0 0 0 0  2 0 0 0 0 0 0  
2 3 0 0 0 1 0 0 0  1 0 0 0 0 0 0  2 0 0 0 0 0 0  
3 3 0 -1 0 0 0 0.1466 0  1 0 0 0 0 0 0  2 0 0 0 0 0 0  
4 3 0 0 0 0 -0.1466 0 0.220157  1 0 0 0 0 0 0  2 0 0 0 0 0 0  
5 3 0 0 0 -1 0 -0.220157 0  1 0 0 0 0 0 0  2 0 0 0 0 0 0  

/Hip/DOFs2.9(V_DERIV) = -0.0614947 0 -0.160846 0 0.131476 0 0 0 0 0 0 0 0 0 0 0 0 0
/Hip/DOFs2.showColor = 1 1 1 1
/Hip/DOFs2.velocity = 0 0 0 0 3.33333 0 0 0 -5.84996 0 0 0 0 0 -5.84996 0 0 0
/Hip/DOFs2.externalForce = 
/Hip/DOFs2.force = 0 0 -1.8966 0 0 0 0 0 -1.8966 0 0 0 0 0 -1.8966 0 0 0
/Hip/DOFs2.10(V_DERIV) = -0.00159038 0 -0.00415981 0 0.00340024 0 0 0 0 0 0 0 0 0 0 0 0 0
/Hip/DOFs2.free_velocity = 0 0 -0.0490255 0 3.33167 0 0 0 -5.84996 0 0 0 0 0 -5.84996 0 0 0
/Hip/DOFs2.constraint = 0 3 0 1 0 0 0 0 0  1 0 0 0 0 0 0  2 0 0 0 0 0 0  
1 3 0 0 0 0 0 0 0  1 0 0 0 0 0 0  2 0 0 0 0 0 0  
2 3 0 0 0 1 0 0 0  1 0 0 0 0 0 0  2 0 0 0 0 0 0  
3 3 0 -1 0 0 0 0.1466 0  1 0 0 0 0 0 0  2 0 0 0 0 0 0  
4 3 0 0 0 0 -0.1466 0 0.220157  1 0 0 0 0 0 0  2 0 0 0 0 0 0  
5 3 0 0 0 -1 0 -0.220157 0  1 0 0 0 0 0 0  2 0 0 0 0 0 0  

/Hip/DOFs2.9(V_DERIV) = -0.0614947 0 -0.160846 0 0.131476 0 0 0 0 0 0 0 0 0 0 0 0 0
/Hip/DOFs2.showColor = 1 1 1 1
/Hip/DOFs2.velocity = 0 0 0 0 3.33333 0 0 0 -5.84996 0 0 0 0 0 -5.84996 0 0 0
/Hip/DOFs2.externalForce = 
/Hip/DOFs2.force = 0 0 -1.8966 0 0 0 0 0 -1.8966 0 0 0 0 0 -1.8966 0 0 0
/Hip/DOFs2.10(V_DERIV) = -0.00159038 0 -0.00415981 0 0.00340024 0 0 0 0 0 0 0 0 0 0 0 0 0
/Hip/DOFs2.free_velocity = 0 0 -0.0490255 0 3.33167 0 0 0 -5.84996 0 0 0 0 0 -5.84996 0 0 0
/Hip/DOFs2.constraint = 0 3 0 1 0 0 0 0 0  1 0 0 0 0 0 0  2 0 0 0 0 0 0  
1 3 0 0 0 0 0 0 0  1 0 0 0 0 0 0  2 0 0 0 0 0 0  
2 3 0 0 0 1 0 0 0  1 0 0 0 0 0 0  2 0 0 0 0 0 0  
3 3 0 -1 0 0 0 0.1466 0  1 0 0 0 0 0 0  2 0 0 0 0 0 0  
4 3 0 0 0 0 -0.1466 0 0.220157  1 0 0 0 0 0 0  2 0 0 0 0 0 0  
5 3 0 0 0 -1 0 -0.220157 0  1 0 0 0 0 0 0  2 0 0 0 0 0 0  

/Hip/DOFs2.9(V_DERIV) = -0.0614947 0 -0.160846 0 0.131476 0 0 0 0 0 0 0 0 0 0 0 0 0
/Hip/DOFs2.showColor = 1 1 1 1
/Hip/partialLinearMovementConstraint1.movements = 0 0 0 0 0 0 0 0 0 0 1 0 0 0 0 0 -1 0 0 0 0 0 1 0 0 0 0 0 -1 0
/Hip/partialLinearMovementConstraint1.movements = 0 0 0 0 0 0 0 0 0 0 1 0 0 0 0 0 -1 0 0 0 0 0 1 0 0 0 0 0 -1 0
/Hip/partialLinearMovementConstraint1.movements = 0 0 0 0 0 0 0 0 0 0 1 0 0 0 0 0 -1 0 0 0 0 0 1 0 0 0 0 0 -1 0
